<?xml version="1.0"?><Event xmlns="http://schemas.microsoft.com/win/2004/08/events/event"><System><Provider Name="Microsoft-Windows-Security-Auditing" Guid="{54849625-5478-4994-A5BA-3E3B0328C30D}"/><EventID>4688</EventID><Version>2</Version><Level>0</Level><Task>13312</Task><Opcode>0</Opcode><Keywords>0x8020000000000000</Keywords><TimeCreated SystemTime="2026-09-23T15:35:52.219256683Z"/><EventRecordID>81725861</EventRecordID><Correlation/><Execution ProcessID="4804" ThreadID="1242"/><Channel>Security</Channel><Computer>GW-E-3081</Computer><Security/></System><EventData><Data Name="SubjectUserSid">S-1-5-21-1957994488-2000478354-1284470638-1158</Data><Data Name="SubjectUserName">asimmons</Data><Data Name="SubjectDomainName">GRAVYWHALE</Data><Data Name="SubjectLogonId">0x1e13d2</Data><Data Name="NewProcessId">0xf8ba</Data><Data Name="NewProcessName">C:\Program Files\Docker\Docker\resources\bin\docker.exe</Data><Data Name="TokenElevationType">%%1936</Data><Data Name="ProcessId">0xdc7c</Data><Data Name="CommandLine">C:\Program Files\Docker\Docker\resources\bin\docker.exe</Data><Data Name="TargetUserSid">S-1-0-0</Data><Data Name="TargetUserName">-</Data><Data Name="TargetDomainName">-</Data><Data Name="TargetLogonId">0x0</Data><Data Name="ParentProcessName">C:\Windows\System32\explorer.exe</Data><Data Name="MandatoryLabel">S-1-16-8192</Data></EventData></Event>
<?xml version="1.0"?><Event xmlns="http://schemas.microsoft.com/win/2004/08/events/event"><System><Provider Name="Microsoft-Windows-Security-Auditing" Guid="{54849625-5478-4994-A5BA-3E3B0328C30D}"/><EventID>4688</EventID><Version>2</Version><Level>0</Level><Task>13312</Task><Opcode>0</Opcode><Keywords>0x8020000000000000</Keywords><TimeCreated SystemTime="2026-09-23T15:35:59.618849346Z"/><EventRecordID>78426187</EventRecordID><Correlation/><Execution ProcessID="2004" ThreadID="7380"/><Channel>Security</Channel><Computer>GW-F-4559</Computer><Security/></System><EventData><Data Name="SubjectUserSid">S-1-5-21-1957994488-2000478354-1284470638-2332</Data><Data Name="SubjectUserName">mwhite</Data><Data Name="SubjectDomainName">GRAVYWHALE</Data><Data Name="SubjectLogonId">0x327e4b</Data><Data Name="NewProcessId">0x4baa</Data><Data Name="NewProcessName">C:\Program Files\Google\Chrome\Application\chrome.exe</Data><Data Name="TokenElevationType">%%1936</Data><Data Name="ProcessId">0x3df7</Data><Data Name="CommandLine">C:\Program Files\Google\Chrome\Application\chrome.exe</Data><Data Name="TargetUserSid">S-1-0-0</Data><Data Name="TargetUserName">-</Data><Data Name="TargetDomainName">-</Data><Data Name="TargetLogonId">0x0</Data><Data Name="ParentProcessName">C:\Windows\System32\explorer.exe</Data><Data Name="MandatoryLabel">S-1-16-8192</Data></EventData></Event>
<?xml version="1.0"?><Event xmlns="http://schemas.microsoft.com/win/2004/08/events/event"><System><Provider Name="Microsoft-Windows-Security-Auditing" Guid="{54849625-5478-4994-A5BA-3E3B0328C30D}"/><EventID>4688</EventID><Version>2</Version><Level>0</Level><Task>13312</Task><Opcode>0</Opcode><Keywords>0x8020000000000000</Keywords><TimeCreated SystemTime="2026-09-23T15:36:30.623249187Z"/><EventRecordID>94560415</EventRecordID><Correlation/><Execution ProcessID="554" ThreadID="8105"/><Channel>Security</Channel><Computer>GW-E-3987</Computer><Security/></System><EventData><Data Name="SubjectUserSid">S-1-5-21-1957994488-2000478354-1284470638-3074</Data><Data Name="SubjectUserName">charrison</Data><Data Name="SubjectDomainName">GRAVYWHALE</Data><Data Name="SubjectLogonId">0x13f1bf</Data><Data Name="NewProcessId">0xe797</Data><Data Name="NewProcessName">C:\Users\charrison\AppData\Local\Microsoft\OneDrive\OneDrive.exe</Data><Data Name="TokenElevationType">%%1936</Data><Data Name="ProcessId">0xa0ab</Data><Data Name="CommandLine">C:\Users\charrison\AppData\Local\Microsoft\OneDrive\OneDrive.exe</Data><Data Name="TargetUserSid">S-1-0-0</Data><Data Name="TargetUserName">-</Data><Data Name="TargetDomainName">-</Data><Data Name="TargetLogonId">0x0</Data><Data Name="ParentProcessName">C:\Windows\System32\explorer.exe</Data><Data Name="MandatoryLabel">S-1-16-8192</Data></EventData></Event>
<?xml version="1.0"?><Event xmlns="http://schemas.microsoft.com/win/2004/08/events/event"><System><Provider Name="Microsoft-Windows-Security-Auditing" Guid="{54849625-5478-4994-A5BA-3E3B0328C30D}"/><EventID>4688</EventID><Version>2</Version><Level>0</Level><Task>13312</Task><Opcode>0</Opcode><Keywords>0x8020000000000000</Keywords><TimeCreated SystemTime="2026-09-23T15:36:41.717520292Z"/><EventRecordID>79298979</EventRecordID><Correlation/><Execution ProcessID="2523" ThreadID="5160"/><Channel>Security</Channel><Computer>GW-S-8313</Computer><Security/></System><EventData><Data Name="SubjectUserSid">S-1-5-21-1957994488-2000478354-1284470638-7216</Data><Data Name="SubjectUserName">amendez</Data><Data Name="SubjectDomainName">GRAVYWHALE</Data><Data Name="SubjectLogonId">0x2e99e0</Data><Data Name="NewProcessId">0x8a29</Data><Data Name="NewProcessName">C:\Program Files\Microsoft Office\root\Office16\OUTLOOK.EXE</Data><Data Name="TokenElevationType">%%1936</Data><Data Name="ProcessId">0x46b</Data><Data Name="CommandLine">C:\Program Files\Microsoft Office\root\Office16\OUTLOOK.EXE</Data><Data Name="TargetUserSid">S-1-0-0</Data><Data Name="TargetUserName">-</Data><Data Name="TargetDomainName">-</Data><Data Name="TargetLogonId">0x0</Data><Data Name="ParentProcessName">C:\Windows\System32\explorer.exe</Data><Data Name="MandatoryLabel">S-1-16-8192</Data></EventData></Event>
<?xml version="1.0"?><Event xmlns="http://schemas.microsoft.com/win/2004/08/events/event"><System><Provider Name="Microsoft-Windows-Security-Auditing" Guid="{54849625-5478-4994-A5BA-3E3B0328C30D}"/><EventID>4688</EventID><Version>2</Version><Level>0</Level><Task>13312</Task><Opcode>0</Opcode><Keywords>0x8020000000000000</Keywords><TimeCreated SystemTime="2026-09-23T15:36:41.744034330Z"/><EventRecordID>67711309</EventRecordID><Correlation/><Execution ProcessID="7840" ThreadID="7149"/><Channel>Security</Channel><Computer>GW-E-1417</Computer><Security/></System><EventData><Data Name="SubjectUserSid">S-1-5-21-1957994488-2000478354-1284470638-5689</Data><Data Name="SubjectUserName">psawyer</Data><Data Name="SubjectDomainName">GRAVYWHALE</Data><Data Name="SubjectLogonId">0x959f1f</Data><Data Name="NewProcessId">0x6914</Data><Data Name="NewProcessName">C:\Program Files\Git\cmd\git.exe</Data><Data Name="TokenElevationType">%%1936</Data><Data Name="ProcessId">0x7ca5</Data><Data Name="CommandLine">C:\Program Files\Git\cmd\git.exe</Data><Data Name="TargetUserSid">S-1-0-0</Data><Data Name="TargetUserName">-</Data><Data Name="TargetDomainName">-</Data><Data Name="TargetLogonId">0x0</Data><Data Name="ParentProcessName">C:\Windows\System32\explorer.exe</Data><Data Name="MandatoryLabel">S-1-16-8192</Data></EventData></Event>
<?xml version="1.0"?><Event xmlns="http://schemas.microsoft.com/win/2004/08/events/event"><System><Provider Name="Microsoft-Windows-Security-Auditing" Guid="{54849625-5478-4994-A5BA-3E3B0328C30D}"/><EventID>4688</EventID><Version>2</Version><Level>0</Level><Task>13312</Task><Opcode>0</Opcode><Keywords>0x8020000000000000</Keywords><TimeCreated SystemTime="2026-09-23T15:36:44.222381704Z"/><EventRecordID>89168446</EventRecordID><Correlation/><Execution ProcessID="8454" ThreadID="8343"/><Channel>Security</Channel><Computer>GW-E-4061</Computer><Security/></System><EventData><Data Name="SubjectUserSid">S-1-5-21-1957994488-2000478354-1284470638-1484</Data><Data Name="SubjectUserName">jgray</Data><Data Name="SubjectDomainName">GRAVYWHALE</Data><Data Name="SubjectLogonId">0x5844b1</Data><Data Name="NewProcessId">0x6bae</Data><Data Name="NewProcessName">C:\Program Files\Git\cmd\git.exe</Data><Data Name="TokenElevationType">%%1936</Data><Data Name="ProcessId">0xc024</Data><Data Name="CommandLine">C:\Program Files\Git\cmd\git.exe</Data><Data Name="TargetUserSid">S-1-0-0</Data><Data Name="TargetUserName">-</Data><Data Name="TargetDomainName">-</Data><Data Name="TargetLogonId">0x0</Data><Data Name="ParentProcessName">C:\Windows\System32\explorer.exe</Data><Data Name="MandatoryLabel">S-1-16-8192</Data></EventData></Event>
<?xml version="1.0"?><Event xmlns="http://schemas.microsoft.com/win/2004/08/events/event"><System><Provider Name="Microsoft-Windows-Security-Auditing" Guid="{54849625-5478-4994-A5BA-3E3B0328C30D}"/><EventID>4688</EventID><Version>2</Version><Level>0</Level><Task>13312</Task><Opcode>0</Opcode><Keywords>0x8020000000000000</Keywords><TimeCreated SystemTime="2026-09-23T15:37:25.533917067Z"/><EventRecordID>62108105</EventRecordID><Correlation/><Execution ProcessID="5164" ThreadID="3573"/><Channel>Security</Channel><Computer>GW-E-3081</Computer><Security/></System><EventData><Data Name="SubjectUserSid">S-1-5-21-1957994488-2000478354-1284470638-1158</Data><Data Name="SubjectUserName">asimmons</Data><Data Name="SubjectDomainName">GRAVYWHALE</Data><Data Name="SubjectLogonId">0x94aa21</Data><Data Name="NewProcessId">0xac8f</Data><Data Name="NewProcessName">C:\Program Files\Google\Chrome\Application\chrome.exe</Data><Data Name="TokenElevationType">%%1936</Data><Data Name="ProcessId">0x38bd</Data><Data Name="CommandLine">C:\Program Files\Google\Chrome\Application\chrome.exe</Data><Data Name="TargetUserSid">S-1-0-0</Data><Data Name="TargetUserName">-</Data><Data Name="TargetDomainName">-</Data><Data Name="TargetLogonId">0x0</Data><Data Name="ParentProcessName">C:\Windows\System32\explorer.exe</Data><Data Name="MandatoryLabel">S-1-16-8192</Data></EventData></Event>
<?xml version="1.0"?><Event xmlns="http://schemas.microsoft.com/win/2004/08/events/event"><System><Provider Name="Microsoft-Windows-Security-Auditing" Guid="{54849625-5478-4994-A5BA-3E3B0328C30D}"/><EventID>4688</EventID><Version>2</Version><Level>0</Level><Task>13312</Task><Opcode>0</Opcode><Keywords>0x8020000000000000</Keywords><TimeCreated SystemTime="2026-09-23T15:37:36.282816361Z"/><EventRecordID>71831414</EventRecordID><Correlation/><Execution ProcessID="2938" ThreadID="1938"/><Channel>Security</Channel><Computer>GW-M-3898</Computer><Security/></System><EventData><Data Name="SubjectUserSid">S-1-5-21-1957994488-2000478354-1284470638-2629</Data><Data Name="SubjectUserName">tgarcia</Data><Data Name="SubjectDomainName">GRAVYWHALE</Data><Data Name="SubjectLogonId">0xcc21ca</Data><Data Name="NewProcessId">0x53f7</Data><Data Name="NewProcessName">C:\Users\tgarcia\AppData\Local\Microsoft\OneDrive\OneDrive.exe</Data><Data Name="TokenElevationType">%%1936</Data><Data Name="ProcessId">0xaf2</Data><Data Name="CommandLine">C:\Users\tgarcia\AppData\Local\Microsoft\OneDrive\OneDrive.exe</Data><Data Name="TargetUserSid">S-1-0-0</Data><Data Name="TargetUserName">-</Data><Data Name="TargetDomainName">-</Data><Data Name="TargetLogonId">0x0</Data><Data Name="ParentProcessName">C:\Windows\System32\explorer.exe</Data><Data Name="MandatoryLabel">S-1-16-8192</Data></EventData></Event>
<?xml version="1.0"?><Event xmlns="http://schemas.microsoft.com/win/2004/08/events/event"><System><Provider Name="Microsoft-Windows-Security-Auditing" Guid="{54849625-5478-4994-A5BA-3E3B0328C30D}"/><EventID>4688</EventID><Version>2</Version><Level>0</Level><Task>13312</Task><Opcode>0</Opcode><Keywords>0x8020000000000000</Keywords><TimeCreated SystemTime="2026-09-23T15:37:42.595249493Z"/><EventRecordID>43484201</EventRecordID><Correlation/><Execution ProcessID="6184" ThreadID="3422"/><Channel>Security</Channel><Computer>GW-S-8313</Computer><Security/></System><EventData><Data Name="SubjectUserSid">S-1-5-21-1957994488-2000478354-1284470638-7216</Data><Data Name="SubjectUserName">amendez</Data><Data Name="SubjectDomainName">GRAVYWHALE</Data><Data Name="SubjectLogonId">0x7332ec</Data><Data Name="NewProcessId">0xfe2b</Data><Data Name="NewProcessName">C:\Program Files\Google\Chrome\Application\chrome.exe</Data><Data Name="TokenElevationType">%%1936</Data><Data Name="ProcessId">0xdf35</Data><Data Name="CommandLine">C:\Program Files\Google\Chrome\Application\chrome.exe</Data><Data Name="TargetUserSid">S-1-0-0</Data><Data Name="TargetUserName">-</Data><Data Name="TargetDomainName">-</Data><Data Name="TargetLogonId">0x0</Data><Data Name="ParentProcessName">C:\Windows\System32\explorer.exe</Data><Data Name="MandatoryLabel">S-1-16-8192</Data></EventData></Event>
<?xml version="1.0"?><Event xmlns="http://schemas.microsoft.com/win/2004/08/events/event"><System><Provider Name="Microsoft-Windows-Security-Auditing" Guid="{54849625-5478-4994-A5BA-3E3B0328C30D}"/><EventID>4688</EventID><Version>2</Version><Level>0</Level><Task>13312</Task><Opcode>0</Opcode><Keywords>0x8020000000000000</Keywords><TimeCreated SystemTime="2026-09-23T15:37:55.227123495Z"/><EventRecordID>54148036</EventRecordID><Correlation/><Execution ProcessID="4278" ThreadID="935"/><Channel>Security</Channel><Computer>GW-E-2221</Computer><Security/></System><EventData><Data Name="SubjectUserSid">S-1-5-21-1957994488-2000478354-1284470638-2552</Data><Data Name="SubjectUserName">ctrevino</Data><Data Name="SubjectDomainName">GRAVYWHALE</Data><Data Name="SubjectLogonId">0x7e9cf4</Data><Data Name="NewProcessId">0x165d</Data><Data Name="NewProcessName">C:\Users\ctrevino\AppData\Local\Microsoft\OneDrive\OneDrive.exe</Data><Data Name="TokenElevationType">%%1936</Data><Data Name="ProcessId">0xec55</Data><Data Name="CommandLine">C:\Users\ctrevino\AppData\Local\Microsoft\OneDrive\OneDrive.exe</Data><Data Name="TargetUserSid">S-1-0-0</Data><Data Name="TargetUserName">-</Data><Data Name="TargetDomainName">-</Data><Data Name="TargetLogonId">0x0</Data><Data Name="ParentProcessName">C:\Windows\System32\explorer.exe</Data><Data Name="MandatoryLabel">S-1-16-8192</Data></EventData></Event>
<?xml version="1.0"?><Event xmlns="http://schemas.microsoft.com/win/2004/08/events/event"><System><Provider Name="Microsoft-Windows-Security-Auditing" Guid="{54849625-5478-4994-A5BA-3E3B0328C30D}"/><EventID>4688</EventID><Version>2</Version><Level>0</Level><Task>13312</Task><Opcode>0</Opcode><Keywords>0x8020000000000000</Keywords><TimeCreated SystemTime="2026-09-23T15:37:56.767716469Z"/><EventRecordID>73730050</EventRecordID><Correlation/><Execution ProcessID="1603" ThreadID="2619"/><Channel>Security</Channel><Computer>GW-S-8420</Computer><Security/></System><EventData><Data Name="SubjectUserSid">S-1-5-21-1957994488-2000478354-1284470638-8580</Data><Data Name="SubjectUserName">hgrant</Data><Data Name="SubjectDomainName">GRAVYWHALE</Data><Data Name="SubjectLogonId">0xad9869</Data><Data Name="NewProcessId">0x1a5b</Data><Data Name="NewProcessName">C:\Program Files\Microsoft Office\root\Office16\OUTLOOK.EXE</Data><Data Name="TokenElevationType">%%1936</Data><Data Name="ProcessId">0x2379</Data><Data Name="CommandLine">C:\Program Files\Microsoft Office\root\Office16\OUTLOOK.EXE</Data><Data Name="TargetUserSid">S-1-0-0</Data><Data Name="TargetUserName">-</Data><Data Name="TargetDomainName">-</Data><Data Name="TargetLogonId">0x0</Data><Data Name="ParentProcessName">C:\Windows\System32\explorer.exe</Data><Data Name="MandatoryLabel">S-1-16-8192</Data></EventData></Event>
<?xml version="1.0"?><Event xmlns="http://schemas.microsoft.com/win/2004/08/events/event"><System><Provider Name="Microsoft-Windows-Security-Auditing" Guid="{54849625-5478-4994-A5BA-3E3B0328C30D}"/><EventID>4688</EventID><Version>2</Version><Level>0</Level><Task>13312</Task><Opcode>0</Opcode><Keywords>0x8020000000000000</Keywords><TimeCreated SystemTime="2026-09-23T15:38:10.757162273Z"/><EventRecordID>73244549</EventRecordID><Correlation/><Execution ProcessID="8713" ThreadID="2167"/><Channel>Security</Channel><Computer>GW-F-1640</Computer><Security/></System><EventData><Data Name="SubjectUserSid">S-1-5-21-1957994488-2000478354-1284470638-6806</Data><Data Name="SubjectUserName">rmorris</Data><Data Name="SubjectDomainName">GRAVYWHALE</Data><Data Name="SubjectLogonId">0x3d1402</Data><Data Name="NewProcessId">0xfcfd</Data><Data Name="NewProcessName">C:\Program Files\Google\Chrome\Application\chrome.exe</Data><Data Name="TokenElevationType">%%1936</Data><Data Name="ProcessId">0x9170</Data><Data Name="CommandLine">C:\Program Files\Google\Chrome\Application\chrome.exe</Data><Data Name="TargetUserSid">S-1-0-0</Data><Data Name="TargetUserName">-</Data><Data Name="TargetDomainName">-</Data><Data Name="TargetLogonId">0x0</Data><Data Name="ParentProcessName">C:\Windows\System32\explorer.exe</Data><Data Name="MandatoryLabel">S-1-16-8192</Data></EventData></Event>
<?xml version="1.0"?><Event xmlns="http://schemas.microsoft.com/win/2004/08/events/event"><System><Provider Name="Microsoft-Windows-Security-Auditing" Guid="{54849625-5478-4994-A5BA-3E3B0328C30D}"/><EventID>4688</EventID><Version>2</Version><Level>0</Level><Task>13312</Task><Opcode>0</Opcode><Keywords>0x8020000000000000</Keywords><TimeCreated SystemTime="2026-09-23T15:38:24.937598181Z"/><EventRecordID>16393869</EventRecordID><Correlation/><Execution ProcessID="2573" ThreadID="8034"/><Channel>Security</Channel><Computer>GW-E-5507</Computer><Security/></System><EventData><Data Name="SubjectUserSid">S-1-5-21-1957994488-2000478354-1284470638-4038</Data><Data Name="SubjectUserName">mthomas</Data><Data Name="SubjectDomainName">GRAVYWHALE</Data><Data Name="SubjectLogonId">0xbeb7a6</Data><Data Name="NewProcessId">0x2010</Data><Data Name="NewProcessName">C:\Users\mthomas\AppData\Local\Microsoft\OneDrive\OneDrive.exe</Data><Data Name="TokenElevationType">%%1936</Data><Data Name="ProcessId">0x9687</Data><Data Name="CommandLine">C:\Users\mthomas\AppData\Local\Microsoft\OneDrive\OneDrive.exe</Data><Data Name="TargetUserSid">S-1-0-0</Data><Data Name="TargetUserName">-</Data><Data Name="TargetDomainName">-</Data><Data Name="TargetLogonId">0x0</Data><Data Name="ParentProcessName">C:\Windows\System32\explorer.exe</Data><Data Name="MandatoryLabel">S-1-16-8192</Data></EventData></Event>
<?xml version="1.0"?><Event xmlns="http://schemas.microsoft.com/win/2004/08/events/event"><System><Provider Name="Microsoft-Windows-Security-Auditing" Guid="{54849625-5478-4994-A5BA-3E3B0328C30D}"/><EventID>4688</EventID><Version>2</Version><Level>0</Level><Task>13312</Task><Opcode>0</Opcode><Keywords>0x8020000000000000</Keywords><TimeCreated SystemTime="2026-09-23T15:39:31.326832213Z"/><EventRecordID>31869528</EventRecordID><Correlation/><Execution ProcessID="6765" ThreadID="6992"/><Channel>Security</Channel><Computer>GW-IT-5143</Computer><Security/></System><EventData><Data Name="SubjectUserSid">S-1-5-21-1957994488-2000478354-1284470638-1378</Data><Data Name="SubjectUserName">jsolis</Data><Data Name="SubjectDomainName">GRAVYWHALE</Data><Data Name="SubjectLogonId">0x17d50b</Data><Data Name="NewProcessId">0x640</Data><Data Name="NewProcessName">C:\Users\jsolis\AppData\Local\Microsoft\OneDrive\OneDrive.exe</Data><Data Name="TokenElevationType">%%1936</Data><Data Name="ProcessId">0xdb33</Data><Data Name="CommandLine">C:\Users\jsolis\AppData\Local\Microsoft\OneDrive\OneDrive.exe</Data><Data Name="TargetUserSid">S-1-0-0</Data><Data Name="TargetUserName">-</Data><Data Name="TargetDomainName">-</Data><Data Name="TargetLogonId">0x0</Data><Data Name="ParentProcessName">C:\Windows\System32\explorer.exe</Data><Data Name="MandatoryLabel">S-1-16-8192</Data></EventData></Event>
<?xml version="1.0"?><Event xmlns="http://schemas.microsoft.com/win/2004/08/events/event"><System><Provider Name="Microsoft-Windows-Security-Auditing" Guid="{54849625-5478-4994-A5BA-3E3B0328C30D}"/><EventID>4688</EventID><Version>2</Version><Level>0</Level><Task>13312</Task><Opcode>0</Opcode><Keywords>0x8020000000000000</Keywords><TimeCreated SystemTime="2026-09-23T15:39:35.144067772Z"/><EventRecordID>77684736</EventRecordID><Correlation/><Execution ProcessID="4709" ThreadID="2836"/><Channel>Security</Channel><Computer>GW-HR-5185</Computer><Security/></System><EventData><Data Name="SubjectUserSid">S-1-5-21-1957994488-2000478354-1284470638-4451</Data><Data Name="SubjectUserName">awalker</Data><Data Name="SubjectDomainName">GRAVYWHALE</Data><Data Name="SubjectLogonId">0x6d133</Data><Data Name="NewProcessId">0x398e</Data><Data Name="NewProcessName">C:\Users\awalker\AppData\Local\Microsoft\OneDrive\OneDrive.exe</Data><Data Name="TokenElevationType">%%1936</Data><Data Name="ProcessId">0x4a6a</Data><Data Name="CommandLine">C:\Users\awalker\AppData\Local\Microsoft\OneDrive\OneDrive.exe</Data><Data Name="TargetUserSid">S-1-0-0</Data><Data Name="TargetUserName">-</Data><Data Name="TargetDomainName">-</Data><Data Name="TargetLogonId">0x0</Data><Data Name="ParentProcessName">C:\Windows\System32\explorer.exe</Data><Data Name="MandatoryLabel">S-1-16-8192</Data></EventData></Event>
<?xml version="1.0"?><Event xmlns="http://schemas.microsoft.com/win/2004/08/events/event"><System><Provider Name="Microsoft-Windows-Security-Auditing" Guid="{54849625-5478-4994-A5BA-3E3B0328C30D}"/><EventID>4688</EventID><Version>2</Version><Level>0</Level><Task>13312</Task><Opcode>0</Opcode><Keywords>0x8020000000000000</Keywords><TimeCreated SystemTime="2026-09-23T15:39:51.572894928Z"/><EventRecordID>51770791</EventRecordID><Correlation/><Execution ProcessID="807" ThreadID="2394"/><Channel>Security</Channel><Computer>GW-S-2302</Computer><Security/></System><EventData><Data Name="SubjectUserSid">S-1-5-21-1957994488-2000478354-1284470638-6520</Data><Data Name="SubjectUserName">kmiller</Data><Data Name="SubjectDomainName">GRAVYWHALE</Data><Data Name="SubjectLogonId">0xd131cd</Data><Data Name="NewProcessId">0x98f8</Data><Data Name="NewProcessName">C:\Program Files\Microsoft Office\root\Office16\OUTLOOK.EXE</Data><Data Name="TokenElevationType">%%1936</Data><Data Name="ProcessId">0x9a03</Data><Data Name="CommandLine">C:\Program Files\Microsoft Office\root\Office16\OUTLOOK.EXE</Data><Data Name="TargetUserSid">S-1-0-0</Data><Data Name="TargetUserName">-</Data><Data Name="TargetDomainName">-</Data><Data Name="TargetLogonId">0x0</Data><Data Name="ParentProcessName">C:\Windows\System32\explorer.exe</Data><Data Name="MandatoryLabel">S-1-16-8192</Data></EventData></Event>
<?xml version="1.0"?><Event xmlns="http://schemas.microsoft.com/win/2004/08/events/event"><System><Provider Name="Microsoft-Windows-Security-Auditing" Guid="{54849625-5478-4994-A5BA-3E3B0328C30D}"/><EventID>4688</EventID><Version>2</Version><Level>0</Level><Task>13312</Task><Opcode>0</Opcode><Keywords>0x8020000000000000</Keywords><TimeCreated SystemTime="2026-09-23T15:39:51.975742776Z"/><EventRecordID>52572436</EventRecordID><Correlation/><Execution ProcessID="877" ThreadID="5285"/><Channel>Security</Channel><Computer>GW-E-2221</Computer><Security/></System><EventData><Data Name="SubjectUserSid">S-1-5-21-1957994488-2000478354-1284470638-2552</Data><Data Name="SubjectUserName">ctrevino</Data><Data Name="SubjectDomainName">GRAVYWHALE</Data><Data Name="SubjectLogonId">0xb733a1</Data><Data Name="NewProcessId">0xfc39</Data><Data Name="NewProcessName">C:\Program Files\Docker\Docker\resources\bin\docker.exe</Data><Data Name="TokenElevationType">%%1936</Data><Data Name="ProcessId">0x2900</Data><Data Name="CommandLine">C:\Program Files\Docker\Docker\resources\bin\docker.exe</Data><Data Name="TargetUserSid">S-1-0-0</Data><Data Name="TargetUserName">-</Data><Data Name="TargetDomainName">-</Data><Data Name="TargetLogonId">0x0</Data><Data Name="ParentProcessName">C:\Windows\System32\explorer.exe</Data><Data Name="MandatoryLabel">S-1-16-8192</Data></EventData></Event>
<?xml version="1.0"?><Event xmlns="http://schemas.microsoft.com/win/2004/08/events/event"><System><Provider Name="Microsoft-Windows-Security-Auditing" Guid="{54849625-5478-4994-A5BA-3E3B0328C30D}"/><EventID>4688</EventID><Version>2</Version><Level>0</Level><Task>13312</Task><Opcode>0</Opcode><Keywords>0x8020000000000000</Keywords><TimeCreated SystemTime="2026-09-23T15:40:16.677943370Z"/><EventRecordID>75630627</EventRecordID><Correlation/><Execution ProcessID="6960" ThreadID="8897"/><Channel>Security</Channel><Computer>GW-E-5507</Computer><Security/></System><EventData><Data Name="SubjectUserSid">S-1-5-21-1957994488-2000478354-1284470638-4038</Data><Data Name="SubjectUserName">mthomas</Data><Data Name="SubjectDomainName">GRAVYWHALE</Data><Data Name="SubjectLogonId">0x79092b</Data><Data Name="NewProcessId">0xb625</Data><Data Name="NewProcessName">C:\Users\mthomas\AppData\Local\Programs\Microsoft VS Code\Code.exe</Data><Data Name="TokenElevationType">%%1936</Data><Data Name="ProcessId">0x3dbc</Data><Data Name="CommandLine">C:\Users\mthomas\AppData\Local\Programs\Microsoft VS Code\Code.exe</Data><Data Name="TargetUserSid">S-1-0-0</Data><Data Name="TargetUserName">-</Data><Data Name="TargetDomainName">-</Data><Data Name="TargetLogonId">0x0</Data><Data Name="ParentProcessName">C:\Windows\System32\explorer.exe</Data><Data Name="MandatoryLabel">S-1-16-8192</Data></EventData></Event>
<?xml version="1.0"?><Event xmlns="http://schemas.microsoft.com/win/2004/08/events/event"><System><Provider Name="Microsoft-Windows-Security-Auditing" Guid="{54849625-5478-4994-A5BA-3E3B0328C30D}"/><EventID>4688</EventID><Version>2</Version><Level>0</Level><Task>13312</Task><Opcode>0</Opcode><Keywords>0x8020000000000000</Keywords><TimeCreated SystemTime="2026-09-23T15:40:21.714896464Z"/><EventRecordID>34276111</EventRecordID><Correlation/><Execution ProcessID="3756" ThreadID="8770"/><Channel>Security</Channel><Computer>GW-E-4061</Computer><Security/></System><EventData><Data Name="SubjectUserSid">S-1-5-21-1957994488-2000478354-1284470638-1484</Data><Data Name="SubjectUserName">jgray</Data><Data Name="SubjectDomainName">GRAVYWHALE</Data><Data Name="SubjectLogonId">0x1a16d6</Data><Data Name="NewProcessId">0xe38f</Data><Data Name="NewProcessName">C:\Users\jgray\AppData\Local\Microsoft\OneDrive\OneDrive.exe</Data><Data Name="TokenElevationType">%%1936</Data><Data Name="ProcessId">0x7db3</Data><Data Name="CommandLine">C:\Users\jgray\AppData\Local\Microsoft\OneDrive\OneDrive.exe</Data><Data Name="TargetUserSid">S-1-0-0</Data><Data Name="TargetUserName">-</Data><Data Name="TargetDomainName">-</Data><Data Name="TargetLogonId">0x0</Data><Data Name="ParentProcessName">C:\Windows\System32\explorer.exe</Data><Data Name="MandatoryLabel">S-1-16-8192</Data></EventData></Event>
<?xml version="1.0"?><Event xmlns="http://schemas.microsoft.com/win/2004/08/events/event"><System><Provider Name="Microsoft-Windows-Security-Auditing" Guid="{54849625-5478-4994-A5BA-3E3B0328C30D}"/><EventID>4688</EventID><Version>2</Version><Level>0</Level><Task>13312</Task><Opcode>0</Opcode><Keywords>0x8020000000000000</Keywords><TimeCreated SystemTime="2026-09-23T15:40:43.659349018Z"/><EventRecordID>99115417</EventRecordID><Correlation/><Execution ProcessID="8093" ThreadID="6515"/><Channel>Security</Channel><Computer>GW-O-2123</Computer><Security/></System><EventData><Data Name="SubjectUserSid">S-1-5-21-1957994488-2000478354-1284470638-6635</Data><Data Name="SubjectUserName">jsaunders</Data><Data Name="SubjectDomainName">GRAVYWHALE</Data><Data Name="SubjectLogonId">0xb16257</Data><Data Name="NewProcessId">0x6c4b</Data><Data Name="NewProcessName">C:\Program Files\Microsoft Office\root\Office16\OUTLOOK.EXE</Data><Data Name="TokenElevationType">%%1936</Data><Data Name="ProcessId">0xa178</Data><Data Name="CommandLine">C:\Program Files\Microsoft Office\root\Office16\OUTLOOK.EXE</Data><Data Name="TargetUserSid">S-1-0-0</Data><Data Name="TargetUserName">-</Data><Data Name="TargetDomainName">-</Data><Data Name="TargetLogonId">0x0</Data><Data Name="ParentProcessName">C:\Windows\System32\explorer.exe</Data><Data Name="MandatoryLabel">S-1-16-8192</Data></EventData></Event>
<?xml version="1.0"?><Event xmlns="http://schemas.microsoft.com/win/2004/08/events/event"><System><Provider Name="Microsoft-Windows-Security-Auditing" Guid="{54849625-5478-4994-A5BA-3E3B0328C30D}"/><EventID>4688</EventID><Version>2</Version><Level>0</Level><Task>13312</Task><Opcode>0</Opcode><Keywords>0x8020000000000000</Keywords><TimeCreated SystemTime="2026-09-23T15:41:05.480545309Z"/><EventRecordID>71111584</EventRecordID><Correlation/><Execution ProcessID="5856" ThreadID="3788"/><Channel>Security</Channel><Computer>GW-S-8188</Computer><Security/></System><EventData><Data Name="SubjectUserSid">S-1-5-21-1957994488-2000478354-1284470638-1380</Data><Data Name="SubjectUserName">crodriguez</Data><Data Name="SubjectDomainName">GRAVYWHALE</Data><Data Name="SubjectLogonId">0x98adbd</Data><Data Name="NewProcessId">0x4f65</Data><Data Name="NewProcessName">C:\Users\crodriguez\AppData\Local\Microsoft\OneDrive\OneDrive.exe</Data><Data Name="TokenElevationType">%%1936</Data><Data Name="ProcessId">0xf27e</Data><Data Name="CommandLine">C:\Users\crodriguez\AppData\Local\Microsoft\OneDrive\OneDrive.exe</Data><Data Name="TargetUserSid">S-1-0-0</Data><Data Name="TargetUserName">-</Data><Data Name="TargetDomainName">-</Data><Data Name="TargetLogonId">0x0</Data><Data Name="ParentProcessName">C:\Windows\System32\explorer.exe</Data><Data Name="MandatoryLabel">S-1-16-8192</Data></EventData></Event>
<?xml version="1.0"?><Event xmlns="http://schemas.microsoft.com/win/2004/08/events/event"><System><Provider Name="Microsoft-Windows-Security-Auditing" Guid="{54849625-5478-4994-A5BA-3E3B0328C30D}"/><EventID>4688</EventID><Version>2</Version><Level>0</Level><Task>13312</Task><Opcode>0</Opcode><Keywords>0x8020000000000000</Keywords><TimeCreated SystemTime="2026-09-23T15:41:28.356987849Z"/><EventRecordID>98483604</EventRecordID><Correlation/><Execution ProcessID="4735" ThreadID="859"/><Channel>Security</Channel><Computer>GW-E-6123</Computer><Security/></System><EventData><Data Name="SubjectUserSid">S-1-5-21-1957994488-2000478354-1284470638-3417</Data><Data Name="SubjectUserName">cdawson</Data><Data Name="SubjectDomainName">GRAVYWHALE</Data><Data Name="SubjectLogonId">0xf96613</Data><Data Name="NewProcessId">0xd955</Data><Data Name="NewProcessName">C:\Program Files\Microsoft Office\root\Office16\OUTLOOK.EXE</Data><Data Name="TokenElevationType">%%1936</Data><Data Name="ProcessId">0x1214</Data><Data Name="CommandLine">C:\Program Files\Microsoft Office\root\Office16\OUTLOOK.EXE</Data><Data Name="TargetUserSid">S-1-0-0</Data><Data Name="TargetUserName">-</Data><Data Name="TargetDomainName">-</Data><Data Name="TargetLogonId">0x0</Data><Data Name="ParentProcessName">C:\Windows\System32\explorer.exe</Data><Data Name="MandatoryLabel">S-1-16-8192</Data></EventData></Event>
<?xml version="1.0"?><Event xmlns="http://schemas.microsoft.com/win/2004/08/events/event"><System><Provider Name="Microsoft-Windows-Security-Auditing" Guid="{54849625-5478-4994-A5BA-3E3B0328C30D}"/><EventID>4688</EventID><Version>2</Version><Level>0</Level><Task>13312</Task><Opcode>0</Opcode><Keywords>0x8020000000000000</Keywords><TimeCreated SystemTime="2026-09-23T15:41:36.193105206Z"/><EventRecordID>35488922</EventRecordID><Correlation/><Execution ProcessID="1107" ThreadID="7943"/><Channel>Security</Channel><Computer>GW-S-4887</Computer><Security/></System><EventData><Data Name="SubjectUserSid">S-1-5-21-1957994488-2000478354-1284470638-7740</Data><Data Name="SubjectUserName">rwilliams</Data><Data Name="SubjectDomainName">GRAVYWHALE</Data><Data Name="SubjectLogonId">0xfae1c6</Data><Data Name="NewProcessId">0xf70a</Data><Data Name="NewProcessName">C:\Windows\System32\WindowsPowerShell\v1.0\powershell.exe</Data><Data Name="TokenElevationType">%%1936</Data><Data Name="ProcessId">0x26b1</Data><Data Name="CommandLine">C:\Windows\System32\WindowsPowerShell\v1.0\powershell.exe</Data><Data Name="TargetUserSid">S-1-0-0</Data><Data Name="TargetUserName">-</Data><Data Name="TargetDomainName">-</Data><Data Name="TargetLogonId">0x0</Data><Data Name="ParentProcessName">C:\Windows\System32\explorer.exe</Data><Data Name="MandatoryLabel">S-1-16-8192</Data></EventData></Event>
<?xml version="1.0"?><Event xmlns="http://schemas.microsoft.com/win/2004/08/events/event"><System><Provider Name="Microsoft-Windows-Security-Auditing" Guid="{54849625-5478-4994-A5BA-3E3B0328C30D}"/><EventID>4688</EventID><Version>2</Version><Level>0</Level><Task>13312</Task><Opcode>0</Opcode><Keywords>0x8020000000000000</Keywords><TimeCreated SystemTime="2026-09-23T15:41:48.743400660Z"/><EventRecordID>51596896</EventRecordID><Correlation/><Execution ProcessID="4133" ThreadID="6932"/><Channel>Security</Channel><Computer>GW-HR-3033</Computer><Security/></System><EventData><Data Name="SubjectUserSid">S-1-5-21-1957994488-2000478354-1284470638-5522</Data><Data Name="SubjectUserName">csmith</Data><Data Name="SubjectDomainName">GRAVYWHALE</Data><Data Name="SubjectLogonId">0x17ddab</Data><Data Name="NewProcessId">0xb541</Data><Data Name="NewProcessName">C:\Program Files\Google\Chrome\Application\chrome.exe</Data><Data Name="TokenElevationType">%%1936</Data><Data Name="ProcessId">0x3eff</Data><Data Name="CommandLine">C:\Program Files\Google\Chrome\Application\chrome.exe</Data><Data Name="TargetUserSid">S-1-0-0</Data><Data Name="TargetUserName">-</Data><Data Name="TargetDomainName">-</Data><Data Name="TargetLogonId">0x0</Data><Data Name="ParentProcessName">C:\Windows\System32\explorer.exe</Data><Data Name="MandatoryLabel">S-1-16-8192</Data></EventData></Event>
<?xml version="1.0"?><Event xmlns="http://schemas.microsoft.com/win/2004/08/events/event"><System><Provider Name="Microsoft-Windows-Security-Auditing" Guid="{54849625-5478-4994-A5BA-3E3B0328C30D}"/><EventID>4688</EventID><Version>2</Version><Level>0</Level><Task>13312</Task><Opcode>0</Opcode><Keywords>0x8020000000000000</Keywords><TimeCreated SystemTime="2026-09-23T15:41:52.785782596Z"/><EventRecordID>51363423</EventRecordID><Correlation/><Execution ProcessID="4547" ThreadID="7881"/><Channel>Security</Channel><Computer>GW-O-5165</Computer><Security/></System><EventData><Data Name="SubjectUserSid">S-1-5-21-1957994488-2000478354-1284470638-1502</Data><Data Name="SubjectUserName">jjones2</Data><Data Name="SubjectDomainName">GRAVYWHALE</Data><Data Name="SubjectLogonId">0x1e3216</Data><Data Name="NewProcessId">0x179f</Data><Data Name="NewProcessName">C:\Users\jjones2\AppData\Local\Microsoft\OneDrive\OneDrive.exe</Data><Data Name="TokenElevationType">%%1936</Data><Data Name="ProcessId">0xfad7</Data><Data Name="CommandLine">C:\Users\jjones2\AppData\Local\Microsoft\OneDrive\OneDrive.exe</Data><Data Name="TargetUserSid">S-1-0-0</Data><Data Name="TargetUserName">-</Data><Data Name="TargetDomainName">-</Data><Data Name="TargetLogonId">0x0</Data><Data Name="ParentProcessName">C:\Windows\System32\explorer.exe</Data><Data Name="MandatoryLabel">S-1-16-8192</Data></EventData></Event>
<?xml version="1.0"?><Event xmlns="http://schemas.microsoft.com/win/2004/08/events/event"><System><Provider Name="Microsoft-Windows-Security-Auditing" Guid="{54849625-5478-4994-A5BA-3E3B0328C30D}"/><EventID>4624</EventID><Version>2</Version><Level>0</Level><Task>12544</Task><Opcode>0</Opcode><Keywords>0x8020000000000000</Keywords><TimeCreated SystemTime="2026-09-23T15:42:17.104722698Z"/><EventRecordID>92299146</EventRecordID><Correlation/><Execution ProcessID="3592" ThreadID="5711"/><Channel>Security</Channel><Computer>GW-M-3178</Computer><Security/></System><EventData><Data Name="SubjectUserSid">S-1-5-18</Data><Data Name="SubjectUserName">GW-M-3178$</Data><Data Name="SubjectDomainName">GRAVYWHALE</Data><Data Name="SubjectLogonId">0x3e7</Data><Data Name="TargetUserSid">S-1-5-21-1957994488-2000478354-1284470638-7136</Data><Data Name="TargetUserName">mbrown</Data><Data Name="TargetDomainName">GRAVYWHALE</Data><Data Name="TargetLogonId">0x8ffab8</Data><Data Name="LogonType">2</Data><Data Name="LogonProcessName">User32</Data><Data Name="AuthenticationPackageName">Negotiate</Data><Data Name="WorkstationName">GW-M-3178</Data><Data Name="LogonGuid">{7B705B69-B4C8-4C4D-6E83-AD2090E6A652}</Data><Data Name="TransmittedServices">-</Data><Data Name="LmPackageName">-</Data><Data Name="KeyLength">0</Data><Data Name="ProcessId">0x4fcc</Data><Data Name="ProcessName">C:\Windows\System32\svchost.exe</Data><Data Name="IpAddress">10.10.30.229</Data><Data Name="IpPort">0</Data><Data Name="ImpersonationLevel">%%1833</Data><Data Name="RestrictedAdminMode">-</Data><Data Name="TargetOutboundUserName">-</Data><Data Name="TargetOutboundDomainName">-</Data><Data Name="VirtualAccount">%%1843</Data><Data Name="TargetLinkedLogonId">0x0</Data><Data Name="ElevatedToken">%%1842</Data></EventData></Event>
<?xml version="1.0"?><Event xmlns="http://schemas.microsoft.com/win/2004/08/events/event"><System><Provider Name="Microsoft-Windows-Security-Auditing" Guid="{54849625-5478-4994-A5BA-3E3B0328C30D}"/><EventID>4688</EventID><Version>2</Version><Level>0</Level><Task>13312</Task><Opcode>0</Opcode><Keywords>0x8020000000000000</Keywords><TimeCreated SystemTime="2026-09-23T15:42:42.244721070Z"/><EventRecordID>60397533</EventRecordID><Correlation/><Execution ProcessID="2456" ThreadID="8136"/><Channel>Security</Channel><Computer>GW-E-4061</Computer><Security/></System><EventData><Data Name="SubjectUserSid">S-1-5-21-1957994488-2000478354-1284470638-1484</Data><Data Name="SubjectUserName">jgray</Data><Data Name="SubjectDomainName">GRAVYWHALE</Data><Data Name="SubjectLogonId">0x1ee6cc</Data><Data Name="NewProcessId">0xce42</Data><Data Name="NewProcessName">C:\Users\jgray\AppData\Local\Microsoft\OneDrive\OneDrive.exe</Data><Data Name="TokenElevationType">%%1936</Data><Data Name="ProcessId">0x2c9f</Data><Data Name="CommandLine">C:\Users\jgray\AppData\Local\Microsoft\OneDrive\OneDrive.exe</Data><Data Name="TargetUserSid">S-1-0-0</Data><Data Name="TargetUserName">-</Data><Data Name="TargetDomainName">-</Data><Data Name="TargetLogonId">0x0</Data><Data Name="ParentProcessName">C:\Windows\System32\explorer.exe</Data><Data Name="MandatoryLabel">S-1-16-8192</Data></EventData></Event>
<?xml version="1.0"?><Event xmlns="http://schemas.microsoft.com/win/2004/08/events/event"><System><Provider Name="Microsoft-Windows-Security-Auditing" Guid="{54849625-5478-4994-A5BA-3E3B0328C30D}"/><EventID>4688</EventID><Version>2</Version><Level>0</Level><Task>13312</Task><Opcode>0</Opcode><Keywords>0x8020000000000000</Keywords><TimeCreated SystemTime="2026-09-23T15:42:56.161134415Z"/><EventRecordID>12650315</EventRecordID><Correlation/><Execution ProcessID="6851" ThreadID="8404"/><Channel>Security</Channel><Computer>GW-IT-8210</Computer><Security/></System><EventData><Data Name="SubjectUserSid">S-1-5-21-1957994488-2000478354-1284470638-5182</Data><Data Name="SubjectUserName">swheeler</Data><Data Name="SubjectDomainName">GRAVYWHALE</Data><Data Name="SubjectLogonId">0xcc93da</Data><Data Name="NewProcessId">0x8a9a</Data><Data Name="NewProcessName">C:\Windows\System32\mstsc.exe</Data><Data Name="TokenElevationType">%%1936</Data><Data Name="ProcessId">0x3054</Data><Data Name="CommandLine">C:\Windows\System32\mstsc.exe</Data><Data Name="TargetUserSid">S-1-0-0</Data><Data Name="TargetUserName">-</Data><Data Name="TargetDomainName">-</Data><Data Name="TargetLogonId">0x0</Data><Data Name="ParentProcessName">C:\Windows\System32\explorer.exe</Data><Data Name="MandatoryLabel">S-1-16-8192</Data></EventData></Event>
<?xml version="1.0"?><Event xmlns="http://schemas.microsoft.com/win/2004/08/events/event"><System><Provider Name="Microsoft-Windows-Security-Auditing" Guid="{54849625-5478-4994-A5BA-3E3B0328C30D}"/><EventID>4688</EventID><Version>2</Version><Level>0</Level><Task>13312</Task><Opcode>0</Opcode><Keywords>0x8020000000000000</Keywords><TimeCreated SystemTime="2026-09-23T15:43:15.975146016Z"/><EventRecordID>65599477</EventRecordID><Correlation/><Execution ProcessID="5137" ThreadID="1327"/><Channel>Security</Channel><Computer>GW-S-8420</Computer><Security/></System><EventData><Data Name="SubjectUserSid">S-1-5-21-1957994488-2000478354-1284470638-8580</Data><Data Name="SubjectUserName">hgrant</Data><Data Name="SubjectDomainName">GRAVYWHALE</Data><Data Name="SubjectLogonId">0x92854a</Data><Data Name="NewProcessId">0x9ad7</Data><Data Name="NewProcessName">C:\Program Files\Google\Chrome\Application\chrome.exe</Data><Data Name="TokenElevationType">%%1936</Data><Data Name="ProcessId">0x363f</Data><Data Name="CommandLine">C:\Program Files\Google\Chrome\Application\chrome.exe</Data><Data Name="TargetUserSid">S-1-0-0</Data><Data Name="TargetUserName">-</Data><Data Name="TargetDomainName">-</Data><Data Name="TargetLogonId">0x0</Data><Data Name="ParentProcessName">C:\Windows\System32\explorer.exe</Data><Data Name="MandatoryLabel">S-1-16-8192</Data></EventData></Event>
<?xml version="1.0"?><Event xmlns="http://schemas.microsoft.com/win/2004/08/events/event"><System><Provider Name="Microsoft-Windows-Security-Auditing" Guid="{54849625-5478-4994-A5BA-3E3B0328C30D}"/><EventID>4688</EventID><Version>2</Version><Level>0</Level><Task>13312</Task><Opcode>0</Opcode><Keywords>0x8020000000000000</Keywords><TimeCreated SystemTime="2026-09-23T15:43:20.762910929Z"/><EventRecordID>41863280</EventRecordID><Correlation/><Execution ProcessID="6373" ThreadID="7177"/><Channel>Security</Channel><Computer>GW-E-7358</Computer><Security/></System><EventData><Data Name="SubjectUserSid">S-1-5-21-1957994488-2000478354-1284470638-1746</Data><Data Name="SubjectUserName">tbanks</Data><Data Name="SubjectDomainName">GRAVYWHALE</Data><Data Name="SubjectLogonId">0x5ac618</Data><Data Name="NewProcessId">0x2c32</Data><Data Name="NewProcessName">C:\Program Files\Microsoft Office\root\Office16\OUTLOOK.EXE</Data><Data Name="TokenElevationType">%%1936</Data><Data Name="ProcessId">0x82b1</Data><Data Name="CommandLine">C:\Program Files\Microsoft Office\root\Office16\OUTLOOK.EXE</Data><Data Name="TargetUserSid">S-1-0-0</Data><Data Name="TargetUserName">-</Data><Data Name="TargetDomainName">-</Data><Data Name="TargetLogonId">0x0</Data><Data Name="ParentProcessName">C:\Windows\System32\explorer.exe</Data><Data Name="MandatoryLabel">S-1-16-8192</Data></EventData></Event>
<?xml version="1.0"?><Event xmlns="http://schemas.microsoft.com/win/2004/08/events/event"><System><Provider Name="Microsoft-Windows-Security-Auditing" Guid="{54849625-5478-4994-A5BA-3E3B0328C30D}"/><EventID>4688</EventID><Version>2</Version><Level>0</Level><Task>13312</Task><Opcode>0</Opcode><Keywords>0x8020000000000000</Keywords><TimeCreated SystemTime="2026-09-23T15:43:43.819531011Z"/><EventRecordID>16136570</EventRecordID><Correlation/><Execution ProcessID="1308" ThreadID="6688"/><Channel>Security</Channel><Computer>GW-HR-5185</Computer><Security/></System><EventData><Data Name="SubjectUserSid">S-1-5-21-1957994488-2000478354-1284470638-4451</Data><Data Name="SubjectUserName">awalker</Data><Data Name="SubjectDomainName">GRAVYWHALE</Data><Data Name="SubjectLogonId">0x66c3ff</Data><Data Name="NewProcessId">0x3473</Data><Data Name="NewProcessName">C:\Program Files\Google\Chrome\Application\chrome.exe</Data><Data Name="TokenElevationType">%%1936</Data><Data Name="ProcessId">0x44fb</Data><Data Name="CommandLine">C:\Program Files\Google\Chrome\Application\chrome.exe</Data><Data Name="TargetUserSid">S-1-0-0</Data><Data Name="TargetUserName">-</Data><Data Name="TargetDomainName">-</Data><Data Name="TargetLogonId">0x0</Data><Data Name="ParentProcessName">C:\Windows\System32\explorer.exe</Data><Data Name="MandatoryLabel">S-1-16-8192</Data></EventData></Event>
<?xml version="1.0"?><Event xmlns="http://schemas.microsoft.com/win/2004/08/events/event"><System><Provider Name="Microsoft-Windows-Security-Auditing" Guid="{54849625-5478-4994-A5BA-3E3B0328C30D}"/><EventID>4688</EventID><Version>2</Version><Level>0</Level><Task>13312</Task><Opcode>0</Opcode><Keywords>0x8020000000000000</Keywords><TimeCreated SystemTime="2026-09-23T15:44:03.046407156Z"/><EventRecordID>36332415</EventRecordID><Correlation/><Execution ProcessID="5804" ThreadID="4168"/><Channel>Security</Channel><Computer>GW-E-4292</Computer><Security/></System><EventData><Data Name="SubjectUserSid">S-1-5-21-1957994488-2000478354-1284470638-2972</Data><Data Name="SubjectUserName">jclarke</Data><Data Name="SubjectDomainName">GRAVYWHALE</Data><Data Name="SubjectLogonId">0xb952b3</Data><Data Name="NewProcessId">0x6be6</Data><Data Name="NewProcessName">C:\Program Files\Microsoft Office\root\Office16\OUTLOOK.EXE</Data><Data Name="TokenElevationType">%%1936</Data><Data Name="ProcessId">0x4c91</Data><Data Name="CommandLine">C:\Program Files\Microsoft Office\root\Office16\OUTLOOK.EXE</Data><Data Name="TargetUserSid">S-1-0-0</Data><Data Name="TargetUserName">-</Data><Data Name="TargetDomainName">-</Data><Data Name="TargetLogonId">0x0</Data><Data Name="ParentProcessName">C:\Windows\System32\explorer.exe</Data><Data Name="MandatoryLabel">S-1-16-8192</Data></EventData></Event>
<?xml version="1.0"?><Event xmlns="http://schemas.microsoft.com/win/2004/08/events/event"><System><Provider Name="Microsoft-Windows-Security-Auditing" Guid="{54849625-5478-4994-A5BA-3E3B0328C30D}"/><EventID>4688</EventID><Version>2</Version><Level>0</Level><Task>13312</Task><Opcode>0</Opcode><Keywords>0x8020000000000000</Keywords><TimeCreated SystemTime="2026-09-23T15:44:09.749655969Z"/><EventRecordID>91100732</EventRecordID><Correlation/><Execution ProcessID="8566" ThreadID="4166"/><Channel>Security</Channel><Computer>GW-M-1911</Computer><Security/></System><EventData><Data Name="SubjectUserSid">S-1-5-21-1957994488-2000478354-1284470638-1296</Data><Data Name="SubjectUserName">jjohnson2</Data><Data Name="SubjectDomainName">GRAVYWHALE</Data><Data Name="SubjectLogonId">0xa3a8f5</Data><Data Name="NewProcessId">0x5ce6</Data><Data Name="NewProcessName">C:\Users\jjohnson2\AppData\Local\Microsoft\OneDrive\OneDrive.exe</Data><Data Name="TokenElevationType">%%1936</Data><Data Name="ProcessId">0x7a66</Data><Data Name="CommandLine">C:\Users\jjohnson2\AppData\Local\Microsoft\OneDrive\OneDrive.exe</Data><Data Name="TargetUserSid">S-1-0-0</Data><Data Name="TargetUserName">-</Data><Data Name="TargetDomainName">-</Data><Data Name="TargetLogonId">0x0</Data><Data Name="ParentProcessName">C:\Windows\System32\explorer.exe</Data><Data Name="MandatoryLabel">S-1-16-8192</Data></EventData></Event>
<?xml version="1.0"?><Event xmlns="http://schemas.microsoft.com/win/2004/08/events/event"><System><Provider Name="Microsoft-Windows-Security-Auditing" Guid="{54849625-5478-4994-A5BA-3E3B0328C30D}"/><EventID>4688</EventID><Version>2</Version><Level>0</Level><Task>13312</Task><Opcode>0</Opcode><Keywords>0x8020000000000000</Keywords><TimeCreated SystemTime="2026-09-23T15:44:11.863439245Z"/><EventRecordID>84138578</EventRecordID><Correlation/><Execution ProcessID="8417" ThreadID="1914"/><Channel>Security</Channel><Computer>GW-HR-2620</Computer><Security/></System><EventData><Data Name="SubjectUserSid">S-1-5-21-1957994488-2000478354-1284470638-2323</Data><Data Name="SubjectUserName">anorris</Data><Data Name="SubjectDomainName">GRAVYWHALE</Data><Data Name="SubjectLogonId">0xe1b689</Data><Data Name="NewProcessId">0xfdc2</Data><Data Name="NewProcessName">C:\Users\anorris\AppData\Local\Microsoft\Teams\current\Teams.exe</Data><Data Name="TokenElevationType">%%1936</Data><Data Name="ProcessId">0x34c9</Data><Data Name="CommandLine">C:\Users\anorris\AppData\Local\Microsoft\Teams\current\Teams.exe</Data><Data Name="TargetUserSid">S-1-0-0</Data><Data Name="TargetUserName">-</Data><Data Name="TargetDomainName">-</Data><Data Name="TargetLogonId">0x0</Data><Data Name="ParentProcessName">C:\Windows\System32\explorer.exe</Data><Data Name="MandatoryLabel">S-1-16-8192</Data></EventData></Event>
<?xml version="1.0"?><Event xmlns="http://schemas.microsoft.com/win/2004/08/events/event"><System><Provider Name="Microsoft-Windows-Security-Auditing" Guid="{54849625-5478-4994-A5BA-3E3B0328C30D}"/><EventID>4688</EventID><Version>2</Version><Level>0</Level><Task>13312</Task><Opcode>0</Opcode><Keywords>0x8020000000000000</Keywords><TimeCreated SystemTime="2026-09-23T15:44:44.485564414Z"/><EventRecordID>17795556</EventRecordID><Correlation/><Execution ProcessID="5512" ThreadID="8351"/><Channel>Security</Channel><Computer>GW-E-2951</Computer><Security/></System><EventData><Data Name="SubjectUserSid">S-1-5-21-1957994488-2000478354-1284470638-1527</Data><Data Name="SubjectUserName">bbenson</Data><Data Name="SubjectDomainName">GRAVYWHALE</Data><Data Name="SubjectLogonId">0xed6402</Data><Data Name="NewProcessId">0xe921</Data><Data Name="NewProcessName">C:\Program Files\Google\Chrome\Application\chrome.exe</Data><Data Name="TokenElevationType">%%1936</Data><Data Name="ProcessId">0x6551</Data><Data Name="CommandLine">C:\Program Files\Google\Chrome\Application\chrome.exe</Data><Data Name="TargetUserSid">S-1-0-0</Data><Data Name="TargetUserName">-</Data><Data Name="TargetDomainName">-</Data><Data Name="TargetLogonId">0x0</Data><Data Name="ParentProcessName">C:\Windows\System32\explorer.exe</Data><Data Name="MandatoryLabel">S-1-16-8192</Data></EventData></Event>
