<?xml version="1.0"?><Event xmlns="http://schemas.microsoft.com/win/2004/08/events/event"><System><Provider Name="Microsoft-Windows-Security-Auditing" Guid="{54849625-5478-4994-A5BA-3E3B0328C30D}"/><EventID>4624</EventID><Version>2</Version><Level>0</Level><Task>12544</Task><Opcode>0</Opcode><Keywords>0x8020000000000000</Keywords><TimeCreated SystemTime="2026-09-23T15:05:17.450580428Z"/><EventRecordID>42845516</EventRecordID><Correlation/><Execution ProcessID="4347" ThreadID="2833"/><Channel>Security</Channel><Computer>GW-E-2951</Computer><Security/></System><EventData><Data Name="SubjectUserSid">S-1-5-18</Data><Data Name="SubjectUserName">GW-E-2951$</Data><Data Name="SubjectDomainName">GRAVYWHALE</Data><Data Name="SubjectLogonId">0x3e7</Data><Data Name="TargetUserSid">S-1-5-21-1957994488-2000478354-1284470638-1527</Data><Data Name="TargetUserName">bbenson</Data><Data Name="TargetDomainName">GRAVYWHALE</Data><Data Name="TargetLogonId">0xe0f30c</Data><Data Name="LogonType">2</Data><Data Name="LogonProcessName">User32</Data><Data Name="AuthenticationPackageName">Negotiate</Data><Data Name="WorkstationName">GW-E-2951</Data><Data Name="LogonGuid">{EEDBADBE-EACC-00E5-F953-5923ED3A3ED1}</Data><Data Name="TransmittedServices">-</Data><Data Name="LmPackageName">-</Data><Data Name="KeyLength">0</Data><Data Name="ProcessId">0xef6d</Data><Data Name="ProcessName">C:\Windows\System32\svchost.exe</Data><Data Name="IpAddress">10.10.20.64</Data><Data Name="IpPort">0</Data><Data Name="ImpersonationLevel">%%1833</Data><Data Name="RestrictedAdminMode">-</Data><Data Name="TargetOutboundUserName">-</Data><Data Name="TargetOutboundDomainName">-</Data><Data Name="VirtualAccount">%%1843</Data><Data Name="TargetLinkedLogonId">0x0</Data><Data Name="ElevatedToken">%%1842</Data></EventData></Event>
<?xml version="1.0"?><Event xmlns="http://schemas.microsoft.com/win/2004/08/events/event"><System><Provider Name="Microsoft-Windows-Security-Auditing" Guid="{54849625-5478-4994-A5BA-3E3B0328C30D}"/><EventID>4688</EventID><Version>2</Version><Level>0</Level><Task>13312</Task><Opcode>0</Opcode><Keywords>0x8020000000000000</Keywords><TimeCreated SystemTime="2026-09-23T15:05:26.061223912Z"/><EventRecordID>24146381</EventRecordID><Correlation/><Execution ProcessID="681" ThreadID="1160"/><Channel>Security</Channel><Computer>GW-E-2121</Computer><Security/></System><EventData><Data Name="SubjectUserSid">S-1-5-21-1957994488-2000478354-1284470638-4454</Data><Data Name="SubjectUserName">llove</Data><Data Name="SubjectDomainName">GRAVYWHALE</Data><Data Name="SubjectLogonId">0xc88e70</Data><Data Name="NewProcessId">0x5325</Data><Data Name="NewProcessName">C:\Users\llove\AppData\Local\Microsoft\OneDrive\OneDrive.exe</Data><Data Name="TokenElevationType">%%1936</Data><Data Name="ProcessId">0x6b4b</Data><Data Name="CommandLine">C:\Users\llove\AppData\Local\Microsoft\OneDrive\OneDrive.exe</Data><Data Name="TargetUserSid">S-1-0-0</Data><Data Name="TargetUserName">-</Data><Data Name="TargetDomainName">-</Data><Data Name="TargetLogonId">0x0</Data><Data Name="ParentProcessName">C:\Windows\System32\explorer.exe</Data><Data Name="MandatoryLabel">S-1-16-8192</Data></EventData></Event>
<?xml version="1.0"?><Event xmlns="http://schemas.microsoft.com/win/2004/08/events/event"><System><Provider Name="Microsoft-Windows-Security-Auditing" Guid="{54849625-5478-4994-A5BA-3E3B0328C30D}"/><EventID>4688</EventID><Version>2</Version><Level>0</Level><Task>13312</Task><Opcode>0</Opcode><Keywords>0x8020000000000000</Keywords><TimeCreated SystemTime="2026-09-23T15:05:31.405408776Z"/><EventRecordID>93586217</EventRecordID><Correlation/><Execution ProcessID="7424" ThreadID="6945"/><Channel>Security</Channel><Computer>GW-O-5123</Computer><Security/></System><EventData><Data Name="SubjectUserSid">S-1-5-21-1957994488-2000478354-1284470638-5253</Data><Data Name="SubjectUserName">rburns</Data><Data Name="SubjectDomainName">GRAVYWHALE</Data><Data Name="SubjectLogonId">0xc9c95f</Data><Data Name="NewProcessId">0x7c3</Data><Data Name="NewProcessName">C:\Program Files\Microsoft Office\root\Office16\EXCEL.EXE</Data><Data Name="TokenElevationType">%%1936</Data><Data Name="ProcessId">0xf7a2</Data><Data Name="CommandLine">C:\Program Files\Microsoft Office\root\Office16\EXCEL.EXE</Data><Data Name="TargetUserSid">S-1-0-0</Data><Data Name="TargetUserName">-</Data><Data Name="TargetDomainName">-</Data><Data Name="TargetLogonId">0x0</Data><Data Name="ParentProcessName">C:\Windows\System32\explorer.exe</Data><Data Name="MandatoryLabel">S-1-16-8192</Data></EventData></Event>
<?xml version="1.0"?><Event xmlns="http://schemas.microsoft.com/win/2004/08/events/event"><System><Provider Name="Microsoft-Windows-Security-Auditing" Guid="{54849625-5478-4994-A5BA-3E3B0328C30D}"/><EventID>4688</EventID><Version>2</Version><Level>0</Level><Task>13312</Task><Opcode>0</Opcode><Keywords>0x8020000000000000</Keywords><TimeCreated SystemTime="2026-09-23T15:05:48.744983610Z"/><EventRecordID>71874151</EventRecordID><Correlation/><Execution ProcessID="6405" ThreadID="6173"/><Channel>Security</Channel><Computer>GW-IT-7788</Computer><Security/></System><EventData><Data Name="SubjectUserSid">S-1-5-21-1957994488-2000478354-1284470638-2941</Data><Data Name="SubjectUserName">mgonzalez</Data><Data Name="SubjectDomainName">GRAVYWHALE</Data><Data Name="SubjectLogonId">0xd53f46</Data><Data Name="NewProcessId">0x1918</Data><Data Name="NewProcessName">C:\Users\mgonzalez\AppData\Local\Microsoft\Teams\current\Teams.exe</Data><Data Name="TokenElevationType">%%1936</Data><Data Name="ProcessId">0x2c0c</Data><Data Name="CommandLine">C:\Users\mgonzalez\AppData\Local\Microsoft\Teams\current\Teams.exe</Data><Data Name="TargetUserSid">S-1-0-0</Data><Data Name="TargetUserName">-</Data><Data Name="TargetDomainName">-</Data><Data Name="TargetLogonId">0x0</Data><Data Name="ParentProcessName">C:\Windows\System32\explorer.exe</Data><Data Name="MandatoryLabel">S-1-16-8192</Data></EventData></Event>
<?xml version="1.0"?><Event xmlns="http://schemas.microsoft.com/win/2004/08/events/event"><System><Provider Name="Microsoft-Windows-Security-Auditing" Guid="{54849625-5478-4994-A5BA-3E3B0328C30D}"/><EventID>4624</EventID><Version>2</Version><Level>0</Level><Task>12544</Task><Opcode>0</Opcode><Keywords>0x8020000000000000</Keywords><TimeCreated SystemTime="2026-09-23T15:05:59.383755130Z"/><EventRecordID>73379584</EventRecordID><Correlation/><Execution ProcessID="7040" ThreadID="7473"/><Channel>Security</Channel><Computer>GW-S-4803</Computer><Security/></System><EventData><Data Name="SubjectUserSid">S-1-5-18</Data><Data Name="SubjectUserName">GW-S-4803$</Data><Data Name="SubjectDomainName">GRAVYWHALE</Data><Data Name="SubjectLogonId">0x3e7</Data><Data Name="TargetUserSid">S-1-5-21-1957994488-2000478354-1284470638-6534</Data><Data Name="TargetUserName">jbaird</Data><Data Name="TargetDomainName">GRAVYWHALE</Data><Data Name="TargetLogonId">0x726107</Data><Data Name="LogonType">2</Data><Data Name="LogonProcessName">User32</Data><Data Name="AuthenticationPackageName">Negotiate</Data><Data Name="WorkstationName">GW-S-4803</Data><Data Name="LogonGuid">{6F1D6412-2708-F546-2686-90571D2528ED}</Data><Data Name="TransmittedServices">-</Data><Data Name="LmPackageName">-</Data><Data Name="KeyLength">0</Data><Data Name="ProcessId">0x9543</Data><Data Name="ProcessName">C:\Windows\System32\svchost.exe</Data><Data Name="IpAddress">10.10.1.16</Data><Data Name="IpPort">0</Data><Data Name="ImpersonationLevel">%%1833</Data><Data Name="RestrictedAdminMode">-</Data><Data Name="TargetOutboundUserName">-</Data><Data Name="TargetOutboundDomainName">-</Data><Data Name="VirtualAccount">%%1843</Data><Data Name="TargetLinkedLogonId">0x0</Data><Data Name="ElevatedToken">%%1842</Data></EventData></Event>
<?xml version="1.0"?><Event xmlns="http://schemas.microsoft.com/win/2004/08/events/event"><System><Provider Name="Microsoft-Windows-Security-Auditing" Guid="{54849625-5478-4994-A5BA-3E3B0328C30D}"/><EventID>4688</EventID><Version>2</Version><Level>0</Level><Task>13312</Task><Opcode>0</Opcode><Keywords>0x8020000000000000</Keywords><TimeCreated SystemTime="2026-09-23T15:06:10.165441449Z"/><EventRecordID>49852784</EventRecordID><Correlation/><Execution ProcessID="602" ThreadID="1389"/><Channel>Security</Channel><Computer>GW-S-3162</Computer><Security/></System><EventData><Data Name="SubjectUserSid">S-1-5-21-1957994488-2000478354-1284470638-7527</Data><Data Name="SubjectUserName">sreeves</Data><Data Name="SubjectDomainName">GRAVYWHALE</Data><Data Name="SubjectLogonId">0x28df42</Data><Data Name="NewProcessId">0x69b8</Data><Data Name="NewProcessName">C:\Users\sreeves\AppData\Local\Microsoft\Teams\current\Teams.exe</Data><Data Name="TokenElevationType">%%1936</Data><Data Name="ProcessId">0x6984</Data><Data Name="CommandLine">C:\Users\sreeves\AppData\Local\Microsoft\Teams\current\Teams.exe</Data><Data Name="TargetUserSid">S-1-0-0</Data><Data Name="TargetUserName">-</Data><Data Name="TargetDomainName">-</Data><Data Name="TargetLogonId">0x0</Data><Data Name="ParentProcessName">C:\Windows\System32\explorer.exe</Data><Data Name="MandatoryLabel">S-1-16-8192</Data></EventData></Event>
<?xml version="1.0"?><Event xmlns="http://schemas.microsoft.com/win/2004/08/events/event"><System><Provider Name="Microsoft-Windows-Security-Auditing" Guid="{54849625-5478-4994-A5BA-3E3B0328C30D}"/><EventID>4688</EventID><Version>2</Version><Level>0</Level><Task>13312</Task><Opcode>0</Opcode><Keywords>0x8020000000000000</Keywords><TimeCreated SystemTime="2026-09-23T15:06:17.802033465Z"/><EventRecordID>73555062</EventRecordID><Correlation/><Execution ProcessID="4263" ThreadID="4372"/><Channel>Security</Channel><Computer>GW-F-4559</Computer><Security/></System><EventData><Data Name="SubjectUserSid">S-1-5-21-1957994488-2000478354-1284470638-2332</Data><Data Name="SubjectUserName">mwhite</Data><Data Name="SubjectDomainName">GRAVYWHALE</Data><Data Name="SubjectLogonId">0x4be5b8</Data><Data Name="NewProcessId">0x2e8c</Data><Data Name="NewProcessName">C:\Program Files\Google\Chrome\Application\chrome.exe</Data><Data Name="TokenElevationType">%%1936</Data><Data Name="ProcessId">0xcb60</Data><Data Name="CommandLine">C:\Program Files\Google\Chrome\Application\chrome.exe</Data><Data Name="TargetUserSid">S-1-0-0</Data><Data Name="TargetUserName">-</Data><Data Name="TargetDomainName">-</Data><Data Name="TargetLogonId">0x0</Data><Data Name="ParentProcessName">C:\Windows\System32\explorer.exe</Data><Data Name="MandatoryLabel">S-1-16-8192</Data></EventData></Event>
<?xml version="1.0"?><Event xmlns="http://schemas.microsoft.com/win/2004/08/events/event"><System><Provider Name="Microsoft-Windows-Security-Auditing" Guid="{54849625-5478-4994-A5BA-3E3B0328C30D}"/><EventID>4688</EventID><Version>2</Version><Level>0</Level><Task>13312</Task><Opcode>0</Opcode><Keywords>0x8020000000000000</Keywords><TimeCreated SystemTime="2026-09-23T15:06:24.743359107Z"/><EventRecordID>19755470</EventRecordID><Correlation/><Execution ProcessID="2793" ThreadID="7538"/><Channel>Security</Channel><Computer>GW-F-4559</Computer><Security/></System><EventData><Data Name="SubjectUserSid">S-1-5-21-1957994488-2000478354-1284470638-2332</Data><Data Name="SubjectUserName">mwhite</Data><Data Name="SubjectDomainName">GRAVYWHALE</Data><Data Name="SubjectLogonId">0x53b228</Data><Data Name="NewProcessId">0xf94d</Data><Data Name="NewProcessName">C:\Program Files\Google\Chrome\Application\chrome.exe</Data><Data Name="TokenElevationType">%%1936</Data><Data Name="ProcessId">0x80df</Data><Data Name="CommandLine">C:\Program Files\Google\Chrome\Application\chrome.exe</Data><Data Name="TargetUserSid">S-1-0-0</Data><Data Name="TargetUserName">-</Data><Data Name="TargetDomainName">-</Data><Data Name="TargetLogonId">0x0</Data><Data Name="ParentProcessName">C:\Windows\System32\explorer.exe</Data><Data Name="MandatoryLabel">S-1-16-8192</Data></EventData></Event>
<?xml version="1.0"?><Event xmlns="http://schemas.microsoft.com/win/2004/08/events/event"><System><Provider Name="Microsoft-Windows-Security-Auditing" Guid="{54849625-5478-4994-A5BA-3E3B0328C30D}"/><EventID>4688</EventID><Version>2</Version><Level>0</Level><Task>13312</Task><Opcode>0</Opcode><Keywords>0x8020000000000000</Keywords><TimeCreated SystemTime="2026-09-23T15:06:31.356041786Z"/><EventRecordID>52548141</EventRecordID><Correlation/><Execution ProcessID="7183" ThreadID="6027"/><Channel>Security</Channel><Computer>GW-E-5030</Computer><Security/></System><EventData><Data Name="SubjectUserSid">S-1-5-21-1957994488-2000478354-1284470638-1927</Data><Data Name="SubjectUserName">jsmith</Data><Data Name="SubjectDomainName">GRAVYWHALE</Data><Data Name="SubjectLogonId">0xdc9a94</Data><Data Name="NewProcessId">0x5975</Data><Data Name="NewProcessName">C:\Users\jsmith\AppData\Local\Programs\Microsoft VS Code\Code.exe</Data><Data Name="TokenElevationType">%%1936</Data><Data Name="ProcessId">0x6c0a</Data><Data Name="CommandLine">C:\Users\jsmith\AppData\Local\Programs\Microsoft VS Code\Code.exe</Data><Data Name="TargetUserSid">S-1-0-0</Data><Data Name="TargetUserName">-</Data><Data Name="TargetDomainName">-</Data><Data Name="TargetLogonId">0x0</Data><Data Name="ParentProcessName">C:\Windows\System32\explorer.exe</Data><Data Name="MandatoryLabel">S-1-16-8192</Data></EventData></Event>
<?xml version="1.0"?><Event xmlns="http://schemas.microsoft.com/win/2004/08/events/event"><System><Provider Name="Microsoft-Windows-Security-Auditing" Guid="{54849625-5478-4994-A5BA-3E3B0328C30D}"/><EventID>4688</EventID><Version>2</Version><Level>0</Level><Task>13312</Task><Opcode>0</Opcode><Keywords>0x8020000000000000</Keywords><TimeCreated SystemTime="2026-09-23T15:07:06.659985300Z"/><EventRecordID>48801018</EventRecordID><Correlation/><Execution ProcessID="2412" ThreadID="7342"/><Channel>Security</Channel><Computer>GW-S-3162</Computer><Security/></System><EventData><Data Name="SubjectUserSid">S-1-5-21-1957994488-2000478354-1284470638-7527</Data><Data Name="SubjectUserName">sreeves</Data><Data Name="SubjectDomainName">GRAVYWHALE</Data><Data Name="SubjectLogonId">0xa93201</Data><Data Name="NewProcessId">0xf56e</Data><Data Name="NewProcessName">C:\Users\sreeves\AppData\Local\Microsoft\OneDrive\OneDrive.exe</Data><Data Name="TokenElevationType">%%1936</Data><Data Name="ProcessId">0x5adb</Data><Data Name="CommandLine">C:\Users\sreeves\AppData\Local\Microsoft\OneDrive\OneDrive.exe</Data><Data Name="TargetUserSid">S-1-0-0</Data><Data Name="TargetUserName">-</Data><Data Name="TargetDomainName">-</Data><Data Name="TargetLogonId">0x0</Data><Data Name="ParentProcessName">C:\Windows\System32\explorer.exe</Data><Data Name="MandatoryLabel">S-1-16-8192</Data></EventData></Event>
<?xml version="1.0"?><Event xmlns="http://schemas.microsoft.com/win/2004/08/events/event"><System><Provider Name="Microsoft-Windows-Security-Auditing" Guid="{54849625-5478-4994-A5BA-3E3B0328C30D}"/><EventID>4688</EventID><Version>2</Version><Level>0</Level><Task>13312</Task><Opcode>0</Opcode><Keywords>0x8020000000000000</Keywords><TimeCreated SystemTime="2026-09-23T15:07:09.772851370Z"/><EventRecordID>58601728</EventRecordID><Correlation/><Execution ProcessID="5815" ThreadID="6719"/><Channel>Security</Channel><Computer>GW-E-3987</Computer><Security/></System><EventData><Data Name="SubjectUserSid">S-1-5-21-1957994488-2000478354-1284470638-3074</Data><Data Name="SubjectUserName">charrison</Data><Data Name="SubjectDomainName">GRAVYWHALE</Data><Data Name="SubjectLogonId">0x737ec8</Data><Data Name="NewProcessId">0xedf4</Data><Data Name="NewProcessName">C:\Program Files\Google\Chrome\Application\chrome.exe</Data><Data Name="TokenElevationType">%%1936</Data><Data Name="ProcessId">0x18de</Data><Data Name="CommandLine">C:\Program Files\Google\Chrome\Application\chrome.exe</Data><Data Name="TargetUserSid">S-1-0-0</Data><Data Name="TargetUserName">-</Data><Data Name="TargetDomainName">-</Data><Data Name="TargetLogonId">0x0</Data><Data Name="ParentProcessName">C:\Windows\System32\explorer.exe</Data><Data Name="MandatoryLabel">S-1-16-8192</Data></EventData></Event>
<?xml version="1.0"?><Event xmlns="http://schemas.microsoft.com/win/2004/08/events/event"><System><Provider Name="Microsoft-Windows-Security-Auditing" Guid="{54849625-5478-4994-A5BA-3E3B0328C30D}"/><EventID>4688</EventID><Version>2</Version><Level>0</Level><Task>13312</Task><Opcode>0</Opcode><Keywords>0x8020000000000000</Keywords><TimeCreated SystemTime="2026-09-23T15:07:16.695411474Z"/><EventRecordID>94470863</EventRecordID><Correlation/><Execution ProcessID="5648" ThreadID="5110"/><Channel>Security</Channel><Computer>GW-E-9849</Computer><Security/></System><EventData><Data Name="SubjectUserSid">S-1-5-21-1957994488-2000478354-1284470638-1717</Data><Data Name="SubjectUserName">hjones</Data><Data Name="SubjectDomainName">GRAVYWHALE</Data><Data Name="SubjectLogonId">0x3b2631</Data><Data Name="NewProcessId">0x1e88</Data><Data Name="NewProcessName">C:\Users\hjones\AppData\Local\Microsoft\Teams\current\Teams.exe</Data><Data Name="TokenElevationType">%%1936</Data><Data Name="ProcessId">0xa9d2</Data><Data Name="CommandLine">C:\Users\hjones\AppData\Local\Microsoft\Teams\current\Teams.exe</Data><Data Name="TargetUserSid">S-1-0-0</Data><Data Name="TargetUserName">-</Data><Data Name="TargetDomainName">-</Data><Data Name="TargetLogonId">0x0</Data><Data Name="ParentProcessName">C:\Windows\System32\explorer.exe</Data><Data Name="MandatoryLabel">S-1-16-8192</Data></EventData></Event>
<?xml version="1.0"?><Event xmlns="http://schemas.microsoft.com/win/2004/08/events/event"><System><Provider Name="Microsoft-Windows-Security-Auditing" Guid="{54849625-5478-4994-A5BA-3E3B0328C30D}"/><EventID>4624</EventID><Version>2</Version><Level>0</Level><Task>12544</Task><Opcode>0</Opcode><Keywords>0x8020000000000000</Keywords><TimeCreated SystemTime="2026-09-23T15:07:28.882026290Z"/><EventRecordID>98359641</EventRecordID><Correlation/><Execution ProcessID="7389" ThreadID="491"/><Channel>Security</Channel><Computer>GW-E-7358</Computer><Security/></System><EventData><Data Name="SubjectUserSid">S-1-5-18</Data><Data Name="SubjectUserName">GW-E-7358$</Data><Data Name="SubjectDomainName">GRAVYWHALE</Data><Data Name="SubjectLogonId">0x3e7</Data><Data Name="TargetUserSid">S-1-5-21-1957994488-2000478354-1284470638-1746</Data><Data Name="TargetUserName">tbanks</Data><Data Name="TargetDomainName">GRAVYWHALE</Data><Data Name="TargetLogonId">0x485b6f</Data><Data Name="LogonType">2</Data><Data Name="LogonProcessName">User32</Data><Data Name="AuthenticationPackageName">Negotiate</Data><Data Name="WorkstationName">GW-E-7358</Data><Data Name="LogonGuid">{8274158C-2EDC-8F62-E016-680FBB222524}</Data><Data Name="TransmittedServices">-</Data><Data Name="LmPackageName">-</Data><Data Name="KeyLength">0</Data><Data Name="ProcessId">0x18fb</Data><Data Name="ProcessName">C:\Windows\System32\svchost.exe</Data><Data Name="IpAddress">10.10.30.67</Data><Data Name="IpPort">0</Data><Data Name="ImpersonationLevel">%%1833</Data><Data Name="RestrictedAdminMode">-</Data><Data Name="TargetOutboundUserName">-</Data><Data Name="TargetOutboundDomainName">-</Data><Data Name="VirtualAccount">%%1843</Data><Data Name="TargetLinkedLogonId">0x0</Data><Data Name="ElevatedToken">%%1842</Data></EventData></Event>
<?xml version="1.0"?><Event xmlns="http://schemas.microsoft.com/win/2004/08/events/event"><System><Provider Name="Microsoft-Windows-Security-Auditing" Guid="{54849625-5478-4994-A5BA-3E3B0328C30D}"/><EventID>4688</EventID><Version>2</Version><Level>0</Level><Task>13312</Task><Opcode>0</Opcode><Keywords>0x8020000000000000</Keywords><TimeCreated SystemTime="2026-09-23T15:07:32.737357170Z"/><EventRecordID>90657252</EventRecordID><Correlation/><Execution ProcessID="6585" ThreadID="3941"/><Channel>Security</Channel><Computer>GW-IT-4203</Computer><Security/></System><EventData><Data Name="SubjectUserSid">S-1-5-21-1957994488-2000478354-1284470638-5835</Data><Data Name="SubjectUserName">redwards</Data><Data Name="SubjectDomainName">GRAVYWHALE</Data><Data Name="SubjectLogonId">0xb34a4a</Data><Data Name="NewProcessId">0x8ccc</Data><Data Name="NewProcessName">C:\Users\redwards\AppData\Local\Microsoft\OneDrive\OneDrive.exe</Data><Data Name="TokenElevationType">%%1936</Data><Data Name="ProcessId">0xc73e</Data><Data Name="CommandLine">C:\Users\redwards\AppData\Local\Microsoft\OneDrive\OneDrive.exe</Data><Data Name="TargetUserSid">S-1-0-0</Data><Data Name="TargetUserName">-</Data><Data Name="TargetDomainName">-</Data><Data Name="TargetLogonId">0x0</Data><Data Name="ParentProcessName">C:\Windows\System32\explorer.exe</Data><Data Name="MandatoryLabel">S-1-16-8192</Data></EventData></Event>
<?xml version="1.0"?><Event xmlns="http://schemas.microsoft.com/win/2004/08/events/event"><System><Provider Name="Microsoft-Windows-Security-Auditing" Guid="{54849625-5478-4994-A5BA-3E3B0328C30D}"/><EventID>4688</EventID><Version>2</Version><Level>0</Level><Task>13312</Task><Opcode>0</Opcode><Keywords>0x8020000000000000</Keywords><TimeCreated SystemTime="2026-09-23T15:07:54.096167472Z"/><EventRecordID>17568771</EventRecordID><Correlation/><Execution ProcessID="5525" ThreadID="4073"/><Channel>Security</Channel><Computer>GW-S-6913</Computer><Security/></System><EventData><Data Name="SubjectUserSid">S-1-5-21-1957994488-2000478354-1284470638-7963</Data><Data Name="SubjectUserName">gbrooks</Data><Data Name="SubjectDomainName">GRAVYWHALE</Data><Data Name="SubjectLogonId">0x29b2c1</Data><Data Name="NewProcessId">0x1a0a</Data><Data Name="NewProcessName">C:\Program Files\Google\Chrome\Application\chrome.exe</Data><Data Name="TokenElevationType">%%1936</Data><Data Name="ProcessId">0x9cfd</Data><Data Name="CommandLine">C:\Program Files\Google\Chrome\Application\chrome.exe</Data><Data Name="TargetUserSid">S-1-0-0</Data><Data Name="TargetUserName">-</Data><Data Name="TargetDomainName">-</Data><Data Name="TargetLogonId">0x0</Data><Data Name="ParentProcessName">C:\Windows\System32\explorer.exe</Data><Data Name="MandatoryLabel">S-1-16-8192</Data></EventData></Event>
<?xml version="1.0"?><Event xmlns="http://schemas.microsoft.com/win/2004/08/events/event"><System><Provider Name="Microsoft-Windows-Security-Auditing" Guid="{54849625-5478-4994-A5BA-3E3B0328C30D}"/><EventID>4624</EventID><Version>2</Version><Level>0</Level><Task>12544</Task><Opcode>0</Opcode><Keywords>0x8020000000000000</Keywords><TimeCreated SystemTime="2026-09-23T15:08:22.002086857Z"/><EventRecordID>52481669</EventRecordID><Correlation/><Execution ProcessID="4683" ThreadID="853"/><Channel>Security</Channel><Computer>GW-HR-5185</Computer><Security/></System><EventData><Data Name="SubjectUserSid">S-1-5-18</Data><Data Name="SubjectUserName">GW-HR-5185$</Data><Data Name="SubjectDomainName">GRAVYWHALE</Data><Data Name="SubjectLogonId">0x3e7</Data><Data Name="TargetUserSid">S-1-5-21-1957994488-2000478354-1284470638-4451</Data><Data Name="TargetUserName">awalker</Data><Data Name="TargetDomainName">GRAVYWHALE</Data><Data Name="TargetLogonId">0x4b0b9e</Data><Data Name="LogonType">2</Data><Data Name="LogonProcessName">User32</Data><Data Name="AuthenticationPackageName">Negotiate</Data><Data Name="WorkstationName">GW-HR-5185</Data><Data Name="LogonGuid">{21380A18-A400-E4C0-4236-447BC4CD91FB}</Data><Data Name="TransmittedServices">-</Data><Data Name="LmPackageName">-</Data><Data Name="KeyLength">0</Data><Data Name="ProcessId">0x70de</Data><Data Name="ProcessName">C:\Windows\System32\svchost.exe</Data><Data Name="IpAddress">10.10.22.101</Data><Data Name="IpPort">0</Data><Data Name="ImpersonationLevel">%%1833</Data><Data Name="RestrictedAdminMode">-</Data><Data Name="TargetOutboundUserName">-</Data><Data Name="TargetOutboundDomainName">-</Data><Data Name="VirtualAccount">%%1843</Data><Data Name="TargetLinkedLogonId">0x0</Data><Data Name="ElevatedToken">%%1842</Data></EventData></Event>
<?xml version="1.0"?><Event xmlns="http://schemas.microsoft.com/win/2004/08/events/event"><System><Provider Name="Microsoft-Windows-Security-Auditing" Guid="{54849625-5478-4994-A5BA-3E3B0328C30D}"/><EventID>4688</EventID><Version>2</Version><Level>0</Level><Task>13312</Task><Opcode>0</Opcode><Keywords>0x8020000000000000</Keywords><TimeCreated SystemTime="2026-09-23T15:08:31.412457792Z"/><EventRecordID>29815262</EventRecordID><Correlation/><Execution ProcessID="3833" ThreadID="3116"/><Channel>Security</Channel><Computer>GW-E-1417</Computer><Security/></System><EventData><Data Name="SubjectUserSid">S-1-5-21-1957994488-2000478354-1284470638-5689</Data><Data Name="SubjectUserName">psawyer</Data><Data Name="SubjectDomainName">GRAVYWHALE</Data><Data Name="SubjectLogonId">0xbb155c</Data><Data Name="NewProcessId">0x28bd</Data><Data Name="NewProcessName">C:\Users\psawyer\AppData\Local\Programs\Microsoft VS Code\Code.exe</Data><Data Name="TokenElevationType">%%1936</Data><Data Name="ProcessId">0xec72</Data><Data Name="CommandLine">C:\Users\psawyer\AppData\Local\Programs\Microsoft VS Code\Code.exe</Data><Data Name="TargetUserSid">S-1-0-0</Data><Data Name="TargetUserName">-</Data><Data Name="TargetDomainName">-</Data><Data Name="TargetLogonId">0x0</Data><Data Name="ParentProcessName">C:\Windows\System32\explorer.exe</Data><Data Name="MandatoryLabel">S-1-16-8192</Data></EventData></Event>
<?xml version="1.0"?><Event xmlns="http://schemas.microsoft.com/win/2004/08/events/event"><System><Provider Name="Microsoft-Windows-Security-Auditing" Guid="{54849625-5478-4994-A5BA-3E3B0328C30D}"/><EventID>4624</EventID><Version>2</Version><Level>0</Level><Task>12544</Task><Opcode>0</Opcode><Keywords>0x8020000000000000</Keywords><TimeCreated SystemTime="2026-09-23T15:08:40.157004244Z"/><EventRecordID>81272129</EventRecordID><Correlation/><Execution ProcessID="8226" ThreadID="1711"/><Channel>Security</Channel><Computer>GW-E-3887</Computer><Security/></System><EventData><Data Name="SubjectUserSid">S-1-5-18</Data><Data Name="SubjectUserName">GW-E-3887$</Data><Data Name="SubjectDomainName">GRAVYWHALE</Data><Data Name="SubjectLogonId">0x3e7</Data><Data Name="TargetUserSid">S-1-5-21-1957994488-2000478354-1284470638-5880</Data><Data Name="TargetUserName">larias</Data><Data Name="TargetDomainName">GRAVYWHALE</Data><Data Name="TargetLogonId">0x431a4a</Data><Data Name="LogonType">2</Data><Data Name="LogonProcessName">User32</Data><Data Name="AuthenticationPackageName">Negotiate</Data><Data Name="WorkstationName">GW-E-3887</Data><Data Name="LogonGuid">{8878F572-2635-6C92-8C0F-942033F1634C}</Data><Data Name="TransmittedServices">-</Data><Data Name="LmPackageName">-</Data><Data Name="KeyLength">0</Data><Data Name="ProcessId">0x9905</Data><Data Name="ProcessName">C:\Windows\System32\svchost.exe</Data><Data Name="IpAddress">10.10.24.234</Data><Data Name="IpPort">0</Data><Data Name="ImpersonationLevel">%%1833</Data><Data Name="RestrictedAdminMode">-</Data><Data Name="TargetOutboundUserName">-</Data><Data Name="TargetOutboundDomainName">-</Data><Data Name="VirtualAccount">%%1843</Data><Data Name="TargetLinkedLogonId">0x0</Data><Data Name="ElevatedToken">%%1842</Data></EventData></Event>
<?xml version="1.0"?><Event xmlns="http://schemas.microsoft.com/win/2004/08/events/event"><System><Provider Name="Microsoft-Windows-Security-Auditing" Guid="{54849625-5478-4994-A5BA-3E3B0328C30D}"/><EventID>4688</EventID><Version>2</Version><Level>0</Level><Task>13312</Task><Opcode>0</Opcode><Keywords>0x8020000000000000</Keywords><TimeCreated SystemTime="2026-09-23T15:08:48.475184148Z"/><EventRecordID>54806376</EventRecordID><Correlation/><Execution ProcessID="2173" ThreadID="6678"/><Channel>Security</Channel><Computer>GW-E-3081</Computer><Security/></System><EventData><Data Name="SubjectUserSid">S-1-5-21-1957994488-2000478354-1284470638-1158</Data><Data Name="SubjectUserName">asimmons</Data><Data Name="SubjectDomainName">GRAVYWHALE</Data><Data Name="SubjectLogonId">0xe60b97</Data><Data Name="NewProcessId">0x4198</Data><Data Name="NewProcessName">C:\Users\asimmons\AppData\Local\Programs\Microsoft VS Code\Code.exe</Data><Data Name="TokenElevationType">%%1936</Data><Data Name="ProcessId">0xab20</Data><Data Name="CommandLine">C:\Users\asimmons\AppData\Local\Programs\Microsoft VS Code\Code.exe</Data><Data Name="TargetUserSid">S-1-0-0</Data><Data Name="TargetUserName">-</Data><Data Name="TargetDomainName">-</Data><Data Name="TargetLogonId">0x0</Data><Data Name="ParentProcessName">C:\Windows\System32\explorer.exe</Data><Data Name="MandatoryLabel">S-1-16-8192</Data></EventData></Event>
<?xml version="1.0"?><Event xmlns="http://schemas.microsoft.com/win/2004/08/events/event"><System><Provider Name="Microsoft-Windows-Security-Auditing" Guid="{54849625-5478-4994-A5BA-3E3B0328C30D}"/><EventID>4688</EventID><Version>2</Version><Level>0</Level><Task>13312</Task><Opcode>0</Opcode><Keywords>0x8020000000000000</Keywords><TimeCreated SystemTime="2026-09-23T15:08:55.610528567Z"/><EventRecordID>37072445</EventRecordID><Correlation/><Execution ProcessID="8541" ThreadID="7162"/><Channel>Security</Channel><Computer>GW-IT-1969</Computer><Security/></System><EventData><Data Name="SubjectUserSid">S-1-5-21-1957994488-2000478354-1284470638-2603</Data><Data Name="SubjectUserName">mlowe</Data><Data Name="SubjectDomainName">GRAVYWHALE</Data><Data Name="SubjectLogonId">0x1b70a8</Data><Data Name="NewProcessId">0x7eaa</Data><Data Name="NewProcessName">C:\Program Files\Google\Chrome\Application\chrome.exe</Data><Data Name="TokenElevationType">%%1936</Data><Data Name="ProcessId">0xa9bb</Data><Data Name="CommandLine">C:\Program Files\Google\Chrome\Application\chrome.exe</Data><Data Name="TargetUserSid">S-1-0-0</Data><Data Name="TargetUserName">-</Data><Data Name="TargetDomainName">-</Data><Data Name="TargetLogonId">0x0</Data><Data Name="ParentProcessName">C:\Windows\System32\explorer.exe</Data><Data Name="MandatoryLabel">S-1-16-8192</Data></EventData></Event>
<?xml version="1.0"?><Event xmlns="http://schemas.microsoft.com/win/2004/08/events/event"><System><Provider Name="Microsoft-Windows-Security-Auditing" Guid="{54849625-5478-4994-A5BA-3E3B0328C30D}"/><EventID>4688</EventID><Version>2</Version><Level>0</Level><Task>13312</Task><Opcode>0</Opcode><Keywords>0x8020000000000000</Keywords><TimeCreated SystemTime="2026-09-23T15:09:03.952181334Z"/><EventRecordID>60342618</EventRecordID><Correlation/><Execution ProcessID="4476" ThreadID="6869"/><Channel>Security</Channel><Computer>GW-E-4269</Computer><Security/></System><EventData><Data Name="SubjectUserSid">S-1-5-21-1957994488-2000478354-1284470638-7721</Data><Data Name="SubjectUserName">nholland</Data><Data Name="SubjectDomainName">GRAVYWHALE</Data><Data Name="SubjectLogonId">0x5e81f1</Data><Data Name="NewProcessId">0x2eeb</Data><Data Name="NewProcessName">C:\Users\nholland\AppData\Local\Microsoft\OneDrive\OneDrive.exe</Data><Data Name="TokenElevationType">%%1936</Data><Data Name="ProcessId">0xd20f</Data><Data Name="CommandLine">C:\Users\nholland\AppData\Local\Microsoft\OneDrive\OneDrive.exe</Data><Data Name="TargetUserSid">S-1-0-0</Data><Data Name="TargetUserName">-</Data><Data Name="TargetDomainName">-</Data><Data Name="TargetLogonId">0x0</Data><Data Name="ParentProcessName">C:\Windows\System32\explorer.exe</Data><Data Name="MandatoryLabel">S-1-16-8192</Data></EventData></Event>
<?xml version="1.0"?><Event xmlns="http://schemas.microsoft.com/win/2004/08/events/event"><System><Provider Name="Microsoft-Windows-Security-Auditing" Guid="{54849625-5478-4994-A5BA-3E3B0328C30D}"/><EventID>4688</EventID><Version>2</Version><Level>0</Level><Task>13312</Task><Opcode>0</Opcode><Keywords>0x8020000000000000</Keywords><TimeCreated SystemTime="2026-09-23T15:09:20.585444879Z"/><EventRecordID>31649887</EventRecordID><Correlation/><Execution ProcessID="2683" ThreadID="7176"/><Channel>Security</Channel><Computer>GW-E-3155</Computer><Security/></System><EventData><Data Name="SubjectUserSid">S-1-5-21-1957994488-2000478354-1284470638-5108</Data><Data Name="SubjectUserName">mmorris</Data><Data Name="SubjectDomainName">GRAVYWHALE</Data><Data Name="SubjectLogonId">0x3d17ae</Data><Data Name="NewProcessId">0x7c53</Data><Data Name="NewProcessName">C:\Users\mmorris\AppData\Local\Microsoft\OneDrive\OneDrive.exe</Data><Data Name="TokenElevationType">%%1936</Data><Data Name="ProcessId">0xdbfb</Data><Data Name="CommandLine">C:\Users\mmorris\AppData\Local\Microsoft\OneDrive\OneDrive.exe</Data><Data Name="TargetUserSid">S-1-0-0</Data><Data Name="TargetUserName">-</Data><Data Name="TargetDomainName">-</Data><Data Name="TargetLogonId">0x0</Data><Data Name="ParentProcessName">C:\Windows\System32\explorer.exe</Data><Data Name="MandatoryLabel">S-1-16-8192</Data></EventData></Event>
<?xml version="1.0"?><Event xmlns="http://schemas.microsoft.com/win/2004/08/events/event"><System><Provider Name="Microsoft-Windows-Security-Auditing" Guid="{54849625-5478-4994-A5BA-3E3B0328C30D}"/><EventID>4688</EventID><Version>2</Version><Level>0</Level><Task>13312</Task><Opcode>0</Opcode><Keywords>0x8020000000000000</Keywords><TimeCreated SystemTime="2026-09-23T15:09:29.211321461Z"/><EventRecordID>44961171</EventRecordID><Correlation/><Execution ProcessID="1845" ThreadID="6322"/><Channel>Security</Channel><Computer>GW-E-8692</Computer><Security/></System><EventData><Data Name="SubjectUserSid">S-1-5-21-1957994488-2000478354-1284470638-1401</Data><Data Name="SubjectUserName">smccoy</Data><Data Name="SubjectDomainName">GRAVYWHALE</Data><Data Name="SubjectLogonId">0xdc55a4</Data><Data Name="NewProcessId">0x58a5</Data><Data Name="NewProcessName">C:\Program Files\Microsoft Office\root\Office16\OUTLOOK.EXE</Data><Data Name="TokenElevationType">%%1936</Data><Data Name="ProcessId">0x26c</Data><Data Name="CommandLine">C:\Program Files\Microsoft Office\root\Office16\OUTLOOK.EXE</Data><Data Name="TargetUserSid">S-1-0-0</Data><Data Name="TargetUserName">-</Data><Data Name="TargetDomainName">-</Data><Data Name="TargetLogonId">0x0</Data><Data Name="ParentProcessName">C:\Windows\System32\explorer.exe</Data><Data Name="MandatoryLabel">S-1-16-8192</Data></EventData></Event>
<?xml version="1.0"?><Event xmlns="http://schemas.microsoft.com/win/2004/08/events/event"><System><Provider Name="Microsoft-Windows-Security-Auditing" Guid="{54849625-5478-4994-A5BA-3E3B0328C30D}"/><EventID>4688</EventID><Version>2</Version><Level>0</Level><Task>13312</Task><Opcode>0</Opcode><Keywords>0x8020000000000000</Keywords><TimeCreated SystemTime="2026-09-23T15:09:36.432715250Z"/><EventRecordID>82239027</EventRecordID><Correlation/><Execution ProcessID="7313" ThreadID="6745"/><Channel>Security</Channel><Computer>GW-E-4791</Computer><Security/></System><EventData><Data Name="SubjectUserSid">S-1-5-21-1957994488-2000478354-1284470638-6447</Data><Data Name="SubjectUserName">tpayne</Data><Data Name="SubjectDomainName">GRAVYWHALE</Data><Data Name="SubjectLogonId">0x7019da</Data><Data Name="NewProcessId">0x7e72</Data><Data Name="NewProcessName">C:\Users\tpayne\AppData\Local\Programs\Microsoft VS Code\Code.exe</Data><Data Name="TokenElevationType">%%1936</Data><Data Name="ProcessId">0xe984</Data><Data Name="CommandLine">C:\Users\tpayne\AppData\Local\Programs\Microsoft VS Code\Code.exe</Data><Data Name="TargetUserSid">S-1-0-0</Data><Data Name="TargetUserName">-</Data><Data Name="TargetDomainName">-</Data><Data Name="TargetLogonId">0x0</Data><Data Name="ParentProcessName">C:\Windows\System32\explorer.exe</Data><Data Name="MandatoryLabel">S-1-16-8192</Data></EventData></Event>
<?xml version="1.0"?><Event xmlns="http://schemas.microsoft.com/win/2004/08/events/event"><System><Provider Name="Microsoft-Windows-Security-Auditing" Guid="{54849625-5478-4994-A5BA-3E3B0328C30D}"/><EventID>4688</EventID><Version>2</Version><Level>0</Level><Task>13312</Task><Opcode>0</Opcode><Keywords>0x8020000000000000</Keywords><TimeCreated SystemTime="2026-09-23T15:09:48.176907640Z"/><EventRecordID>38229618</EventRecordID><Correlation/><Execution ProcessID="5283" ThreadID="7580"/><Channel>Security</Channel><Computer>GW-IT-3478</Computer><Security/></System><EventData><Data Name="SubjectUserSid">S-1-5-21-1957994488-2000478354-1284470638-3562</Data><Data Name="SubjectUserName">krice</Data><Data Name="SubjectDomainName">GRAVYWHALE</Data><Data Name="SubjectLogonId">0x63cc9d</Data><Data Name="NewProcessId">0x4bcb</Data><Data Name="NewProcessName">C:\Program Files\Google\Chrome\Application\chrome.exe</Data><Data Name="TokenElevationType">%%1936</Data><Data Name="ProcessId">0xf6dd</Data><Data Name="CommandLine">C:\Program Files\Google\Chrome\Application\chrome.exe</Data><Data Name="TargetUserSid">S-1-0-0</Data><Data Name="TargetUserName">-</Data><Data Name="TargetDomainName">-</Data><Data Name="TargetLogonId">0x0</Data><Data Name="ParentProcessName">C:\Windows\System32\explorer.exe</Data><Data Name="MandatoryLabel">S-1-16-8192</Data></EventData></Event>
<?xml version="1.0"?><Event xmlns="http://schemas.microsoft.com/win/2004/08/events/event"><System><Provider Name="Microsoft-Windows-Security-Auditing" Guid="{54849625-5478-4994-A5BA-3E3B0328C30D}"/><EventID>4688</EventID><Version>2</Version><Level>0</Level><Task>13312</Task><Opcode>0</Opcode><Keywords>0x8020000000000000</Keywords><TimeCreated SystemTime="2026-09-23T15:10:00.711843688Z"/><EventRecordID>84892089</EventRecordID><Correlation/><Execution ProcessID="3454" ThreadID="668"/><Channel>Security</Channel><Computer>GW-E-2951</Computer><Security/></System><EventData><Data Name="SubjectUserSid">S-1-5-21-1957994488-2000478354-1284470638-1527</Data><Data Name="SubjectUserName">bbenson</Data><Data Name="SubjectDomainName">GRAVYWHALE</Data><Data Name="SubjectLogonId">0xe6c316</Data><Data Name="NewProcessId">0x51b7</Data><Data Name="NewProcessName">C:\Program Files\Google\Chrome\Application\chrome.exe</Data><Data Name="TokenElevationType">%%1936</Data><Data Name="ProcessId">0xcfe</Data><Data Name="CommandLine">C:\Program Files\Google\Chrome\Application\chrome.exe</Data><Data Name="TargetUserSid">S-1-0-0</Data><Data Name="TargetUserName">-</Data><Data Name="TargetDomainName">-</Data><Data Name="TargetLogonId">0x0</Data><Data Name="ParentProcessName">C:\Windows\System32\explorer.exe</Data><Data Name="MandatoryLabel">S-1-16-8192</Data></EventData></Event>
<?xml version="1.0"?><Event xmlns="http://schemas.microsoft.com/win/2004/08/events/event"><System><Provider Name="Microsoft-Windows-Security-Auditing" Guid="{54849625-5478-4994-A5BA-3E3B0328C30D}"/><EventID>4688</EventID><Version>2</Version><Level>0</Level><Task>13312</Task><Opcode>0</Opcode><Keywords>0x8020000000000000</Keywords><TimeCreated SystemTime="2026-09-23T15:10:18.035115681Z"/><EventRecordID>78734217</EventRecordID><Correlation/><Execution ProcessID="3532" ThreadID="5383"/><Channel>Security</Channel><Computer>GW-E-9849</Computer><Security/></System><EventData><Data Name="SubjectUserSid">S-1-5-21-1957994488-2000478354-1284470638-1717</Data><Data Name="SubjectUserName">hjones</Data><Data Name="SubjectDomainName">GRAVYWHALE</Data><Data Name="SubjectLogonId">0xbeb497</Data><Data Name="NewProcessId">0x3387</Data><Data Name="NewProcessName">C:\Program Files\Google\Chrome\Application\chrome.exe</Data><Data Name="TokenElevationType">%%1936</Data><Data Name="ProcessId">0xf03b</Data><Data Name="CommandLine">C:\Program Files\Google\Chrome\Application\chrome.exe</Data><Data Name="TargetUserSid">S-1-0-0</Data><Data Name="TargetUserName">-</Data><Data Name="TargetDomainName">-</Data><Data Name="TargetLogonId">0x0</Data><Data Name="ParentProcessName">C:\Windows\System32\explorer.exe</Data><Data Name="MandatoryLabel">S-1-16-8192</Data></EventData></Event>
<?xml version="1.0"?><Event xmlns="http://schemas.microsoft.com/win/2004/08/events/event"><System><Provider Name="Microsoft-Windows-Security-Auditing" Guid="{54849625-5478-4994-A5BA-3E3B0328C30D}"/><EventID>4688</EventID><Version>2</Version><Level>0</Level><Task>13312</Task><Opcode>0</Opcode><Keywords>0x8020000000000000</Keywords><TimeCreated SystemTime="2026-09-23T15:10:39.713400856Z"/><EventRecordID>87751934</EventRecordID><Correlation/><Execution ProcessID="8460" ThreadID="2162"/><Channel>Security</Channel><Computer>GW-S-8188</Computer><Security/></System><EventData><Data Name="SubjectUserSid">S-1-5-21-1957994488-2000478354-1284470638-1380</Data><Data Name="SubjectUserName">crodriguez</Data><Data Name="SubjectDomainName">GRAVYWHALE</Data><Data Name="SubjectLogonId">0x6c038</Data><Data Name="NewProcessId">0x956a</Data><Data Name="NewProcessName">C:\Program Files\Google\Chrome\Application\chrome.exe</Data><Data Name="TokenElevationType">%%1936</Data><Data Name="ProcessId">0x7fb0</Data><Data Name="CommandLine">C:\Program Files\Google\Chrome\Application\chrome.exe</Data><Data Name="TargetUserSid">S-1-0-0</Data><Data Name="TargetUserName">-</Data><Data Name="TargetDomainName">-</Data><Data Name="TargetLogonId">0x0</Data><Data Name="ParentProcessName">C:\Windows\System32\explorer.exe</Data><Data Name="MandatoryLabel">S-1-16-8192</Data></EventData></Event>
<?xml version="1.0"?><Event xmlns="http://schemas.microsoft.com/win/2004/08/events/event"><System><Provider Name="Microsoft-Windows-Security-Auditing" Guid="{54849625-5478-4994-A5BA-3E3B0328C30D}"/><EventID>4688</EventID><Version>2</Version><Level>0</Level><Task>13312</Task><Opcode>0</Opcode><Keywords>0x8020000000000000</Keywords><TimeCreated SystemTime="2026-09-23T15:10:52.674598211Z"/><EventRecordID>92675756</EventRecordID><Correlation/><Execution ProcessID="1089" ThreadID="2423"/><Channel>Security</Channel><Computer>GW-F-1640</Computer><Security/></System><EventData><Data Name="SubjectUserSid">S-1-5-21-1957994488-2000478354-1284470638-6806</Data><Data Name="SubjectUserName">rmorris</Data><Data Name="SubjectDomainName">GRAVYWHALE</Data><Data Name="SubjectLogonId">0xcb5665</Data><Data Name="NewProcessId">0x9990</Data><Data Name="NewProcessName">C:\Program Files\Google\Chrome\Application\chrome.exe</Data><Data Name="TokenElevationType">%%1936</Data><Data Name="ProcessId">0xc13</Data><Data Name="CommandLine">C:\Program Files\Google\Chrome\Application\chrome.exe</Data><Data Name="TargetUserSid">S-1-0-0</Data><Data Name="TargetUserName">-</Data><Data Name="TargetDomainName">-</Data><Data Name="TargetLogonId">0x0</Data><Data Name="ParentProcessName">C:\Windows\System32\explorer.exe</Data><Data Name="MandatoryLabel">S-1-16-8192</Data></EventData></Event>
<?xml version="1.0"?><Event xmlns="http://schemas.microsoft.com/win/2004/08/events/event"><System><Provider Name="Microsoft-Windows-Security-Auditing" Guid="{54849625-5478-4994-A5BA-3E3B0328C30D}"/><EventID>4688</EventID><Version>2</Version><Level>0</Level><Task>13312</Task><Opcode>0</Opcode><Keywords>0x8020000000000000</Keywords><TimeCreated SystemTime="2026-09-23T15:11:05.405737491Z"/><EventRecordID>25020958</EventRecordID><Correlation/><Execution ProcessID="7050" ThreadID="4636"/><Channel>Security</Channel><Computer>GW-HR-1483</Computer><Security/></System><EventData><Data Name="SubjectUserSid">S-1-5-21-1957994488-2000478354-1284470638-6014</Data><Data Name="SubjectUserName">krivera</Data><Data Name="SubjectDomainName">GRAVYWHALE</Data><Data Name="SubjectLogonId">0x38c091</Data><Data Name="NewProcessId">0xc0c1</Data><Data Name="NewProcessName">C:\Users\krivera\AppData\Local\Microsoft\Teams\current\Teams.exe</Data><Data Name="TokenElevationType">%%1936</Data><Data Name="ProcessId">0x77c0</Data><Data Name="CommandLine">C:\Users\krivera\AppData\Local\Microsoft\Teams\current\Teams.exe</Data><Data Name="TargetUserSid">S-1-0-0</Data><Data Name="TargetUserName">-</Data><Data Name="TargetDomainName">-</Data><Data Name="TargetLogonId">0x0</Data><Data Name="ParentProcessName">C:\Windows\System32\explorer.exe</Data><Data Name="MandatoryLabel">S-1-16-8192</Data></EventData></Event>
<?xml version="1.0"?><Event xmlns="http://schemas.microsoft.com/win/2004/08/events/event"><System><Provider Name="Microsoft-Windows-Security-Auditing" Guid="{54849625-5478-4994-A5BA-3E3B0328C30D}"/><EventID>4688</EventID><Version>2</Version><Level>0</Level><Task>13312</Task><Opcode>0</Opcode><Keywords>0x8020000000000000</Keywords><TimeCreated SystemTime="2026-09-23T15:11:13.035090728Z"/><EventRecordID>52316328</EventRecordID><Correlation/><Execution ProcessID="2126" ThreadID="850"/><Channel>Security</Channel><Computer>GW-S-4816</Computer><Security/></System><EventData><Data Name="SubjectUserSid">S-1-5-21-1957994488-2000478354-1284470638-6181</Data><Data Name="SubjectUserName">jjohnson</Data><Data Name="SubjectDomainName">GRAVYWHALE</Data><Data Name="SubjectLogonId">0x5d9c1b</Data><Data Name="NewProcessId">0x9b13</Data><Data Name="NewProcessName">C:\Users\jjohnson\AppData\Local\Microsoft\OneDrive\OneDrive.exe</Data><Data Name="TokenElevationType">%%1936</Data><Data Name="ProcessId">0xe079</Data><Data Name="CommandLine">C:\Users\jjohnson\AppData\Local\Microsoft\OneDrive\OneDrive.exe</Data><Data Name="TargetUserSid">S-1-0-0</Data><Data Name="TargetUserName">-</Data><Data Name="TargetDomainName">-</Data><Data Name="TargetLogonId">0x0</Data><Data Name="ParentProcessName">C:\Windows\System32\explorer.exe</Data><Data Name="MandatoryLabel">S-1-16-8192</Data></EventData></Event>
<?xml version="1.0"?><Event xmlns="http://schemas.microsoft.com/win/2004/08/events/event"><System><Provider Name="Microsoft-Windows-Security-Auditing" Guid="{54849625-5478-4994-A5BA-3E3B0328C30D}"/><EventID>4688</EventID><Version>2</Version><Level>0</Level><Task>13312</Task><Opcode>0</Opcode><Keywords>0x8020000000000000</Keywords><TimeCreated SystemTime="2026-09-23T15:11:44.681542439Z"/><EventRecordID>40322672</EventRecordID><Correlation/><Execution ProcessID="4208" ThreadID="1193"/><Channel>Security</Channel><Computer>GW-E-3887</Computer><Security/></System><EventData><Data Name="SubjectUserSid">S-1-5-21-1957994488-2000478354-1284470638-5880</Data><Data Name="SubjectUserName">larias</Data><Data Name="SubjectDomainName">GRAVYWHALE</Data><Data Name="SubjectLogonId">0xec197e</Data><Data Name="NewProcessId">0x230f</Data><Data Name="NewProcessName">C:\Program Files\Microsoft Office\root\Office16\OUTLOOK.EXE</Data><Data Name="TokenElevationType">%%1936</Data><Data Name="ProcessId">0x28f3</Data><Data Name="CommandLine">C:\Program Files\Microsoft Office\root\Office16\OUTLOOK.EXE</Data><Data Name="TargetUserSid">S-1-0-0</Data><Data Name="TargetUserName">-</Data><Data Name="TargetDomainName">-</Data><Data Name="TargetLogonId">0x0</Data><Data Name="ParentProcessName">C:\Windows\System32\explorer.exe</Data><Data Name="MandatoryLabel">S-1-16-8192</Data></EventData></Event>
<?xml version="1.0"?><Event xmlns="http://schemas.microsoft.com/win/2004/08/events/event"><System><Provider Name="Microsoft-Windows-Security-Auditing" Guid="{54849625-5478-4994-A5BA-3E3B0328C30D}"/><EventID>4688</EventID><Version>2</Version><Level>0</Level><Task>13312</Task><Opcode>0</Opcode><Keywords>0x8020000000000000</Keywords><TimeCreated SystemTime="2026-09-23T15:11:52.904079154Z"/><EventRecordID>28443910</EventRecordID><Correlation/><Execution ProcessID="5304" ThreadID="7838"/><Channel>Security</Channel><Computer>GW-E-2221</Computer><Security/></System><EventData><Data Name="SubjectUserSid">S-1-5-21-1957994488-2000478354-1284470638-2552</Data><Data Name="SubjectUserName">ctrevino</Data><Data Name="SubjectDomainName">GRAVYWHALE</Data><Data Name="SubjectLogonId">0x7f32ff</Data><Data Name="NewProcessId">0x16b0</Data><Data Name="NewProcessName">C:\Users\ctrevino\AppData\Local\Microsoft\OneDrive\OneDrive.exe</Data><Data Name="TokenElevationType">%%1936</Data><Data Name="ProcessId">0x96a3</Data><Data Name="CommandLine">C:\Users\ctrevino\AppData\Local\Microsoft\OneDrive\OneDrive.exe</Data><Data Name="TargetUserSid">S-1-0-0</Data><Data Name="TargetUserName">-</Data><Data Name="TargetDomainName">-</Data><Data Name="TargetLogonId">0x0</Data><Data Name="ParentProcessName">C:\Windows\System32\explorer.exe</Data><Data Name="MandatoryLabel">S-1-16-8192</Data></EventData></Event>
<?xml version="1.0"?><Event xmlns="http://schemas.microsoft.com/win/2004/08/events/event"><System><Provider Name="Microsoft-Windows-Security-Auditing" Guid="{54849625-5478-4994-A5BA-3E3B0328C30D}"/><EventID>4688</EventID><Version>2</Version><Level>0</Level><Task>13312</Task><Opcode>0</Opcode><Keywords>0x8020000000000000</Keywords><TimeCreated SystemTime="2026-09-23T15:11:56.381901174Z"/><EventRecordID>72761668</EventRecordID><Correlation/><Execution ProcessID="1728" ThreadID="3828"/><Channel>Security</Channel><Computer>GW-E-8470-2</Computer><Security/></System><EventData><Data Name="SubjectUserSid">S-1-5-21-1957994488-2000478354-1284470638-6142</Data><Data Name="SubjectUserName">cmiller</Data><Data Name="SubjectDomainName">GRAVYWHALE</Data><Data Name="SubjectLogonId">0xd459bf</Data><Data Name="NewProcessId">0x5931</Data><Data Name="NewProcessName">C:\Users\cmiller\AppData\Local\Microsoft\OneDrive\OneDrive.exe</Data><Data Name="TokenElevationType">%%1936</Data><Data Name="ProcessId">0x82a5</Data><Data Name="CommandLine">C:\Users\cmiller\AppData\Local\Microsoft\OneDrive\OneDrive.exe</Data><Data Name="TargetUserSid">S-1-0-0</Data><Data Name="TargetUserName">-</Data><Data Name="TargetDomainName">-</Data><Data Name="TargetLogonId">0x0</Data><Data Name="ParentProcessName">C:\Windows\System32\explorer.exe</Data><Data Name="MandatoryLabel">S-1-16-8192</Data></EventData></Event>
