<?xml version="1.0"?><Event xmlns="http://schemas.microsoft.com/win/2004/08/events/event"><System><Provider Name="Microsoft-Windows-Security-Auditing" Guid="{54849625-5478-4994-A5BA-3E3B0328C30D}"/><EventID>4688</EventID><Version>2</Version><Level>0</Level><Task>13312</Task><Opcode>0</Opcode><Keywords>0x8020000000000000</Keywords><TimeCreated SystemTime="2026-09-23T16:29:11.829843649Z"/><EventRecordID>32163428</EventRecordID><Correlation/><Execution ProcessID="3616" ThreadID="4790"/><Channel>Security</Channel><Computer>GW-S-8420</Computer><Security/></System><EventData><Data Name="SubjectUserSid">S-1-5-21-1957994488-2000478354-1284470638-8580</Data><Data Name="SubjectUserName">hgrant</Data><Data Name="SubjectDomainName">GRAVYWHALE</Data><Data Name="SubjectLogonId">0x7a2846</Data><Data Name="NewProcessId">0x5e21</Data><Data Name="NewProcessName">C:\Users\hgrant\AppData\Local\Microsoft\Teams\current\Teams.exe</Data><Data Name="TokenElevationType">%%1936</Data><Data Name="ProcessId">0xd97c</Data><Data Name="CommandLine">C:\Users\hgrant\AppData\Local\Microsoft\Teams\current\Teams.exe</Data><Data Name="TargetUserSid">S-1-0-0</Data><Data Name="TargetUserName">-</Data><Data Name="TargetDomainName">-</Data><Data Name="TargetLogonId">0x0</Data><Data Name="ParentProcessName">C:\Windows\System32\explorer.exe</Data><Data Name="MandatoryLabel">S-1-16-8192</Data></EventData></Event>
<?xml version="1.0"?><Event xmlns="http://schemas.microsoft.com/win/2004/08/events/event"><System><Provider Name="Microsoft-Windows-Security-Auditing" Guid="{54849625-5478-4994-A5BA-3E3B0328C30D}"/><EventID>4688</EventID><Version>2</Version><Level>0</Level><Task>13312</Task><Opcode>0</Opcode><Keywords>0x8020000000000000</Keywords><TimeCreated SystemTime="2026-09-23T16:29:24.624102627Z"/><EventRecordID>40474958</EventRecordID><Correlation/><Execution ProcessID="6401" ThreadID="3136"/><Channel>Security</Channel><Computer>GW-O-9946</Computer><Security/></System><EventData><Data Name="SubjectUserSid">S-1-5-21-1957994488-2000478354-1284470638-3592</Data><Data Name="SubjectUserName">cgray</Data><Data Name="SubjectDomainName">GRAVYWHALE</Data><Data Name="SubjectLogonId">0x5bda71</Data><Data Name="NewProcessId">0xffc0</Data><Data Name="NewProcessName">C:\Users\cgray\AppData\Local\Microsoft\OneDrive\OneDrive.exe</Data><Data Name="TokenElevationType">%%1936</Data><Data Name="ProcessId">0xdfd9</Data><Data Name="CommandLine">C:\Users\cgray\AppData\Local\Microsoft\OneDrive\OneDrive.exe</Data><Data Name="TargetUserSid">S-1-0-0</Data><Data Name="TargetUserName">-</Data><Data Name="TargetDomainName">-</Data><Data Name="TargetLogonId">0x0</Data><Data Name="ParentProcessName">C:\Windows\System32\explorer.exe</Data><Data Name="MandatoryLabel">S-1-16-8192</Data></EventData></Event>
<?xml version="1.0"?><Event xmlns="http://schemas.microsoft.com/win/2004/08/events/event"><System><Provider Name="Microsoft-Windows-Security-Auditing" Guid="{54849625-5478-4994-A5BA-3E3B0328C30D}"/><EventID>4688</EventID><Version>2</Version><Level>0</Level><Task>13312</Task><Opcode>0</Opcode><Keywords>0x8020000000000000</Keywords><TimeCreated SystemTime="2026-09-23T16:29:36.275864023Z"/><EventRecordID>57713436</EventRecordID><Correlation/><Execution ProcessID="7884" ThreadID="738"/><Channel>Security</Channel><Computer>GW-S-8420</Computer><Security/></System><EventData><Data Name="SubjectUserSid">S-1-5-21-1957994488-2000478354-1284470638-8580</Data><Data Name="SubjectUserName">hgrant</Data><Data Name="SubjectDomainName">GRAVYWHALE</Data><Data Name="SubjectLogonId">0x8fb4e2</Data><Data Name="NewProcessId">0xa442</Data><Data Name="NewProcessName">C:\Program Files\Microsoft Office\root\Office16\OUTLOOK.EXE</Data><Data Name="TokenElevationType">%%1936</Data><Data Name="ProcessId">0xaa79</Data><Data Name="CommandLine">C:\Program Files\Microsoft Office\root\Office16\OUTLOOK.EXE</Data><Data Name="TargetUserSid">S-1-0-0</Data><Data Name="TargetUserName">-</Data><Data Name="TargetDomainName">-</Data><Data Name="TargetLogonId">0x0</Data><Data Name="ParentProcessName">C:\Windows\System32\explorer.exe</Data><Data Name="MandatoryLabel">S-1-16-8192</Data></EventData></Event>
<?xml version="1.0"?><Event xmlns="http://schemas.microsoft.com/win/2004/08/events/event"><System><Provider Name="Microsoft-Windows-Security-Auditing" Guid="{54849625-5478-4994-A5BA-3E3B0328C30D}"/><EventID>4688</EventID><Version>2</Version><Level>0</Level><Task>13312</Task><Opcode>0</Opcode><Keywords>0x8020000000000000</Keywords><TimeCreated SystemTime="2026-09-23T16:29:51.835483220Z"/><EventRecordID>37529053</EventRecordID><Correlation/><Execution ProcessID="8119" ThreadID="8440"/><Channel>Security</Channel><Computer>GW-E-6240</Computer><Security/></System><EventData><Data Name="SubjectUserSid">S-1-5-21-1957994488-2000478354-1284470638-5138</Data><Data Name="SubjectUserName">gskinner</Data><Data Name="SubjectDomainName">GRAVYWHALE</Data><Data Name="SubjectLogonId">0x389d96</Data><Data Name="NewProcessId">0x8eb1</Data><Data Name="NewProcessName">C:\Users\gskinner\AppData\Local\Microsoft\OneDrive\OneDrive.exe</Data><Data Name="TokenElevationType">%%1936</Data><Data Name="ProcessId">0x23da</Data><Data Name="CommandLine">C:\Users\gskinner\AppData\Local\Microsoft\OneDrive\OneDrive.exe</Data><Data Name="TargetUserSid">S-1-0-0</Data><Data Name="TargetUserName">-</Data><Data Name="TargetDomainName">-</Data><Data Name="TargetLogonId">0x0</Data><Data Name="ParentProcessName">C:\Windows\System32\explorer.exe</Data><Data Name="MandatoryLabel">S-1-16-8192</Data></EventData></Event>
<?xml version="1.0"?><Event xmlns="http://schemas.microsoft.com/win/2004/08/events/event"><System><Provider Name="Microsoft-Windows-Security-Auditing" Guid="{54849625-5478-4994-A5BA-3E3B0328C30D}"/><EventID>4688</EventID><Version>2</Version><Level>0</Level><Task>13312</Task><Opcode>0</Opcode><Keywords>0x8020000000000000</Keywords><TimeCreated SystemTime="2026-09-23T16:30:04.665848835Z"/><EventRecordID>93330076</EventRecordID><Correlation/><Execution ProcessID="400" ThreadID="5721"/><Channel>Security</Channel><Computer>GW-E-8459</Computer><Security/></System><EventData><Data Name="SubjectUserSid">S-1-5-21-1957994488-2000478354-1284470638-8286</Data><Data Name="SubjectUserName">dfrench</Data><Data Name="SubjectDomainName">GRAVYWHALE</Data><Data Name="SubjectLogonId">0xea0b85</Data><Data Name="NewProcessId">0xabf1</Data><Data Name="NewProcessName">C:\Users\dfrench\AppData\Local\Microsoft\OneDrive\OneDrive.exe</Data><Data Name="TokenElevationType">%%1936</Data><Data Name="ProcessId">0xe297</Data><Data Name="CommandLine">C:\Users\dfrench\AppData\Local\Microsoft\OneDrive\OneDrive.exe</Data><Data Name="TargetUserSid">S-1-0-0</Data><Data Name="TargetUserName">-</Data><Data Name="TargetDomainName">-</Data><Data Name="TargetLogonId">0x0</Data><Data Name="ParentProcessName">C:\Windows\System32\explorer.exe</Data><Data Name="MandatoryLabel">S-1-16-8192</Data></EventData></Event>
<?xml version="1.0"?><Event xmlns="http://schemas.microsoft.com/win/2004/08/events/event"><System><Provider Name="Microsoft-Windows-Security-Auditing" Guid="{54849625-5478-4994-A5BA-3E3B0328C30D}"/><EventID>4688</EventID><Version>2</Version><Level>0</Level><Task>13312</Task><Opcode>0</Opcode><Keywords>0x8020000000000000</Keywords><TimeCreated SystemTime="2026-09-23T16:30:11.353705304Z"/><EventRecordID>72838806</EventRecordID><Correlation/><Execution ProcessID="1996" ThreadID="3675"/><Channel>Security</Channel><Computer>GW-E-8912</Computer><Security/></System><EventData><Data Name="SubjectUserSid">S-1-5-21-1957994488-2000478354-1284470638-8072</Data><Data Name="SubjectUserName">garnold</Data><Data Name="SubjectDomainName">GRAVYWHALE</Data><Data Name="SubjectLogonId">0xbf8fd3</Data><Data Name="NewProcessId">0x2262</Data><Data Name="NewProcessName">C:\Users\garnold\AppData\Local\Microsoft\Teams\current\Teams.exe</Data><Data Name="TokenElevationType">%%1936</Data><Data Name="ProcessId">0xbcf</Data><Data Name="CommandLine">C:\Users\garnold\AppData\Local\Microsoft\Teams\current\Teams.exe</Data><Data Name="TargetUserSid">S-1-0-0</Data><Data Name="TargetUserName">-</Data><Data Name="TargetDomainName">-</Data><Data Name="TargetLogonId">0x0</Data><Data Name="ParentProcessName">C:\Windows\System32\explorer.exe</Data><Data Name="MandatoryLabel">S-1-16-8192</Data></EventData></Event>
<?xml version="1.0"?><Event xmlns="http://schemas.microsoft.com/win/2004/08/events/event"><System><Provider Name="Microsoft-Windows-Security-Auditing" Guid="{54849625-5478-4994-A5BA-3E3B0328C30D}"/><EventID>4688</EventID><Version>2</Version><Level>0</Level><Task>13312</Task><Opcode>0</Opcode><Keywords>0x8020000000000000</Keywords><TimeCreated SystemTime="2026-09-23T16:30:16.218499594Z"/><EventRecordID>28774063</EventRecordID><Correlation/><Execution ProcessID="3828" ThreadID="2678"/><Channel>Security</Channel><Computer>GW-F-2709</Computer><Security/></System><EventData><Data Name="SubjectUserSid">S-1-5-21-1957994488-2000478354-1284470638-6077</Data><Data Name="SubjectUserName">bcharles</Data><Data Name="SubjectDomainName">GRAVYWHALE</Data><Data Name="SubjectLogonId">0x5398db</Data><Data Name="NewProcessId">0xa847</Data><Data Name="NewProcessName">C:\Program Files\Microsoft Office\root\Office16\EXCEL.EXE</Data><Data Name="TokenElevationType">%%1936</Data><Data Name="ProcessId">0xd36f</Data><Data Name="CommandLine">C:\Program Files\Microsoft Office\root\Office16\EXCEL.EXE</Data><Data Name="TargetUserSid">S-1-0-0</Data><Data Name="TargetUserName">-</Data><Data Name="TargetDomainName">-</Data><Data Name="TargetLogonId">0x0</Data><Data Name="ParentProcessName">C:\Windows\System32\explorer.exe</Data><Data Name="MandatoryLabel">S-1-16-8192</Data></EventData></Event>
<?xml version="1.0"?><Event xmlns="http://schemas.microsoft.com/win/2004/08/events/event"><System><Provider Name="Microsoft-Windows-Security-Auditing" Guid="{54849625-5478-4994-A5BA-3E3B0328C30D}"/><EventID>4688</EventID><Version>2</Version><Level>0</Level><Task>13312</Task><Opcode>0</Opcode><Keywords>0x8020000000000000</Keywords><TimeCreated SystemTime="2026-09-23T16:30:45.700871289Z"/><EventRecordID>26151016</EventRecordID><Correlation/><Execution ProcessID="3817" ThreadID="2045"/><Channel>Security</Channel><Computer>GW-E-6240</Computer><Security/></System><EventData><Data Name="SubjectUserSid">S-1-5-21-1957994488-2000478354-1284470638-5138</Data><Data Name="SubjectUserName">gskinner</Data><Data Name="SubjectDomainName">GRAVYWHALE</Data><Data Name="SubjectLogonId">0x37fc19</Data><Data Name="NewProcessId">0x1f5c</Data><Data Name="NewProcessName">C:\Program Files\Git\cmd\git.exe</Data><Data Name="TokenElevationType">%%1936</Data><Data Name="ProcessId">0xc097</Data><Data Name="CommandLine">C:\Program Files\Git\cmd\git.exe</Data><Data Name="TargetUserSid">S-1-0-0</Data><Data Name="TargetUserName">-</Data><Data Name="TargetDomainName">-</Data><Data Name="TargetLogonId">0x0</Data><Data Name="ParentProcessName">C:\Windows\System32\explorer.exe</Data><Data Name="MandatoryLabel">S-1-16-8192</Data></EventData></Event>
<?xml version="1.0"?><Event xmlns="http://schemas.microsoft.com/win/2004/08/events/event"><System><Provider Name="Microsoft-Windows-Security-Auditing" Guid="{54849625-5478-4994-A5BA-3E3B0328C30D}"/><EventID>4688</EventID><Version>2</Version><Level>0</Level><Task>13312</Task><Opcode>0</Opcode><Keywords>0x8020000000000000</Keywords><TimeCreated SystemTime="2026-09-23T16:30:58.540694772Z"/><EventRecordID>16094691</EventRecordID><Correlation/><Execution ProcessID="5486" ThreadID="1322"/><Channel>Security</Channel><Computer>GW-IT-7788</Computer><Security/></System><EventData><Data Name="SubjectUserSid">S-1-5-21-1957994488-2000478354-1284470638-2941</Data><Data Name="SubjectUserName">mgonzalez</Data><Data Name="SubjectDomainName">GRAVYWHALE</Data><Data Name="SubjectLogonId">0x458bfa</Data><Data Name="NewProcessId">0x9511</Data><Data Name="NewProcessName">C:\Program Files\Google\Chrome\Application\chrome.exe</Data><Data Name="TokenElevationType">%%1936</Data><Data Name="ProcessId">0xa60</Data><Data Name="CommandLine">C:\Program Files\Google\Chrome\Application\chrome.exe</Data><Data Name="TargetUserSid">S-1-0-0</Data><Data Name="TargetUserName">-</Data><Data Name="TargetDomainName">-</Data><Data Name="TargetLogonId">0x0</Data><Data Name="ParentProcessName">C:\Windows\System32\explorer.exe</Data><Data Name="MandatoryLabel">S-1-16-8192</Data></EventData></Event>
<?xml version="1.0"?><Event xmlns="http://schemas.microsoft.com/win/2004/08/events/event"><System><Provider Name="Microsoft-Windows-Security-Auditing" Guid="{54849625-5478-4994-A5BA-3E3B0328C30D}"/><EventID>4688</EventID><Version>2</Version><Level>0</Level><Task>13312</Task><Opcode>0</Opcode><Keywords>0x8020000000000000</Keywords><TimeCreated SystemTime="2026-09-23T16:31:07.088249735Z"/><EventRecordID>73158533</EventRecordID><Correlation/><Execution ProcessID="4780" ThreadID="3227"/><Channel>Security</Channel><Computer>GW-F-4459</Computer><Security/></System><EventData><Data Name="SubjectUserSid">S-1-5-21-1957994488-2000478354-1284470638-3068</Data><Data Name="SubjectUserName">ewatson</Data><Data Name="SubjectDomainName">GRAVYWHALE</Data><Data Name="SubjectLogonId">0x5aed66</Data><Data Name="NewProcessId">0x7e9a</Data><Data Name="NewProcessName">C:\Program Files\Google\Chrome\Application\chrome.exe</Data><Data Name="TokenElevationType">%%1936</Data><Data Name="ProcessId">0x8102</Data><Data Name="CommandLine">C:\Program Files\Google\Chrome\Application\chrome.exe</Data><Data Name="TargetUserSid">S-1-0-0</Data><Data Name="TargetUserName">-</Data><Data Name="TargetDomainName">-</Data><Data Name="TargetLogonId">0x0</Data><Data Name="ParentProcessName">C:\Windows\System32\explorer.exe</Data><Data Name="MandatoryLabel">S-1-16-8192</Data></EventData></Event>
<?xml version="1.0"?><Event xmlns="http://schemas.microsoft.com/win/2004/08/events/event"><System><Provider Name="Microsoft-Windows-Security-Auditing" Guid="{54849625-5478-4994-A5BA-3E3B0328C30D}"/><EventID>4688</EventID><Version>2</Version><Level>0</Level><Task>13312</Task><Opcode>0</Opcode><Keywords>0x8020000000000000</Keywords><TimeCreated SystemTime="2026-09-23T16:31:08.823021831Z"/><EventRecordID>18174776</EventRecordID><Correlation/><Execution ProcessID="6671" ThreadID="5067"/><Channel>Security</Channel><Computer>GW-S-6311</Computer><Security/></System><EventData><Data Name="SubjectUserSid">S-1-5-21-1957994488-2000478354-1284470638-2761</Data><Data Name="SubjectUserName">jroach</Data><Data Name="SubjectDomainName">GRAVYWHALE</Data><Data Name="SubjectLogonId">0xf4c4e6</Data><Data Name="NewProcessId">0x1ced</Data><Data Name="NewProcessName">C:\Users\jroach\AppData\Local\Microsoft\OneDrive\OneDrive.exe</Data><Data Name="TokenElevationType">%%1936</Data><Data Name="ProcessId">0x23f9</Data><Data Name="CommandLine">C:\Users\jroach\AppData\Local\Microsoft\OneDrive\OneDrive.exe</Data><Data Name="TargetUserSid">S-1-0-0</Data><Data Name="TargetUserName">-</Data><Data Name="TargetDomainName">-</Data><Data Name="TargetLogonId">0x0</Data><Data Name="ParentProcessName">C:\Windows\System32\explorer.exe</Data><Data Name="MandatoryLabel">S-1-16-8192</Data></EventData></Event>
<?xml version="1.0"?><Event xmlns="http://schemas.microsoft.com/win/2004/08/events/event"><System><Provider Name="Microsoft-Windows-Security-Auditing" Guid="{54849625-5478-4994-A5BA-3E3B0328C30D}"/><EventID>4688</EventID><Version>2</Version><Level>0</Level><Task>13312</Task><Opcode>0</Opcode><Keywords>0x8020000000000000</Keywords><TimeCreated SystemTime="2026-09-23T16:31:26.114090313Z"/><EventRecordID>62085714</EventRecordID><Correlation/><Execution ProcessID="8954" ThreadID="4124"/><Channel>Security</Channel><Computer>GW-F-5457</Computer><Security/></System><EventData><Data Name="SubjectUserSid">S-1-5-21-1957994488-2000478354-1284470638-8359</Data><Data Name="SubjectUserName">powen</Data><Data Name="SubjectDomainName">GRAVYWHALE</Data><Data Name="SubjectLogonId">0xe91b4f</Data><Data Name="NewProcessId">0x5d7d</Data><Data Name="NewProcessName">C:\Program Files\Microsoft Office\root\Office16\OUTLOOK.EXE</Data><Data Name="TokenElevationType">%%1936</Data><Data Name="ProcessId">0x9d77</Data><Data Name="CommandLine">C:\Program Files\Microsoft Office\root\Office16\OUTLOOK.EXE</Data><Data Name="TargetUserSid">S-1-0-0</Data><Data Name="TargetUserName">-</Data><Data Name="TargetDomainName">-</Data><Data Name="TargetLogonId">0x0</Data><Data Name="ParentProcessName">C:\Windows\System32\explorer.exe</Data><Data Name="MandatoryLabel">S-1-16-8192</Data></EventData></Event>
<?xml version="1.0"?><Event xmlns="http://schemas.microsoft.com/win/2004/08/events/event"><System><Provider Name="Microsoft-Windows-Security-Auditing" Guid="{54849625-5478-4994-A5BA-3E3B0328C30D}"/><EventID>4688</EventID><Version>2</Version><Level>0</Level><Task>13312</Task><Opcode>0</Opcode><Keywords>0x8020000000000000</Keywords><TimeCreated SystemTime="2026-09-23T16:31:46.276492171Z"/><EventRecordID>25835934</EventRecordID><Correlation/><Execution ProcessID="5740" ThreadID="3430"/><Channel>Security</Channel><Computer>GW-F-5457</Computer><Security/></System><EventData><Data Name="SubjectUserSid">S-1-5-21-1957994488-2000478354-1284470638-8359</Data><Data Name="SubjectUserName">powen</Data><Data Name="SubjectDomainName">GRAVYWHALE</Data><Data Name="SubjectLogonId">0x88202c</Data><Data Name="NewProcessId">0xd916</Data><Data Name="NewProcessName">C:\Program Files\Google\Chrome\Application\chrome.exe</Data><Data Name="TokenElevationType">%%1936</Data><Data Name="ProcessId">0x3b9d</Data><Data Name="CommandLine">C:\Program Files\Google\Chrome\Application\chrome.exe</Data><Data Name="TargetUserSid">S-1-0-0</Data><Data Name="TargetUserName">-</Data><Data Name="TargetDomainName">-</Data><Data Name="TargetLogonId">0x0</Data><Data Name="ParentProcessName">C:\Windows\System32\explorer.exe</Data><Data Name="MandatoryLabel">S-1-16-8192</Data></EventData></Event>
<?xml version="1.0"?><Event xmlns="http://schemas.microsoft.com/win/2004/08/events/event"><System><Provider Name="Microsoft-Windows-Security-Auditing" Guid="{54849625-5478-4994-A5BA-3E3B0328C30D}"/><EventID>4688</EventID><Version>2</Version><Level>0</Level><Task>13312</Task><Opcode>0</Opcode><Keywords>0x8020000000000000</Keywords><TimeCreated SystemTime="2026-09-23T16:31:48.230020723Z"/><EventRecordID>26098153</EventRecordID><Correlation/><Execution ProcessID="7681" ThreadID="7482"/><Channel>Security</Channel><Computer>GW-IT-2686</Computer><Security/></System><EventData><Data Name="SubjectUserSid">S-1-5-21-1957994488-2000478354-1284470638-4737</Data><Data Name="SubjectUserName">mherman</Data><Data Name="SubjectDomainName">GRAVYWHALE</Data><Data Name="SubjectLogonId">0xec01bb</Data><Data Name="NewProcessId">0x1d0f</Data><Data Name="NewProcessName">C:\Program Files\Google\Chrome\Application\chrome.exe</Data><Data Name="TokenElevationType">%%1936</Data><Data Name="ProcessId">0xb85c</Data><Data Name="CommandLine">C:\Program Files\Google\Chrome\Application\chrome.exe</Data><Data Name="TargetUserSid">S-1-0-0</Data><Data Name="TargetUserName">-</Data><Data Name="TargetDomainName">-</Data><Data Name="TargetLogonId">0x0</Data><Data Name="ParentProcessName">C:\Windows\System32\explorer.exe</Data><Data Name="MandatoryLabel">S-1-16-8192</Data></EventData></Event>
<?xml version="1.0"?><Event xmlns="http://schemas.microsoft.com/win/2004/08/events/event"><System><Provider Name="Microsoft-Windows-Security-Auditing" Guid="{54849625-5478-4994-A5BA-3E3B0328C30D}"/><EventID>4688</EventID><Version>2</Version><Level>0</Level><Task>13312</Task><Opcode>0</Opcode><Keywords>0x8020000000000000</Keywords><TimeCreated SystemTime="2026-09-23T16:31:50.530510131Z"/><EventRecordID>50214876</EventRecordID><Correlation/><Execution ProcessID="4672" ThreadID="4215"/><Channel>Security</Channel><Computer>GW-O-2397</Computer><Security/></System><EventData><Data Name="SubjectUserSid">S-1-5-21-1957994488-2000478354-1284470638-6701</Data><Data Name="SubjectUserName">ljoseph</Data><Data Name="SubjectDomainName">GRAVYWHALE</Data><Data Name="SubjectLogonId">0x9f1ec6</Data><Data Name="NewProcessId">0xb49e</Data><Data Name="NewProcessName">C:\Users\ljoseph\AppData\Local\Microsoft\OneDrive\OneDrive.exe</Data><Data Name="TokenElevationType">%%1936</Data><Data Name="ProcessId">0x1cb1</Data><Data Name="CommandLine">C:\Users\ljoseph\AppData\Local\Microsoft\OneDrive\OneDrive.exe</Data><Data Name="TargetUserSid">S-1-0-0</Data><Data Name="TargetUserName">-</Data><Data Name="TargetDomainName">-</Data><Data Name="TargetLogonId">0x0</Data><Data Name="ParentProcessName">C:\Windows\System32\explorer.exe</Data><Data Name="MandatoryLabel">S-1-16-8192</Data></EventData></Event>
<?xml version="1.0"?><Event xmlns="http://schemas.microsoft.com/win/2004/08/events/event"><System><Provider Name="Microsoft-Windows-Security-Auditing" Guid="{54849625-5478-4994-A5BA-3E3B0328C30D}"/><EventID>4688</EventID><Version>2</Version><Level>0</Level><Task>13312</Task><Opcode>0</Opcode><Keywords>0x8020000000000000</Keywords><TimeCreated SystemTime="2026-09-23T16:31:58.035500815Z"/><EventRecordID>19432076</EventRecordID><Correlation/><Execution ProcessID="4055" ThreadID="1295"/><Channel>Security</Channel><Computer>GW-E-3987</Computer><Security/></System><EventData><Data Name="SubjectUserSid">S-1-5-21-1957994488-2000478354-1284470638-3074</Data><Data Name="SubjectUserName">charrison</Data><Data Name="SubjectDomainName">GRAVYWHALE</Data><Data Name="SubjectLogonId">0x20a917</Data><Data Name="NewProcessId">0xc1df</Data><Data Name="NewProcessName">C:\Program Files\Microsoft Office\root\Office16\OUTLOOK.EXE</Data><Data Name="TokenElevationType">%%1936</Data><Data Name="ProcessId">0xde19</Data><Data Name="CommandLine">C:\Program Files\Microsoft Office\root\Office16\OUTLOOK.EXE</Data><Data Name="TargetUserSid">S-1-0-0</Data><Data Name="TargetUserName">-</Data><Data Name="TargetDomainName">-</Data><Data Name="TargetLogonId">0x0</Data><Data Name="ParentProcessName">C:\Windows\System32\explorer.exe</Data><Data Name="MandatoryLabel">S-1-16-8192</Data></EventData></Event>
<?xml version="1.0"?><Event xmlns="http://schemas.microsoft.com/win/2004/08/events/event"><System><Provider Name="Microsoft-Windows-Security-Auditing" Guid="{54849625-5478-4994-A5BA-3E3B0328C30D}"/><EventID>4688</EventID><Version>2</Version><Level>0</Level><Task>13312</Task><Opcode>0</Opcode><Keywords>0x8020000000000000</Keywords><TimeCreated SystemTime="2026-09-23T16:32:10.585202001Z"/><EventRecordID>52061112</EventRecordID><Correlation/><Execution ProcessID="7095" ThreadID="1429"/><Channel>Security</Channel><Computer>GW-M-9241</Computer><Security/></System><EventData><Data Name="SubjectUserSid">S-1-5-21-1957994488-2000478354-1284470638-8634</Data><Data Name="SubjectUserName">ljackson</Data><Data Name="SubjectDomainName">GRAVYWHALE</Data><Data Name="SubjectLogonId">0x5ae598</Data><Data Name="NewProcessId">0xc463</Data><Data Name="NewProcessName">C:\Program Files\Google\Chrome\Application\chrome.exe</Data><Data Name="TokenElevationType">%%1936</Data><Data Name="ProcessId">0x3fb5</Data><Data Name="CommandLine">C:\Program Files\Google\Chrome\Application\chrome.exe</Data><Data Name="TargetUserSid">S-1-0-0</Data><Data Name="TargetUserName">-</Data><Data Name="TargetDomainName">-</Data><Data Name="TargetLogonId">0x0</Data><Data Name="ParentProcessName">C:\Windows\System32\explorer.exe</Data><Data Name="MandatoryLabel">S-1-16-8192</Data></EventData></Event>
<?xml version="1.0"?><Event xmlns="http://schemas.microsoft.com/win/2004/08/events/event"><System><Provider Name="Microsoft-Windows-Security-Auditing" Guid="{54849625-5478-4994-A5BA-3E3B0328C30D}"/><EventID>4688</EventID><Version>2</Version><Level>0</Level><Task>13312</Task><Opcode>0</Opcode><Keywords>0x8020000000000000</Keywords><TimeCreated SystemTime="2026-09-23T16:32:25.437351339Z"/><EventRecordID>77382199</EventRecordID><Correlation/><Execution ProcessID="8587" ThreadID="3307"/><Channel>Security</Channel><Computer>GW-E-7743</Computer><Security/></System><EventData><Data Name="SubjectUserSid">S-1-5-21-1957994488-2000478354-1284470638-3436</Data><Data Name="SubjectUserName">cwebb</Data><Data Name="SubjectDomainName">GRAVYWHALE</Data><Data Name="SubjectLogonId">0x68cdb7</Data><Data Name="NewProcessId">0xb972</Data><Data Name="NewProcessName">C:\Program Files\Google\Chrome\Application\chrome.exe</Data><Data Name="TokenElevationType">%%1936</Data><Data Name="ProcessId">0xfd1a</Data><Data Name="CommandLine">C:\Program Files\Google\Chrome\Application\chrome.exe</Data><Data Name="TargetUserSid">S-1-0-0</Data><Data Name="TargetUserName">-</Data><Data Name="TargetDomainName">-</Data><Data Name="TargetLogonId">0x0</Data><Data Name="ParentProcessName">C:\Windows\System32\explorer.exe</Data><Data Name="MandatoryLabel">S-1-16-8192</Data></EventData></Event>
<?xml version="1.0"?><Event xmlns="http://schemas.microsoft.com/win/2004/08/events/event"><System><Provider Name="Microsoft-Windows-Security-Auditing" Guid="{54849625-5478-4994-A5BA-3E3B0328C30D}"/><EventID>4688</EventID><Version>2</Version><Level>0</Level><Task>13312</Task><Opcode>0</Opcode><Keywords>0x8020000000000000</Keywords><TimeCreated SystemTime="2026-09-23T16:32:28.057040151Z"/><EventRecordID>72929883</EventRecordID><Correlation/><Execution ProcessID="7819" ThreadID="2925"/><Channel>Security</Channel><Computer>GW-E-4061</Computer><Security/></System><EventData><Data Name="SubjectUserSid">S-1-5-21-1957994488-2000478354-1284470638-1484</Data><Data Name="SubjectUserName">jgray</Data><Data Name="SubjectDomainName">GRAVYWHALE</Data><Data Name="SubjectLogonId">0x74c4e1</Data><Data Name="NewProcessId">0x77f1</Data><Data Name="NewProcessName">C:\Program Files\Git\cmd\git.exe</Data><Data Name="TokenElevationType">%%1936</Data><Data Name="ProcessId">0xf9fa</Data><Data Name="CommandLine">C:\Program Files\Git\cmd\git.exe</Data><Data Name="TargetUserSid">S-1-0-0</Data><Data Name="TargetUserName">-</Data><Data Name="TargetDomainName">-</Data><Data Name="TargetLogonId">0x0</Data><Data Name="ParentProcessName">C:\Windows\System32\explorer.exe</Data><Data Name="MandatoryLabel">S-1-16-8192</Data></EventData></Event>
<?xml version="1.0"?><Event xmlns="http://schemas.microsoft.com/win/2004/08/events/event"><System><Provider Name="Microsoft-Windows-Security-Auditing" Guid="{54849625-5478-4994-A5BA-3E3B0328C30D}"/><EventID>4688</EventID><Version>2</Version><Level>0</Level><Task>13312</Task><Opcode>0</Opcode><Keywords>0x8020000000000000</Keywords><TimeCreated SystemTime="2026-09-23T16:32:38.500920179Z"/><EventRecordID>44668128</EventRecordID><Correlation/><Execution ProcessID="4956" ThreadID="8704"/><Channel>Security</Channel><Computer>GW-HR-5185</Computer><Security/></System><EventData><Data Name="SubjectUserSid">S-1-5-21-1957994488-2000478354-1284470638-4451</Data><Data Name="SubjectUserName">awalker</Data><Data Name="SubjectDomainName">GRAVYWHALE</Data><Data Name="SubjectLogonId">0xa3a88b</Data><Data Name="NewProcessId">0xdbd7</Data><Data Name="NewProcessName">C:\Program Files\Microsoft Office\root\Office16\OUTLOOK.EXE</Data><Data Name="TokenElevationType">%%1936</Data><Data Name="ProcessId">0xcab8</Data><Data Name="CommandLine">C:\Program Files\Microsoft Office\root\Office16\OUTLOOK.EXE</Data><Data Name="TargetUserSid">S-1-0-0</Data><Data Name="TargetUserName">-</Data><Data Name="TargetDomainName">-</Data><Data Name="TargetLogonId">0x0</Data><Data Name="ParentProcessName">C:\Windows\System32\explorer.exe</Data><Data Name="MandatoryLabel">S-1-16-8192</Data></EventData></Event>
<?xml version="1.0"?><Event xmlns="http://schemas.microsoft.com/win/2004/08/events/event"><System><Provider Name="Microsoft-Windows-Security-Auditing" Guid="{54849625-5478-4994-A5BA-3E3B0328C30D}"/><EventID>4688</EventID><Version>2</Version><Level>0</Level><Task>13312</Task><Opcode>0</Opcode><Keywords>0x8020000000000000</Keywords><TimeCreated SystemTime="2026-09-23T16:32:55.700177516Z"/><EventRecordID>91632513</EventRecordID><Correlation/><Execution ProcessID="6224" ThreadID="3441"/><Channel>Security</Channel><Computer>GW-F-7161</Computer><Security/></System><EventData><Data Name="SubjectUserSid">S-1-5-21-1957994488-2000478354-1284470638-2377</Data><Data Name="SubjectUserName">dnorris</Data><Data Name="SubjectDomainName">GRAVYWHALE</Data><Data Name="SubjectLogonId">0xfa422</Data><Data Name="NewProcessId">0x3be5</Data><Data Name="NewProcessName">C:\Program Files\Google\Chrome\Application\chrome.exe</Data><Data Name="TokenElevationType">%%1936</Data><Data Name="ProcessId">0xa25b</Data><Data Name="CommandLine">C:\Program Files\Google\Chrome\Application\chrome.exe</Data><Data Name="TargetUserSid">S-1-0-0</Data><Data Name="TargetUserName">-</Data><Data Name="TargetDomainName">-</Data><Data Name="TargetLogonId">0x0</Data><Data Name="ParentProcessName">C:\Windows\System32\explorer.exe</Data><Data Name="MandatoryLabel">S-1-16-8192</Data></EventData></Event>
<?xml version="1.0"?><Event xmlns="http://schemas.microsoft.com/win/2004/08/events/event"><System><Provider Name="Microsoft-Windows-Security-Auditing" Guid="{54849625-5478-4994-A5BA-3E3B0328C30D}"/><EventID>4688</EventID><Version>2</Version><Level>0</Level><Task>13312</Task><Opcode>0</Opcode><Keywords>0x8020000000000000</Keywords><TimeCreated SystemTime="2026-09-23T16:33:05.079056831Z"/><EventRecordID>94175573</EventRecordID><Correlation/><Execution ProcessID="7530" ThreadID="1407"/><Channel>Security</Channel><Computer>GW-O-5123</Computer><Security/></System><EventData><Data Name="SubjectUserSid">S-1-5-21-1957994488-2000478354-1284470638-5253</Data><Data Name="SubjectUserName">rburns</Data><Data Name="SubjectDomainName">GRAVYWHALE</Data><Data Name="SubjectLogonId">0xf440c1</Data><Data Name="NewProcessId">0x811b</Data><Data Name="NewProcessName">C:\Program Files\Microsoft Office\root\Office16\EXCEL.EXE</Data><Data Name="TokenElevationType">%%1936</Data><Data Name="ProcessId">0x886f</Data><Data Name="CommandLine">C:\Program Files\Microsoft Office\root\Office16\EXCEL.EXE</Data><Data Name="TargetUserSid">S-1-0-0</Data><Data Name="TargetUserName">-</Data><Data Name="TargetDomainName">-</Data><Data Name="TargetLogonId">0x0</Data><Data Name="ParentProcessName">C:\Windows\System32\explorer.exe</Data><Data Name="MandatoryLabel">S-1-16-8192</Data></EventData></Event>
<?xml version="1.0"?><Event xmlns="http://schemas.microsoft.com/win/2004/08/events/event"><System><Provider Name="Microsoft-Windows-Security-Auditing" Guid="{54849625-5478-4994-A5BA-3E3B0328C30D}"/><EventID>4688</EventID><Version>2</Version><Level>0</Level><Task>13312</Task><Opcode>0</Opcode><Keywords>0x8020000000000000</Keywords><TimeCreated SystemTime="2026-09-23T16:33:37.278208355Z"/><EventRecordID>52499604</EventRecordID><Correlation/><Execution ProcessID="2011" ThreadID="938"/><Channel>Security</Channel><Computer>GW-M-5533</Computer><Security/></System><EventData><Data Name="SubjectUserSid">S-1-5-21-1957994488-2000478354-1284470638-5818</Data><Data Name="SubjectUserName">jchapman</Data><Data Name="SubjectDomainName">GRAVYWHALE</Data><Data Name="SubjectLogonId">0xf00358</Data><Data Name="NewProcessId">0xb6e7</Data><Data Name="NewProcessName">C:\Users\jchapman\AppData\Local\Microsoft\Teams\current\Teams.exe</Data><Data Name="TokenElevationType">%%1936</Data><Data Name="ProcessId">0x5c9f</Data><Data Name="CommandLine">C:\Users\jchapman\AppData\Local\Microsoft\Teams\current\Teams.exe</Data><Data Name="TargetUserSid">S-1-0-0</Data><Data Name="TargetUserName">-</Data><Data Name="TargetDomainName">-</Data><Data Name="TargetLogonId">0x0</Data><Data Name="ParentProcessName">C:\Windows\System32\explorer.exe</Data><Data Name="MandatoryLabel">S-1-16-8192</Data></EventData></Event>
<?xml version="1.0"?><Event xmlns="http://schemas.microsoft.com/win/2004/08/events/event"><System><Provider Name="Microsoft-Windows-Security-Auditing" Guid="{54849625-5478-4994-A5BA-3E3B0328C30D}"/><EventID>4688</EventID><Version>2</Version><Level>0</Level><Task>13312</Task><Opcode>0</Opcode><Keywords>0x8020000000000000</Keywords><TimeCreated SystemTime="2026-09-23T16:33:42.419687764Z"/><EventRecordID>33208483</EventRecordID><Correlation/><Execution ProcessID="8965" ThreadID="2592"/><Channel>Security</Channel><Computer>GW-M-3049</Computer><Security/></System><EventData><Data Name="SubjectUserSid">S-1-5-21-1957994488-2000478354-1284470638-6415</Data><Data Name="SubjectUserName">dflores</Data><Data Name="SubjectDomainName">GRAVYWHALE</Data><Data Name="SubjectLogonId">0xad36d1</Data><Data Name="NewProcessId">0xbe92</Data><Data Name="NewProcessName">C:\Program Files\Microsoft Office\root\Office16\OUTLOOK.EXE</Data><Data Name="TokenElevationType">%%1936</Data><Data Name="ProcessId">0x2aee</Data><Data Name="CommandLine">C:\Program Files\Microsoft Office\root\Office16\OUTLOOK.EXE</Data><Data Name="TargetUserSid">S-1-0-0</Data><Data Name="TargetUserName">-</Data><Data Name="TargetDomainName">-</Data><Data Name="TargetLogonId">0x0</Data><Data Name="ParentProcessName">C:\Windows\System32\explorer.exe</Data><Data Name="MandatoryLabel">S-1-16-8192</Data></EventData></Event>
<?xml version="1.0"?><Event xmlns="http://schemas.microsoft.com/win/2004/08/events/event"><System><Provider Name="Microsoft-Windows-Security-Auditing" Guid="{54849625-5478-4994-A5BA-3E3B0328C30D}"/><EventID>4688</EventID><Version>2</Version><Level>0</Level><Task>13312</Task><Opcode>0</Opcode><Keywords>0x8020000000000000</Keywords><TimeCreated SystemTime="2026-09-23T16:33:42.692296476Z"/><EventRecordID>18013587</EventRecordID><Correlation/><Execution ProcessID="8308" ThreadID="2751"/><Channel>Security</Channel><Computer>GW-S-8640</Computer><Security/></System><EventData><Data Name="SubjectUserSid">S-1-5-21-1957994488-2000478354-1284470638-4749</Data><Data Name="SubjectUserName">dholloway</Data><Data Name="SubjectDomainName">GRAVYWHALE</Data><Data Name="SubjectLogonId">0xedeef9</Data><Data Name="NewProcessId">0x9e81</Data><Data Name="NewProcessName">C:\Users\dholloway\AppData\Local\Microsoft\OneDrive\OneDrive.exe</Data><Data Name="TokenElevationType">%%1936</Data><Data Name="ProcessId">0xbd99</Data><Data Name="CommandLine">C:\Users\dholloway\AppData\Local\Microsoft\OneDrive\OneDrive.exe</Data><Data Name="TargetUserSid">S-1-0-0</Data><Data Name="TargetUserName">-</Data><Data Name="TargetDomainName">-</Data><Data Name="TargetLogonId">0x0</Data><Data Name="ParentProcessName">C:\Windows\System32\explorer.exe</Data><Data Name="MandatoryLabel">S-1-16-8192</Data></EventData></Event>
<?xml version="1.0"?><Event xmlns="http://schemas.microsoft.com/win/2004/08/events/event"><System><Provider Name="Microsoft-Windows-Security-Auditing" Guid="{54849625-5478-4994-A5BA-3E3B0328C30D}"/><EventID>4688</EventID><Version>2</Version><Level>0</Level><Task>13312</Task><Opcode>0</Opcode><Keywords>0x8020000000000000</Keywords><TimeCreated SystemTime="2026-09-23T16:34:00.661631080Z"/><EventRecordID>76313318</EventRecordID><Correlation/><Execution ProcessID="7157" ThreadID="2295"/><Channel>Security</Channel><Computer>GW-E-8692</Computer><Security/></System><EventData><Data Name="SubjectUserSid">S-1-5-21-1957994488-2000478354-1284470638-1401</Data><Data Name="SubjectUserName">smccoy</Data><Data Name="SubjectDomainName">GRAVYWHALE</Data><Data Name="SubjectLogonId">0x6e0e63</Data><Data Name="NewProcessId">0x378e</Data><Data Name="NewProcessName">C:\Users\smccoy\AppData\Local\Programs\Microsoft VS Code\Code.exe</Data><Data Name="TokenElevationType">%%1936</Data><Data Name="ProcessId">0xadd0</Data><Data Name="CommandLine">C:\Users\smccoy\AppData\Local\Programs\Microsoft VS Code\Code.exe</Data><Data Name="TargetUserSid">S-1-0-0</Data><Data Name="TargetUserName">-</Data><Data Name="TargetDomainName">-</Data><Data Name="TargetLogonId">0x0</Data><Data Name="ParentProcessName">C:\Windows\System32\explorer.exe</Data><Data Name="MandatoryLabel">S-1-16-8192</Data></EventData></Event>
<?xml version="1.0"?><Event xmlns="http://schemas.microsoft.com/win/2004/08/events/event"><System><Provider Name="Microsoft-Windows-Security-Auditing" Guid="{54849625-5478-4994-A5BA-3E3B0328C30D}"/><EventID>4688</EventID><Version>2</Version><Level>0</Level><Task>13312</Task><Opcode>0</Opcode><Keywords>0x8020000000000000</Keywords><TimeCreated SystemTime="2026-09-23T16:34:22.582868647Z"/><EventRecordID>98698282</EventRecordID><Correlation/><Execution ProcessID="3446" ThreadID="7946"/><Channel>Security</Channel><Computer>GW-F-4139</Computer><Security/></System><EventData><Data Name="SubjectUserSid">S-1-5-21-1957994488-2000478354-1284470638-7989</Data><Data Name="SubjectUserName">msanders</Data><Data Name="SubjectDomainName">GRAVYWHALE</Data><Data Name="SubjectLogonId">0x3ab05c</Data><Data Name="NewProcessId">0xccd</Data><Data Name="NewProcessName">C:\Program Files\Microsoft Office\root\Office16\EXCEL.EXE</Data><Data Name="TokenElevationType">%%1936</Data><Data Name="ProcessId">0xae95</Data><Data Name="CommandLine">C:\Program Files\Microsoft Office\root\Office16\EXCEL.EXE</Data><Data Name="TargetUserSid">S-1-0-0</Data><Data Name="TargetUserName">-</Data><Data Name="TargetDomainName">-</Data><Data Name="TargetLogonId">0x0</Data><Data Name="ParentProcessName">C:\Windows\System32\explorer.exe</Data><Data Name="MandatoryLabel">S-1-16-8192</Data></EventData></Event>
<?xml version="1.0"?><Event xmlns="http://schemas.microsoft.com/win/2004/08/events/event"><System><Provider Name="Microsoft-Windows-Security-Auditing" Guid="{54849625-5478-4994-A5BA-3E3B0328C30D}"/><EventID>4688</EventID><Version>2</Version><Level>0</Level><Task>13312</Task><Opcode>0</Opcode><Keywords>0x8020000000000000</Keywords><TimeCreated SystemTime="2026-09-23T16:34:32.233041050Z"/><EventRecordID>35228456</EventRecordID><Correlation/><Execution ProcessID="7466" ThreadID="5030"/><Channel>Security</Channel><Computer>GW-S-3162</Computer><Security/></System><EventData><Data Name="SubjectUserSid">S-1-5-21-1957994488-2000478354-1284470638-7527</Data><Data Name="SubjectUserName">sreeves</Data><Data Name="SubjectDomainName">GRAVYWHALE</Data><Data Name="SubjectLogonId">0x1c302d</Data><Data Name="NewProcessId">0x4125</Data><Data Name="NewProcessName">C:\Users\sreeves\AppData\Local\Microsoft\Teams\current\Teams.exe</Data><Data Name="TokenElevationType">%%1936</Data><Data Name="ProcessId">0xf54</Data><Data Name="CommandLine">C:\Users\sreeves\AppData\Local\Microsoft\Teams\current\Teams.exe</Data><Data Name="TargetUserSid">S-1-0-0</Data><Data Name="TargetUserName">-</Data><Data Name="TargetDomainName">-</Data><Data Name="TargetLogonId">0x0</Data><Data Name="ParentProcessName">C:\Windows\System32\explorer.exe</Data><Data Name="MandatoryLabel">S-1-16-8192</Data></EventData></Event>
<?xml version="1.0"?><Event xmlns="http://schemas.microsoft.com/win/2004/08/events/event"><System><Provider Name="Microsoft-Windows-Security-Auditing" Guid="{54849625-5478-4994-A5BA-3E3B0328C30D}"/><EventID>4688</EventID><Version>2</Version><Level>0</Level><Task>13312</Task><Opcode>0</Opcode><Keywords>0x8020000000000000</Keywords><TimeCreated SystemTime="2026-09-23T16:34:40.982808355Z"/><EventRecordID>90903918</EventRecordID><Correlation/><Execution ProcessID="3207" ThreadID="7840"/><Channel>Security</Channel><Computer>GW-E-1026</Computer><Security/></System><EventData><Data Name="SubjectUserSid">S-1-5-21-1957994488-2000478354-1284470638-4046</Data><Data Name="SubjectUserName">jobrien</Data><Data Name="SubjectDomainName">GRAVYWHALE</Data><Data Name="SubjectLogonId">0x57378f</Data><Data Name="NewProcessId">0x1e32</Data><Data Name="NewProcessName">C:\Users\jobrien\AppData\Local\Programs\Microsoft VS Code\Code.exe</Data><Data Name="TokenElevationType">%%1936</Data><Data Name="ProcessId">0x2f01</Data><Data Name="CommandLine">C:\Users\jobrien\AppData\Local\Programs\Microsoft VS Code\Code.exe</Data><Data Name="TargetUserSid">S-1-0-0</Data><Data Name="TargetUserName">-</Data><Data Name="TargetDomainName">-</Data><Data Name="TargetLogonId">0x0</Data><Data Name="ParentProcessName">C:\Windows\System32\explorer.exe</Data><Data Name="MandatoryLabel">S-1-16-8192</Data></EventData></Event>
<?xml version="1.0"?><Event xmlns="http://schemas.microsoft.com/win/2004/08/events/event"><System><Provider Name="Microsoft-Windows-Security-Auditing" Guid="{54849625-5478-4994-A5BA-3E3B0328C30D}"/><EventID>4688</EventID><Version>2</Version><Level>0</Level><Task>13312</Task><Opcode>0</Opcode><Keywords>0x8020000000000000</Keywords><TimeCreated SystemTime="2026-09-23T16:35:06.201128928Z"/><EventRecordID>80746897</EventRecordID><Correlation/><Execution ProcessID="7612" ThreadID="8336"/><Channel>Security</Channel><Computer>GW-S-2369</Computer><Security/></System><EventData><Data Name="SubjectUserSid">S-1-5-21-1957994488-2000478354-1284470638-1742</Data><Data Name="SubjectUserName">mhenderson</Data><Data Name="SubjectDomainName">GRAVYWHALE</Data><Data Name="SubjectLogonId">0x2a8eed</Data><Data Name="NewProcessId">0x9f9e</Data><Data Name="NewProcessName">C:\Users\mhenderson\AppData\Local\Microsoft\Teams\current\Teams.exe</Data><Data Name="TokenElevationType">%%1936</Data><Data Name="ProcessId">0xcfa8</Data><Data Name="CommandLine">C:\Users\mhenderson\AppData\Local\Microsoft\Teams\current\Teams.exe</Data><Data Name="TargetUserSid">S-1-0-0</Data><Data Name="TargetUserName">-</Data><Data Name="TargetDomainName">-</Data><Data Name="TargetLogonId">0x0</Data><Data Name="ParentProcessName">C:\Windows\System32\explorer.exe</Data><Data Name="MandatoryLabel">S-1-16-8192</Data></EventData></Event>
<?xml version="1.0"?><Event xmlns="http://schemas.microsoft.com/win/2004/08/events/event"><System><Provider Name="Microsoft-Windows-Security-Auditing" Guid="{54849625-5478-4994-A5BA-3E3B0328C30D}"/><EventID>4688</EventID><Version>2</Version><Level>0</Level><Task>13312</Task><Opcode>0</Opcode><Keywords>0x8020000000000000</Keywords><TimeCreated SystemTime="2026-09-23T16:35:11.076454481Z"/><EventRecordID>30852012</EventRecordID><Correlation/><Execution ProcessID="4258" ThreadID="3679"/><Channel>Security</Channel><Computer>GW-S-3967</Computer><Security/></System><EventData><Data Name="SubjectUserSid">S-1-5-21-1957994488-2000478354-1284470638-1877</Data><Data Name="SubjectUserName">cyoder</Data><Data Name="SubjectDomainName">GRAVYWHALE</Data><Data Name="SubjectLogonId">0xbdc240</Data><Data Name="NewProcessId">0x9814</Data><Data Name="NewProcessName">C:\Users\cyoder\AppData\Local\Microsoft\OneDrive\OneDrive.exe</Data><Data Name="TokenElevationType">%%1936</Data><Data Name="ProcessId">0xf789</Data><Data Name="CommandLine">C:\Users\cyoder\AppData\Local\Microsoft\OneDrive\OneDrive.exe</Data><Data Name="TargetUserSid">S-1-0-0</Data><Data Name="TargetUserName">-</Data><Data Name="TargetDomainName">-</Data><Data Name="TargetLogonId">0x0</Data><Data Name="ParentProcessName">C:\Windows\System32\explorer.exe</Data><Data Name="MandatoryLabel">S-1-16-8192</Data></EventData></Event>
<?xml version="1.0"?><Event xmlns="http://schemas.microsoft.com/win/2004/08/events/event"><System><Provider Name="Microsoft-Windows-Security-Auditing" Guid="{54849625-5478-4994-A5BA-3E3B0328C30D}"/><EventID>4688</EventID><Version>2</Version><Level>0</Level><Task>13312</Task><Opcode>0</Opcode><Keywords>0x8020000000000000</Keywords><TimeCreated SystemTime="2026-09-23T16:35:16.019455599Z"/><EventRecordID>10832565</EventRecordID><Correlation/><Execution ProcessID="4614" ThreadID="8398"/><Channel>Security</Channel><Computer>GW-M-3178</Computer><Security/></System><EventData><Data Name="SubjectUserSid">S-1-5-21-1957994488-2000478354-1284470638-7136</Data><Data Name="SubjectUserName">mbrown</Data><Data Name="SubjectDomainName">GRAVYWHALE</Data><Data Name="SubjectLogonId">0x216d3</Data><Data Name="NewProcessId">0x2c4e</Data><Data Name="NewProcessName">C:\Users\mbrown\AppData\Local\Microsoft\Teams\current\Teams.exe</Data><Data Name="TokenElevationType">%%1936</Data><Data Name="ProcessId">0xbbca</Data><Data Name="CommandLine">C:\Users\mbrown\AppData\Local\Microsoft\Teams\current\Teams.exe</Data><Data Name="TargetUserSid">S-1-0-0</Data><Data Name="TargetUserName">-</Data><Data Name="TargetDomainName">-</Data><Data Name="TargetLogonId">0x0</Data><Data Name="ParentProcessName">C:\Windows\System32\explorer.exe</Data><Data Name="MandatoryLabel">S-1-16-8192</Data></EventData></Event>
<?xml version="1.0"?><Event xmlns="http://schemas.microsoft.com/win/2004/08/events/event"><System><Provider Name="Microsoft-Windows-Security-Auditing" Guid="{54849625-5478-4994-A5BA-3E3B0328C30D}"/><EventID>4688</EventID><Version>2</Version><Level>0</Level><Task>13312</Task><Opcode>0</Opcode><Keywords>0x8020000000000000</Keywords><TimeCreated SystemTime="2026-09-23T16:35:34.774693372Z"/><EventRecordID>35823772</EventRecordID><Correlation/><Execution ProcessID="6726" ThreadID="2392"/><Channel>Security</Channel><Computer>GW-E-6476</Computer><Security/></System><EventData><Data Name="SubjectUserSid">S-1-5-21-1957994488-2000478354-1284470638-5925</Data><Data Name="SubjectUserName">mparker</Data><Data Name="SubjectDomainName">GRAVYWHALE</Data><Data Name="SubjectLogonId">0xa76b94</Data><Data Name="NewProcessId">0xa36c</Data><Data Name="NewProcessName">C:\Program Files\Google\Chrome\Application\chrome.exe</Data><Data Name="TokenElevationType">%%1936</Data><Data Name="ProcessId">0x1333</Data><Data Name="CommandLine">C:\Program Files\Google\Chrome\Application\chrome.exe</Data><Data Name="TargetUserSid">S-1-0-0</Data><Data Name="TargetUserName">-</Data><Data Name="TargetDomainName">-</Data><Data Name="TargetLogonId">0x0</Data><Data Name="ParentProcessName">C:\Windows\System32\explorer.exe</Data><Data Name="MandatoryLabel">S-1-16-8192</Data></EventData></Event>
<?xml version="1.0"?><Event xmlns="http://schemas.microsoft.com/win/2004/08/events/event"><System><Provider Name="Microsoft-Windows-Security-Auditing" Guid="{54849625-5478-4994-A5BA-3E3B0328C30D}"/><EventID>4625</EventID><Version>0</Version><Level>0</Level><Task>12546</Task><Opcode>0</Opcode><Keywords>0x8010000000000000</Keywords><TimeCreated SystemTime="2026-09-23T16:35:43.758794340Z"/><EventRecordID>37583687</EventRecordID><Correlation/><Execution ProcessID="4871" ThreadID="8027"/><Channel>Security</Channel><Computer>GW-S-7721</Computer><Security/></System><EventData><Data Name="SubjectUserSid">S-1-5-18</Data><Data Name="SubjectUserName">GW-S-7721$</Data><Data Name="SubjectDomainName">GRAVYWHALE</Data><Data Name="SubjectLogonId">0x3e7</Data><Data Name="TargetUserSid">S-1-0-0</Data><Data Name="TargetUserName">athomas</Data><Data Name="TargetDomainName">GRAVYWHALE</Data><Data Name="Status">0xC000006D</Data><Data Name="FailureReason">%%2313</Data><Data Name="SubStatus">0xC000006A</Data><Data Name="LogonType">2</Data><Data Name="LogonProcessName">User32</Data><Data Name="AuthenticationPackageName">Negotiate</Data><Data Name="WorkstationName">GW-S-7721</Data><Data Name="TransmittedServices">-</Data><Data Name="LmPackageName">-</Data><Data Name="KeyLength">0</Data><Data Name="ProcessId">0x1f12</Data><Data Name="ProcessName">C:\Windows\System32\winlogon.exe</Data><Data Name="IpAddress">10.10.12.192</Data><Data Name="IpPort">0</Data></EventData></Event>
<?xml version="1.0"?><Event xmlns="http://schemas.microsoft.com/win/2004/08/events/event"><System><Provider Name="Microsoft-Windows-Security-Auditing" Guid="{54849625-5478-4994-A5BA-3E3B0328C30D}"/><EventID>4688</EventID><Version>2</Version><Level>0</Level><Task>13312</Task><Opcode>0</Opcode><Keywords>0x8020000000000000</Keywords><TimeCreated SystemTime="2026-09-23T16:35:44.285513404Z"/><EventRecordID>79204870</EventRecordID><Correlation/><Execution ProcessID="8194" ThreadID="5597"/><Channel>Security</Channel><Computer>GW-S-6904</Computer><Security/></System><EventData><Data Name="SubjectUserSid">S-1-5-21-1957994488-2000478354-1284470638-2271</Data><Data Name="SubjectUserName">jdoyle</Data><Data Name="SubjectDomainName">GRAVYWHALE</Data><Data Name="SubjectLogonId">0xc75341</Data><Data Name="NewProcessId">0x30f3</Data><Data Name="NewProcessName">C:\Users\jdoyle\AppData\Local\Microsoft\OneDrive\OneDrive.exe</Data><Data Name="TokenElevationType">%%1936</Data><Data Name="ProcessId">0x2ed2</Data><Data Name="CommandLine">C:\Users\jdoyle\AppData\Local\Microsoft\OneDrive\OneDrive.exe</Data><Data Name="TargetUserSid">S-1-0-0</Data><Data Name="TargetUserName">-</Data><Data Name="TargetDomainName">-</Data><Data Name="TargetLogonId">0x0</Data><Data Name="ParentProcessName">C:\Windows\System32\explorer.exe</Data><Data Name="MandatoryLabel">S-1-16-8192</Data></EventData></Event>
