<?xml version="1.0"?><Event xmlns="http://schemas.microsoft.com/win/2004/08/events/event"><System><Provider Name="Microsoft-Windows-Security-Auditing" Guid="{54849625-5478-4994-A5BA-3E3B0328C30D}"/><EventID>4688</EventID><Version>2</Version><Level>0</Level><Task>13312</Task><Opcode>0</Opcode><Keywords>0x8020000000000000</Keywords><TimeCreated SystemTime="2026-09-23T12:33:56.726519551Z"/><EventRecordID>60238796</EventRecordID><Correlation/><Execution ProcessID="3527" ThreadID="7914"/><Channel>Security</Channel><Computer>GW-IT-6911</Computer><Security/></System><EventData><Data Name="SubjectUserSid">S-1-5-21-1957994488-2000478354-1284470638-2804</Data><Data Name="SubjectUserName">lreynolds</Data><Data Name="SubjectDomainName">GRAVYWHALE</Data><Data Name="SubjectLogonId">0x68a1e</Data><Data Name="NewProcessId">0xa32f</Data><Data Name="NewProcessName">C:\Program Files\Google\Chrome\Application\chrome.exe</Data><Data Name="TokenElevationType">%%1936</Data><Data Name="ProcessId">0x92ef</Data><Data Name="CommandLine">C:\Program Files\Google\Chrome\Application\chrome.exe</Data><Data Name="TargetUserSid">S-1-0-0</Data><Data Name="TargetUserName">-</Data><Data Name="TargetDomainName">-</Data><Data Name="TargetLogonId">0x0</Data><Data Name="ParentProcessName">C:\Windows\System32\explorer.exe</Data><Data Name="MandatoryLabel">S-1-16-8192</Data></EventData></Event>
<?xml version="1.0"?><Event xmlns="http://schemas.microsoft.com/win/2004/08/events/event"><System><Provider Name="Microsoft-Windows-Security-Auditing" Guid="{54849625-5478-4994-A5BA-3E3B0328C30D}"/><EventID>4688</EventID><Version>2</Version><Level>0</Level><Task>13312</Task><Opcode>0</Opcode><Keywords>0x8020000000000000</Keywords><TimeCreated SystemTime="2026-09-23T12:35:03.909590581Z"/><EventRecordID>19906401</EventRecordID><Correlation/><Execution ProcessID="7105" ThreadID="7567"/><Channel>Security</Channel><Computer>GW-E-3081</Computer><Security/></System><EventData><Data Name="SubjectUserSid">S-1-5-21-1957994488-2000478354-1284470638-1158</Data><Data Name="SubjectUserName">asimmons</Data><Data Name="SubjectDomainName">GRAVYWHALE</Data><Data Name="SubjectLogonId">0xea65bd</Data><Data Name="NewProcessId">0x9321</Data><Data Name="NewProcessName">C:\Program Files\Google\Chrome\Application\chrome.exe</Data><Data Name="TokenElevationType">%%1936</Data><Data Name="ProcessId">0x5ab9</Data><Data Name="CommandLine">C:\Program Files\Google\Chrome\Application\chrome.exe</Data><Data Name="TargetUserSid">S-1-0-0</Data><Data Name="TargetUserName">-</Data><Data Name="TargetDomainName">-</Data><Data Name="TargetLogonId">0x0</Data><Data Name="ParentProcessName">C:\Windows\System32\explorer.exe</Data><Data Name="MandatoryLabel">S-1-16-8192</Data></EventData></Event>
<?xml version="1.0"?><Event xmlns="http://schemas.microsoft.com/win/2004/08/events/event"><System><Provider Name="Microsoft-Windows-Security-Auditing" Guid="{54849625-5478-4994-A5BA-3E3B0328C30D}"/><EventID>4688</EventID><Version>2</Version><Level>0</Level><Task>13312</Task><Opcode>0</Opcode><Keywords>0x8020000000000000</Keywords><TimeCreated SystemTime="2026-09-23T12:35:21.879535904Z"/><EventRecordID>93583837</EventRecordID><Correlation/><Execution ProcessID="2130" ThreadID="5610"/><Channel>Security</Channel><Computer>GW-S-4887</Computer><Security/></System><EventData><Data Name="SubjectUserSid">S-1-5-21-1957994488-2000478354-1284470638-7740</Data><Data Name="SubjectUserName">rwilliams</Data><Data Name="SubjectDomainName">GRAVYWHALE</Data><Data Name="SubjectLogonId">0x9f7a63</Data><Data Name="NewProcessId">0x5b0b</Data><Data Name="NewProcessName">C:\Program Files\Google\Chrome\Application\chrome.exe</Data><Data Name="TokenElevationType">%%1936</Data><Data Name="ProcessId">0xe38f</Data><Data Name="CommandLine">C:\Program Files\Google\Chrome\Application\chrome.exe</Data><Data Name="TargetUserSid">S-1-0-0</Data><Data Name="TargetUserName">-</Data><Data Name="TargetDomainName">-</Data><Data Name="TargetLogonId">0x0</Data><Data Name="ParentProcessName">C:\Windows\System32\explorer.exe</Data><Data Name="MandatoryLabel">S-1-16-8192</Data></EventData></Event>
<?xml version="1.0"?><Event xmlns="http://schemas.microsoft.com/win/2004/08/events/event"><System><Provider Name="Microsoft-Windows-Security-Auditing" Guid="{54849625-5478-4994-A5BA-3E3B0328C30D}"/><EventID>4688</EventID><Version>2</Version><Level>0</Level><Task>13312</Task><Opcode>0</Opcode><Keywords>0x8020000000000000</Keywords><TimeCreated SystemTime="2026-09-23T12:35:24.132521791Z"/><EventRecordID>45635946</EventRecordID><Correlation/><Execution ProcessID="5548" ThreadID="1715"/><Channel>Security</Channel><Computer>GW-E-6123</Computer><Security/></System><EventData><Data Name="SubjectUserSid">S-1-5-21-1957994488-2000478354-1284470638-3417</Data><Data Name="SubjectUserName">cdawson</Data><Data Name="SubjectDomainName">GRAVYWHALE</Data><Data Name="SubjectLogonId">0x29ae79</Data><Data Name="NewProcessId">0x636a</Data><Data Name="NewProcessName">C:\Users\cdawson\AppData\Local\Microsoft\Teams\current\Teams.exe</Data><Data Name="TokenElevationType">%%1936</Data><Data Name="ProcessId">0x59ea</Data><Data Name="CommandLine">C:\Users\cdawson\AppData\Local\Microsoft\Teams\current\Teams.exe</Data><Data Name="TargetUserSid">S-1-0-0</Data><Data Name="TargetUserName">-</Data><Data Name="TargetDomainName">-</Data><Data Name="TargetLogonId">0x0</Data><Data Name="ParentProcessName">C:\Windows\System32\explorer.exe</Data><Data Name="MandatoryLabel">S-1-16-8192</Data></EventData></Event>
<?xml version="1.0"?><Event xmlns="http://schemas.microsoft.com/win/2004/08/events/event"><System><Provider Name="Microsoft-Windows-Security-Auditing" Guid="{54849625-5478-4994-A5BA-3E3B0328C30D}"/><EventID>4688</EventID><Version>2</Version><Level>0</Level><Task>13312</Task><Opcode>0</Opcode><Keywords>0x8020000000000000</Keywords><TimeCreated SystemTime="2026-09-23T12:35:26.411248385Z"/><EventRecordID>17913435</EventRecordID><Correlation/><Execution ProcessID="480" ThreadID="7185"/><Channel>Security</Channel><Computer>GW-M-1911</Computer><Security/></System><EventData><Data Name="SubjectUserSid">S-1-5-21-1957994488-2000478354-1284470638-1296</Data><Data Name="SubjectUserName">jjohnson2</Data><Data Name="SubjectDomainName">GRAVYWHALE</Data><Data Name="SubjectLogonId">0x5de5c6</Data><Data Name="NewProcessId">0x3ec3</Data><Data Name="NewProcessName">C:\Users\jjohnson2\AppData\Local\Microsoft\Teams\current\Teams.exe</Data><Data Name="TokenElevationType">%%1936</Data><Data Name="ProcessId">0x7a52</Data><Data Name="CommandLine">C:\Users\jjohnson2\AppData\Local\Microsoft\Teams\current\Teams.exe</Data><Data Name="TargetUserSid">S-1-0-0</Data><Data Name="TargetUserName">-</Data><Data Name="TargetDomainName">-</Data><Data Name="TargetLogonId">0x0</Data><Data Name="ParentProcessName">C:\Windows\System32\explorer.exe</Data><Data Name="MandatoryLabel">S-1-16-8192</Data></EventData></Event>
<?xml version="1.0"?><Event xmlns="http://schemas.microsoft.com/win/2004/08/events/event"><System><Provider Name="Microsoft-Windows-Security-Auditing" Guid="{54849625-5478-4994-A5BA-3E3B0328C30D}"/><EventID>4624</EventID><Version>2</Version><Level>0</Level><Task>12544</Task><Opcode>0</Opcode><Keywords>0x8020000000000000</Keywords><TimeCreated SystemTime="2026-09-23T12:35:30.358104267Z"/><EventRecordID>46381390</EventRecordID><Correlation/><Execution ProcessID="706" ThreadID="7236"/><Channel>Security</Channel><Computer>GW-E-5509</Computer><Security/></System><EventData><Data Name="SubjectUserSid">S-1-5-18</Data><Data Name="SubjectUserName">GW-E-5509$</Data><Data Name="SubjectDomainName">GRAVYWHALE</Data><Data Name="SubjectLogonId">0x3e7</Data><Data Name="TargetUserSid">S-1-5-21-1957994488-2000478354-1284470638-4556</Data><Data Name="TargetUserName">mlloyd</Data><Data Name="TargetDomainName">GRAVYWHALE</Data><Data Name="TargetLogonId">0x939c9a</Data><Data Name="LogonType">2</Data><Data Name="LogonProcessName">User32</Data><Data Name="AuthenticationPackageName">Negotiate</Data><Data Name="WorkstationName">GW-E-5509</Data><Data Name="LogonGuid">{9FE03235-EBB6-7B39-1ECB-B6A52EDCF8FE}</Data><Data Name="TransmittedServices">-</Data><Data Name="LmPackageName">-</Data><Data Name="KeyLength">0</Data><Data Name="ProcessId">0x4ef3</Data><Data Name="ProcessName">C:\Windows\System32\svchost.exe</Data><Data Name="IpAddress">10.10.6.113</Data><Data Name="IpPort">0</Data><Data Name="ImpersonationLevel">%%1833</Data><Data Name="RestrictedAdminMode">-</Data><Data Name="TargetOutboundUserName">-</Data><Data Name="TargetOutboundDomainName">-</Data><Data Name="VirtualAccount">%%1843</Data><Data Name="TargetLinkedLogonId">0x0</Data><Data Name="ElevatedToken">%%1842</Data></EventData></Event>
<?xml version="1.0"?><Event xmlns="http://schemas.microsoft.com/win/2004/08/events/event"><System><Provider Name="Microsoft-Windows-Security-Auditing" Guid="{54849625-5478-4994-A5BA-3E3B0328C30D}"/><EventID>4688</EventID><Version>2</Version><Level>0</Level><Task>13312</Task><Opcode>0</Opcode><Keywords>0x8020000000000000</Keywords><TimeCreated SystemTime="2026-09-23T12:36:03.236992590Z"/><EventRecordID>61140399</EventRecordID><Correlation/><Execution ProcessID="775" ThreadID="8747"/><Channel>Security</Channel><Computer>GW-IT-1969</Computer><Security/></System><EventData><Data Name="SubjectUserSid">S-1-5-21-1957994488-2000478354-1284470638-2603</Data><Data Name="SubjectUserName">mlowe</Data><Data Name="SubjectDomainName">GRAVYWHALE</Data><Data Name="SubjectLogonId">0xda5f9e</Data><Data Name="NewProcessId">0x748c</Data><Data Name="NewProcessName">C:\Users\mlowe\AppData\Local\Microsoft\OneDrive\OneDrive.exe</Data><Data Name="TokenElevationType">%%1936</Data><Data Name="ProcessId">0xadfa</Data><Data Name="CommandLine">C:\Users\mlowe\AppData\Local\Microsoft\OneDrive\OneDrive.exe</Data><Data Name="TargetUserSid">S-1-0-0</Data><Data Name="TargetUserName">-</Data><Data Name="TargetDomainName">-</Data><Data Name="TargetLogonId">0x0</Data><Data Name="ParentProcessName">C:\Windows\System32\explorer.exe</Data><Data Name="MandatoryLabel">S-1-16-8192</Data></EventData></Event>
<?xml version="1.0"?><Event xmlns="http://schemas.microsoft.com/win/2004/08/events/event"><System><Provider Name="Microsoft-Windows-Security-Auditing" Guid="{54849625-5478-4994-A5BA-3E3B0328C30D}"/><EventID>4624</EventID><Version>2</Version><Level>0</Level><Task>12544</Task><Opcode>0</Opcode><Keywords>0x8020000000000000</Keywords><TimeCreated SystemTime="2026-09-23T12:36:14.202134710Z"/><EventRecordID>34902907</EventRecordID><Correlation/><Execution ProcessID="8342" ThreadID="8704"/><Channel>Security</Channel><Computer>GW-S-6311</Computer><Security/></System><EventData><Data Name="SubjectUserSid">S-1-5-18</Data><Data Name="SubjectUserName">GW-S-6311$</Data><Data Name="SubjectDomainName">GRAVYWHALE</Data><Data Name="SubjectLogonId">0x3e7</Data><Data Name="TargetUserSid">S-1-5-21-1957994488-2000478354-1284470638-2761</Data><Data Name="TargetUserName">jroach</Data><Data Name="TargetDomainName">GRAVYWHALE</Data><Data Name="TargetLogonId">0xa97436</Data><Data Name="LogonType">2</Data><Data Name="LogonProcessName">User32</Data><Data Name="AuthenticationPackageName">Negotiate</Data><Data Name="WorkstationName">GW-S-6311</Data><Data Name="LogonGuid">{B86EDFD7-4822-2426-C323-078860B1C3B9}</Data><Data Name="TransmittedServices">-</Data><Data Name="LmPackageName">-</Data><Data Name="KeyLength">0</Data><Data Name="ProcessId">0x4f5e</Data><Data Name="ProcessName">C:\Windows\System32\svchost.exe</Data><Data Name="IpAddress">10.10.9.84</Data><Data Name="IpPort">0</Data><Data Name="ImpersonationLevel">%%1833</Data><Data Name="RestrictedAdminMode">-</Data><Data Name="TargetOutboundUserName">-</Data><Data Name="TargetOutboundDomainName">-</Data><Data Name="VirtualAccount">%%1843</Data><Data Name="TargetLinkedLogonId">0x0</Data><Data Name="ElevatedToken">%%1842</Data></EventData></Event>
<?xml version="1.0"?><Event xmlns="http://schemas.microsoft.com/win/2004/08/events/event"><System><Provider Name="Microsoft-Windows-Security-Auditing" Guid="{54849625-5478-4994-A5BA-3E3B0328C30D}"/><EventID>4627</EventID><Version>0</Version><Level>0</Level><Task>12545</Task><Opcode>0</Opcode><Keywords>0x8020000000000000</Keywords><TimeCreated SystemTime="2026-09-23T12:36:14.202134382Z"/><EventRecordID>76486755</EventRecordID><Correlation/><Execution ProcessID="2133" ThreadID="1337"/><Channel>Security</Channel><Computer>GW-S-6311</Computer><Security/></System><EventData><Data Name="SubjectUserSid">S-1-5-18</Data><Data Name="SubjectUserName">GW-S-6311$</Data><Data Name="SubjectDomainName">GRAVYWHALE</Data><Data Name="SubjectLogonId">0x3e7</Data><Data Name="TargetUserSid">S-1-5-21-1957994488-2000478354-1284470638-2761</Data><Data Name="TargetUserName">jroach</Data><Data Name="TargetDomainName">GRAVYWHALE</Data><Data Name="LogonType">2</Data><Data Name="GroupMembership">%{S-1-5-32-544} (Administrators); %{S-1-5-21-1957994488-2000478354-1284470638-512} (Domain Admins); %{S-1-5-21-1957994488-2000478354-1284470638-7615} (Domain Users)</Data></EventData></Event>
<?xml version="1.0"?><Event xmlns="http://schemas.microsoft.com/win/2004/08/events/event"><System><Provider Name="Microsoft-Windows-Security-Auditing" Guid="{54849625-5478-4994-A5BA-3E3B0328C30D}"/><EventID>4624</EventID><Version>2</Version><Level>0</Level><Task>12544</Task><Opcode>0</Opcode><Keywords>0x8020000000000000</Keywords><TimeCreated SystemTime="2026-09-23T12:37:04.897322999Z"/><EventRecordID>99319698</EventRecordID><Correlation/><Execution ProcessID="3658" ThreadID="8431"/><Channel>Security</Channel><Computer>GW-S-8313</Computer><Security/></System><EventData><Data Name="SubjectUserSid">S-1-5-18</Data><Data Name="SubjectUserName">GW-S-8313$</Data><Data Name="SubjectDomainName">GRAVYWHALE</Data><Data Name="SubjectLogonId">0x3e7</Data><Data Name="TargetUserSid">S-1-5-21-1957994488-2000478354-1284470638-7216</Data><Data Name="TargetUserName">amendez</Data><Data Name="TargetDomainName">GRAVYWHALE</Data><Data Name="TargetLogonId">0xea6782</Data><Data Name="LogonType">2</Data><Data Name="LogonProcessName">User32</Data><Data Name="AuthenticationPackageName">Negotiate</Data><Data Name="WorkstationName">GW-S-8313</Data><Data Name="LogonGuid">{7B990EAA-C853-6BA0-9389-42DE7E8280AF}</Data><Data Name="TransmittedServices">-</Data><Data Name="LmPackageName">-</Data><Data Name="KeyLength">0</Data><Data Name="ProcessId">0x52db</Data><Data Name="ProcessName">C:\Windows\System32\svchost.exe</Data><Data Name="IpAddress">10.10.2.41</Data><Data Name="IpPort">0</Data><Data Name="ImpersonationLevel">%%1833</Data><Data Name="RestrictedAdminMode">-</Data><Data Name="TargetOutboundUserName">-</Data><Data Name="TargetOutboundDomainName">-</Data><Data Name="VirtualAccount">%%1843</Data><Data Name="TargetLinkedLogonId">0x0</Data><Data Name="ElevatedToken">%%1842</Data></EventData></Event>
<?xml version="1.0"?><Event xmlns="http://schemas.microsoft.com/win/2004/08/events/event"><System><Provider Name="Microsoft-Windows-Security-Auditing" Guid="{54849625-5478-4994-A5BA-3E3B0328C30D}"/><EventID>4688</EventID><Version>2</Version><Level>0</Level><Task>13312</Task><Opcode>0</Opcode><Keywords>0x8020000000000000</Keywords><TimeCreated SystemTime="2026-09-23T12:37:45.475540835Z"/><EventRecordID>14537489</EventRecordID><Correlation/><Execution ProcessID="6672" ThreadID="2588"/><Channel>Security</Channel><Computer>GW-S-8313</Computer><Security/></System><EventData><Data Name="SubjectUserSid">S-1-5-21-1957994488-2000478354-1284470638-7216</Data><Data Name="SubjectUserName">amendez</Data><Data Name="SubjectDomainName">GRAVYWHALE</Data><Data Name="SubjectLogonId">0xd6942d</Data><Data Name="NewProcessId">0xc2d5</Data><Data Name="NewProcessName">C:\Users\amendez\AppData\Local\Microsoft\OneDrive\OneDrive.exe</Data><Data Name="TokenElevationType">%%1936</Data><Data Name="ProcessId">0xc600</Data><Data Name="CommandLine">C:\Users\amendez\AppData\Local\Microsoft\OneDrive\OneDrive.exe</Data><Data Name="TargetUserSid">S-1-0-0</Data><Data Name="TargetUserName">-</Data><Data Name="TargetDomainName">-</Data><Data Name="TargetLogonId">0x0</Data><Data Name="ParentProcessName">C:\Windows\System32\explorer.exe</Data><Data Name="MandatoryLabel">S-1-16-8192</Data></EventData></Event>
<?xml version="1.0"?><Event xmlns="http://schemas.microsoft.com/win/2004/08/events/event"><System><Provider Name="Microsoft-Windows-Security-Auditing" Guid="{54849625-5478-4994-A5BA-3E3B0328C30D}"/><EventID>4688</EventID><Version>2</Version><Level>0</Level><Task>13312</Task><Opcode>0</Opcode><Keywords>0x8020000000000000</Keywords><TimeCreated SystemTime="2026-09-23T12:37:46.139257673Z"/><EventRecordID>64716293</EventRecordID><Correlation/><Execution ProcessID="7335" ThreadID="6377"/><Channel>Security</Channel><Computer>GW-IT-1969</Computer><Security/></System><EventData><Data Name="SubjectUserSid">S-1-5-21-1957994488-2000478354-1284470638-2603</Data><Data Name="SubjectUserName">mlowe</Data><Data Name="SubjectDomainName">GRAVYWHALE</Data><Data Name="SubjectLogonId">0xb25309</Data><Data Name="NewProcessId">0x2482</Data><Data Name="NewProcessName">C:\Users\mlowe\AppData\Local\Microsoft\OneDrive\OneDrive.exe</Data><Data Name="TokenElevationType">%%1936</Data><Data Name="ProcessId">0xd239</Data><Data Name="CommandLine">C:\Users\mlowe\AppData\Local\Microsoft\OneDrive\OneDrive.exe</Data><Data Name="TargetUserSid">S-1-0-0</Data><Data Name="TargetUserName">-</Data><Data Name="TargetDomainName">-</Data><Data Name="TargetLogonId">0x0</Data><Data Name="ParentProcessName">C:\Windows\System32\explorer.exe</Data><Data Name="MandatoryLabel">S-1-16-8192</Data></EventData></Event>
<?xml version="1.0"?><Event xmlns="http://schemas.microsoft.com/win/2004/08/events/event"><System><Provider Name="Microsoft-Windows-Security-Auditing" Guid="{54849625-5478-4994-A5BA-3E3B0328C30D}"/><EventID>4688</EventID><Version>2</Version><Level>0</Level><Task>13312</Task><Opcode>0</Opcode><Keywords>0x8020000000000000</Keywords><TimeCreated SystemTime="2026-09-23T12:38:28.996554651Z"/><EventRecordID>11287794</EventRecordID><Correlation/><Execution ProcessID="5888" ThreadID="423"/><Channel>Security</Channel><Computer>GW-E-4224</Computer><Security/></System><EventData><Data Name="SubjectUserSid">S-1-5-21-1957994488-2000478354-1284470638-5514</Data><Data Name="SubjectUserName">tparker</Data><Data Name="SubjectDomainName">GRAVYWHALE</Data><Data Name="SubjectLogonId">0x3ca5bd</Data><Data Name="NewProcessId">0x8ba2</Data><Data Name="NewProcessName">C:\Program Files\Microsoft Office\root\Office16\OUTLOOK.EXE</Data><Data Name="TokenElevationType">%%1936</Data><Data Name="ProcessId">0x59af</Data><Data Name="CommandLine">C:\Program Files\Microsoft Office\root\Office16\OUTLOOK.EXE</Data><Data Name="TargetUserSid">S-1-0-0</Data><Data Name="TargetUserName">-</Data><Data Name="TargetDomainName">-</Data><Data Name="TargetLogonId">0x0</Data><Data Name="ParentProcessName">C:\Windows\System32\explorer.exe</Data><Data Name="MandatoryLabel">S-1-16-8192</Data></EventData></Event>
<?xml version="1.0"?><Event xmlns="http://schemas.microsoft.com/win/2004/08/events/event"><System><Provider Name="Microsoft-Windows-Security-Auditing" Guid="{54849625-5478-4994-A5BA-3E3B0328C30D}"/><EventID>4624</EventID><Version>2</Version><Level>0</Level><Task>12544</Task><Opcode>0</Opcode><Keywords>0x8020000000000000</Keywords><TimeCreated SystemTime="2026-09-23T12:39:19.233854959Z"/><EventRecordID>60780107</EventRecordID><Correlation/><Execution ProcessID="2199" ThreadID="4535"/><Channel>Security</Channel><Computer>GW-E-5971</Computer><Security/></System><EventData><Data Name="SubjectUserSid">S-1-5-18</Data><Data Name="SubjectUserName">GW-E-5971$</Data><Data Name="SubjectDomainName">GRAVYWHALE</Data><Data Name="SubjectLogonId">0x3e7</Data><Data Name="TargetUserSid">S-1-5-21-1957994488-2000478354-1284470638-5197</Data><Data Name="TargetUserName">mwilson</Data><Data Name="TargetDomainName">GRAVYWHALE</Data><Data Name="TargetLogonId">0x86a6ed</Data><Data Name="LogonType">2</Data><Data Name="LogonProcessName">User32</Data><Data Name="AuthenticationPackageName">Negotiate</Data><Data Name="WorkstationName">GW-E-5971</Data><Data Name="LogonGuid">{F953F3EE-E1F6-A42B-AF12-ADB864D3CCE1}</Data><Data Name="TransmittedServices">-</Data><Data Name="LmPackageName">-</Data><Data Name="KeyLength">0</Data><Data Name="ProcessId">0xce27</Data><Data Name="ProcessName">C:\Windows\System32\svchost.exe</Data><Data Name="IpAddress">10.10.8.212</Data><Data Name="IpPort">0</Data><Data Name="ImpersonationLevel">%%1833</Data><Data Name="RestrictedAdminMode">-</Data><Data Name="TargetOutboundUserName">-</Data><Data Name="TargetOutboundDomainName">-</Data><Data Name="VirtualAccount">%%1843</Data><Data Name="TargetLinkedLogonId">0x0</Data><Data Name="ElevatedToken">%%1842</Data></EventData></Event>
<?xml version="1.0"?><Event xmlns="http://schemas.microsoft.com/win/2004/08/events/event"><System><Provider Name="Microsoft-Windows-Security-Auditing" Guid="{54849625-5478-4994-A5BA-3E3B0328C30D}"/><EventID>4624</EventID><Version>2</Version><Level>0</Level><Task>12544</Task><Opcode>0</Opcode><Keywords>0x8020000000000000</Keywords><TimeCreated SystemTime="2026-09-23T12:39:43.661497032Z"/><EventRecordID>35426940</EventRecordID><Correlation/><Execution ProcessID="7133" ThreadID="5818"/><Channel>Security</Channel><Computer>GW-S-4816</Computer><Security/></System><EventData><Data Name="SubjectUserSid">S-1-5-18</Data><Data Name="SubjectUserName">GW-S-4816$</Data><Data Name="SubjectDomainName">GRAVYWHALE</Data><Data Name="SubjectLogonId">0x3e7</Data><Data Name="TargetUserSid">S-1-5-21-1957994488-2000478354-1284470638-6181</Data><Data Name="TargetUserName">jjohnson</Data><Data Name="TargetDomainName">GRAVYWHALE</Data><Data Name="TargetLogonId">0xe4b344</Data><Data Name="LogonType">2</Data><Data Name="LogonProcessName">User32</Data><Data Name="AuthenticationPackageName">Negotiate</Data><Data Name="WorkstationName">GW-S-4816</Data><Data Name="LogonGuid">{F03860B7-0841-620A-D58D-576FC64730A2}</Data><Data Name="TransmittedServices">-</Data><Data Name="LmPackageName">-</Data><Data Name="KeyLength">0</Data><Data Name="ProcessId">0x1a74</Data><Data Name="ProcessName">C:\Windows\System32\svchost.exe</Data><Data Name="IpAddress">10.10.23.21</Data><Data Name="IpPort">0</Data><Data Name="ImpersonationLevel">%%1833</Data><Data Name="RestrictedAdminMode">-</Data><Data Name="TargetOutboundUserName">-</Data><Data Name="TargetOutboundDomainName">-</Data><Data Name="VirtualAccount">%%1843</Data><Data Name="TargetLinkedLogonId">0x0</Data><Data Name="ElevatedToken">%%1842</Data></EventData></Event>
<?xml version="1.0"?><Event xmlns="http://schemas.microsoft.com/win/2004/08/events/event"><System><Provider Name="Microsoft-Windows-Security-Auditing" Guid="{54849625-5478-4994-A5BA-3E3B0328C30D}"/><EventID>4688</EventID><Version>2</Version><Level>0</Level><Task>13312</Task><Opcode>0</Opcode><Keywords>0x8020000000000000</Keywords><TimeCreated SystemTime="2026-09-23T12:40:01.748797973Z"/><EventRecordID>40383987</EventRecordID><Correlation/><Execution ProcessID="8539" ThreadID="596"/><Channel>Security</Channel><Computer>GW-E-5507</Computer><Security/></System><EventData><Data Name="SubjectUserSid">S-1-5-21-1957994488-2000478354-1284470638-4038</Data><Data Name="SubjectUserName">mthomas</Data><Data Name="SubjectDomainName">GRAVYWHALE</Data><Data Name="SubjectLogonId">0xf5519</Data><Data Name="NewProcessId">0x663a</Data><Data Name="NewProcessName">C:\Users\mthomas\AppData\Local\Microsoft\OneDrive\OneDrive.exe</Data><Data Name="TokenElevationType">%%1936</Data><Data Name="ProcessId">0xfddf</Data><Data Name="CommandLine">C:\Users\mthomas\AppData\Local\Microsoft\OneDrive\OneDrive.exe</Data><Data Name="TargetUserSid">S-1-0-0</Data><Data Name="TargetUserName">-</Data><Data Name="TargetDomainName">-</Data><Data Name="TargetLogonId">0x0</Data><Data Name="ParentProcessName">C:\Windows\System32\explorer.exe</Data><Data Name="MandatoryLabel">S-1-16-8192</Data></EventData></Event>
<?xml version="1.0"?><Event xmlns="http://schemas.microsoft.com/win/2004/08/events/event"><System><Provider Name="Microsoft-Windows-Security-Auditing" Guid="{54849625-5478-4994-A5BA-3E3B0328C30D}"/><EventID>4688</EventID><Version>2</Version><Level>0</Level><Task>13312</Task><Opcode>0</Opcode><Keywords>0x8020000000000000</Keywords><TimeCreated SystemTime="2026-09-23T12:40:35.324976359Z"/><EventRecordID>26165252</EventRecordID><Correlation/><Execution ProcessID="4755" ThreadID="2555"/><Channel>Security</Channel><Computer>GW-S-8420</Computer><Security/></System><EventData><Data Name="SubjectUserSid">S-1-5-21-1957994488-2000478354-1284470638-8580</Data><Data Name="SubjectUserName">hgrant</Data><Data Name="SubjectDomainName">GRAVYWHALE</Data><Data Name="SubjectLogonId">0x683408</Data><Data Name="NewProcessId">0x661</Data><Data Name="NewProcessName">C:\Program Files\Google\Chrome\Application\chrome.exe</Data><Data Name="TokenElevationType">%%1936</Data><Data Name="ProcessId">0x921a</Data><Data Name="CommandLine">C:\Program Files\Google\Chrome\Application\chrome.exe</Data><Data Name="TargetUserSid">S-1-0-0</Data><Data Name="TargetUserName">-</Data><Data Name="TargetDomainName">-</Data><Data Name="TargetLogonId">0x0</Data><Data Name="ParentProcessName">C:\Windows\System32\explorer.exe</Data><Data Name="MandatoryLabel">S-1-16-8192</Data></EventData></Event>
<?xml version="1.0"?><Event xmlns="http://schemas.microsoft.com/win/2004/08/events/event"><System><Provider Name="Microsoft-Windows-Security-Auditing" Guid="{54849625-5478-4994-A5BA-3E3B0328C30D}"/><EventID>4624</EventID><Version>2</Version><Level>0</Level><Task>12544</Task><Opcode>0</Opcode><Keywords>0x8020000000000000</Keywords><TimeCreated SystemTime="2026-09-23T12:41:15.245804340Z"/><EventRecordID>12404497</EventRecordID><Correlation/><Execution ProcessID="7073" ThreadID="1428"/><Channel>Security</Channel><Computer>GW-IT-8633</Computer><Security/></System><EventData><Data Name="SubjectUserSid">S-1-5-18</Data><Data Name="SubjectUserName">GW-IT-8633$</Data><Data Name="SubjectDomainName">GRAVYWHALE</Data><Data Name="SubjectLogonId">0x3e7</Data><Data Name="TargetUserSid">S-1-5-21-1957994488-2000478354-1284470638-4151</Data><Data Name="TargetUserName">jbaker</Data><Data Name="TargetDomainName">GRAVYWHALE</Data><Data Name="TargetLogonId">0xee343b</Data><Data Name="LogonType">2</Data><Data Name="LogonProcessName">User32</Data><Data Name="AuthenticationPackageName">Negotiate</Data><Data Name="WorkstationName">GW-IT-8633</Data><Data Name="LogonGuid">{9CBABEDA-DEB0-142F-E8EF-16CA74D90398}</Data><Data Name="TransmittedServices">-</Data><Data Name="LmPackageName">-</Data><Data Name="KeyLength">0</Data><Data Name="ProcessId">0x49d4</Data><Data Name="ProcessName">C:\Windows\System32\svchost.exe</Data><Data Name="IpAddress">10.10.9.244</Data><Data Name="IpPort">0</Data><Data Name="ImpersonationLevel">%%1833</Data><Data Name="RestrictedAdminMode">-</Data><Data Name="TargetOutboundUserName">-</Data><Data Name="TargetOutboundDomainName">-</Data><Data Name="VirtualAccount">%%1843</Data><Data Name="TargetLinkedLogonId">0x0</Data><Data Name="ElevatedToken">%%1842</Data></EventData></Event>
<?xml version="1.0"?><Event xmlns="http://schemas.microsoft.com/win/2004/08/events/event"><System><Provider Name="Microsoft-Windows-Security-Auditing" Guid="{54849625-5478-4994-A5BA-3E3B0328C30D}"/><EventID>4627</EventID><Version>0</Version><Level>0</Level><Task>12545</Task><Opcode>0</Opcode><Keywords>0x8020000000000000</Keywords><TimeCreated SystemTime="2026-09-23T12:41:15.245804485Z"/><EventRecordID>66001691</EventRecordID><Correlation/><Execution ProcessID="7994" ThreadID="4183"/><Channel>Security</Channel><Computer>GW-IT-8633</Computer><Security/></System><EventData><Data Name="SubjectUserSid">S-1-5-18</Data><Data Name="SubjectUserName">GW-IT-8633$</Data><Data Name="SubjectDomainName">GRAVYWHALE</Data><Data Name="SubjectLogonId">0x3e7</Data><Data Name="TargetUserSid">S-1-5-21-1957994488-2000478354-1284470638-4151</Data><Data Name="TargetUserName">jbaker</Data><Data Name="TargetDomainName">GRAVYWHALE</Data><Data Name="LogonType">2</Data><Data Name="GroupMembership">%{S-1-5-32-544} (Administrators); %{S-1-5-21-1957994488-2000478354-1284470638-512} (Domain Admins); %{S-1-5-21-1957994488-2000478354-1284470638-7615} (Domain Users)</Data></EventData></Event>
<?xml version="1.0"?><Event xmlns="http://schemas.microsoft.com/win/2004/08/events/event"><System><Provider Name="Microsoft-Windows-Security-Auditing" Guid="{54849625-5478-4994-A5BA-3E3B0328C30D}"/><EventID>4688</EventID><Version>2</Version><Level>0</Level><Task>13312</Task><Opcode>0</Opcode><Keywords>0x8020000000000000</Keywords><TimeCreated SystemTime="2026-09-23T12:42:02.979396627Z"/><EventRecordID>48286763</EventRecordID><Correlation/><Execution ProcessID="8197" ThreadID="3103"/><Channel>Security</Channel><Computer>GW-E-6123</Computer><Security/></System><EventData><Data Name="SubjectUserSid">S-1-5-21-1957994488-2000478354-1284470638-3417</Data><Data Name="SubjectUserName">cdawson</Data><Data Name="SubjectDomainName">GRAVYWHALE</Data><Data Name="SubjectLogonId">0xfe273a</Data><Data Name="NewProcessId">0x20fa</Data><Data Name="NewProcessName">C:\Users\cdawson\AppData\Local\Microsoft\OneDrive\OneDrive.exe</Data><Data Name="TokenElevationType">%%1936</Data><Data Name="ProcessId">0x4350</Data><Data Name="CommandLine">C:\Users\cdawson\AppData\Local\Microsoft\OneDrive\OneDrive.exe</Data><Data Name="TargetUserSid">S-1-0-0</Data><Data Name="TargetUserName">-</Data><Data Name="TargetDomainName">-</Data><Data Name="TargetLogonId">0x0</Data><Data Name="ParentProcessName">C:\Windows\System32\explorer.exe</Data><Data Name="MandatoryLabel">S-1-16-8192</Data></EventData></Event>
<?xml version="1.0"?><Event xmlns="http://schemas.microsoft.com/win/2004/08/events/event"><System><Provider Name="Microsoft-Windows-Security-Auditing" Guid="{54849625-5478-4994-A5BA-3E3B0328C30D}"/><EventID>4688</EventID><Version>2</Version><Level>0</Level><Task>13312</Task><Opcode>0</Opcode><Keywords>0x8020000000000000</Keywords><TimeCreated SystemTime="2026-09-23T12:42:19.186948757Z"/><EventRecordID>10539703</EventRecordID><Correlation/><Execution ProcessID="7871" ThreadID="4990"/><Channel>Security</Channel><Computer>GW-S-4816</Computer><Security/></System><EventData><Data Name="SubjectUserSid">S-1-5-21-1957994488-2000478354-1284470638-6181</Data><Data Name="SubjectUserName">jjohnson</Data><Data Name="SubjectDomainName">GRAVYWHALE</Data><Data Name="SubjectLogonId">0xa9f50c</Data><Data Name="NewProcessId">0xd275</Data><Data Name="NewProcessName">C:\Users\jjohnson\AppData\Local\Microsoft\OneDrive\OneDrive.exe</Data><Data Name="TokenElevationType">%%1936</Data><Data Name="ProcessId">0x7ca2</Data><Data Name="CommandLine">C:\Users\jjohnson\AppData\Local\Microsoft\OneDrive\OneDrive.exe</Data><Data Name="TargetUserSid">S-1-0-0</Data><Data Name="TargetUserName">-</Data><Data Name="TargetDomainName">-</Data><Data Name="TargetLogonId">0x0</Data><Data Name="ParentProcessName">C:\Windows\System32\explorer.exe</Data><Data Name="MandatoryLabel">S-1-16-8192</Data></EventData></Event>
<?xml version="1.0"?><Event xmlns="http://schemas.microsoft.com/win/2004/08/events/event"><System><Provider Name="Microsoft-Windows-Security-Auditing" Guid="{54849625-5478-4994-A5BA-3E3B0328C30D}"/><EventID>4688</EventID><Version>2</Version><Level>0</Level><Task>13312</Task><Opcode>0</Opcode><Keywords>0x8020000000000000</Keywords><TimeCreated SystemTime="2026-09-23T12:43:22.374385453Z"/><EventRecordID>64571628</EventRecordID><Correlation/><Execution ProcessID="5106" ThreadID="2558"/><Channel>Security</Channel><Computer>GW-E-5507</Computer><Security/></System><EventData><Data Name="SubjectUserSid">S-1-5-21-1957994488-2000478354-1284470638-4038</Data><Data Name="SubjectUserName">mthomas</Data><Data Name="SubjectDomainName">GRAVYWHALE</Data><Data Name="SubjectLogonId">0x71681b</Data><Data Name="NewProcessId">0x98f7</Data><Data Name="NewProcessName">C:\Program Files\Google\Chrome\Application\chrome.exe</Data><Data Name="TokenElevationType">%%1936</Data><Data Name="ProcessId">0x787c</Data><Data Name="CommandLine">C:\Program Files\Google\Chrome\Application\chrome.exe</Data><Data Name="TargetUserSid">S-1-0-0</Data><Data Name="TargetUserName">-</Data><Data Name="TargetDomainName">-</Data><Data Name="TargetLogonId">0x0</Data><Data Name="ParentProcessName">C:\Windows\System32\explorer.exe</Data><Data Name="MandatoryLabel">S-1-16-8192</Data></EventData></Event>
<?xml version="1.0"?><Event xmlns="http://schemas.microsoft.com/win/2004/08/events/event"><System><Provider Name="Microsoft-Windows-Security-Auditing" Guid="{54849625-5478-4994-A5BA-3E3B0328C30D}"/><EventID>4688</EventID><Version>2</Version><Level>0</Level><Task>13312</Task><Opcode>0</Opcode><Keywords>0x8020000000000000</Keywords><TimeCreated SystemTime="2026-09-23T12:43:23.129618255Z"/><EventRecordID>77723087</EventRecordID><Correlation/><Execution ProcessID="880" ThreadID="2974"/><Channel>Security</Channel><Computer>GW-HR-3033</Computer><Security/></System><EventData><Data Name="SubjectUserSid">S-1-5-21-1957994488-2000478354-1284470638-5522</Data><Data Name="SubjectUserName">csmith</Data><Data Name="SubjectDomainName">GRAVYWHALE</Data><Data Name="SubjectLogonId">0x44e446</Data><Data Name="NewProcessId">0x526a</Data><Data Name="NewProcessName">C:\Users\csmith\AppData\Local\Microsoft\Teams\current\Teams.exe</Data><Data Name="TokenElevationType">%%1936</Data><Data Name="ProcessId">0x89c0</Data><Data Name="CommandLine">C:\Users\csmith\AppData\Local\Microsoft\Teams\current\Teams.exe</Data><Data Name="TargetUserSid">S-1-0-0</Data><Data Name="TargetUserName">-</Data><Data Name="TargetDomainName">-</Data><Data Name="TargetLogonId">0x0</Data><Data Name="ParentProcessName">C:\Windows\System32\explorer.exe</Data><Data Name="MandatoryLabel">S-1-16-8192</Data></EventData></Event>
<?xml version="1.0"?><Event xmlns="http://schemas.microsoft.com/win/2004/08/events/event"><System><Provider Name="Microsoft-Windows-Security-Auditing" Guid="{54849625-5478-4994-A5BA-3E3B0328C30D}"/><EventID>4624</EventID><Version>2</Version><Level>0</Level><Task>12544</Task><Opcode>0</Opcode><Keywords>0x8020000000000000</Keywords><TimeCreated SystemTime="2026-09-23T12:43:59.483788827Z"/><EventRecordID>79707411</EventRecordID><Correlation/><Execution ProcessID="1446" ThreadID="2394"/><Channel>Security</Channel><Computer>GW-IT-2147</Computer><Security/></System><EventData><Data Name="SubjectUserSid">S-1-5-18</Data><Data Name="SubjectUserName">GW-IT-2147$</Data><Data Name="SubjectDomainName">GRAVYWHALE</Data><Data Name="SubjectLogonId">0x3e7</Data><Data Name="TargetUserSid">S-1-5-21-1957994488-2000478354-1284470638-3808</Data><Data Name="TargetUserName">cvillegas</Data><Data Name="TargetDomainName">GRAVYWHALE</Data><Data Name="TargetLogonId">0x965582</Data><Data Name="LogonType">2</Data><Data Name="LogonProcessName">User32</Data><Data Name="AuthenticationPackageName">Negotiate</Data><Data Name="WorkstationName">GW-IT-2147</Data><Data Name="LogonGuid">{C24E1CA5-C004-895A-C6F6-D62B63F6079C}</Data><Data Name="TransmittedServices">-</Data><Data Name="LmPackageName">-</Data><Data Name="KeyLength">0</Data><Data Name="ProcessId">0xabec</Data><Data Name="ProcessName">C:\Windows\System32\svchost.exe</Data><Data Name="IpAddress">10.10.9.168</Data><Data Name="IpPort">0</Data><Data Name="ImpersonationLevel">%%1833</Data><Data Name="RestrictedAdminMode">-</Data><Data Name="TargetOutboundUserName">-</Data><Data Name="TargetOutboundDomainName">-</Data><Data Name="VirtualAccount">%%1843</Data><Data Name="TargetLinkedLogonId">0x0</Data><Data Name="ElevatedToken">%%1842</Data></EventData></Event>
<?xml version="1.0"?><Event xmlns="http://schemas.microsoft.com/win/2004/08/events/event"><System><Provider Name="Microsoft-Windows-Security-Auditing" Guid="{54849625-5478-4994-A5BA-3E3B0328C30D}"/><EventID>4627</EventID><Version>0</Version><Level>0</Level><Task>12545</Task><Opcode>0</Opcode><Keywords>0x8020000000000000</Keywords><TimeCreated SystemTime="2026-09-23T12:43:59.483788677Z"/><EventRecordID>82178869</EventRecordID><Correlation/><Execution ProcessID="3382" ThreadID="2679"/><Channel>Security</Channel><Computer>GW-IT-2147</Computer><Security/></System><EventData><Data Name="SubjectUserSid">S-1-5-18</Data><Data Name="SubjectUserName">GW-IT-2147$</Data><Data Name="SubjectDomainName">GRAVYWHALE</Data><Data Name="SubjectLogonId">0x3e7</Data><Data Name="TargetUserSid">S-1-5-21-1957994488-2000478354-1284470638-3808</Data><Data Name="TargetUserName">cvillegas</Data><Data Name="TargetDomainName">GRAVYWHALE</Data><Data Name="LogonType">2</Data><Data Name="GroupMembership">%{S-1-5-32-544} (Administrators); %{S-1-5-21-1957994488-2000478354-1284470638-512} (Domain Admins); %{S-1-5-21-1957994488-2000478354-1284470638-7615} (Domain Users)</Data></EventData></Event>
<?xml version="1.0"?><Event xmlns="http://schemas.microsoft.com/win/2004/08/events/event"><System><Provider Name="Microsoft-Windows-Security-Auditing" Guid="{54849625-5478-4994-A5BA-3E3B0328C30D}"/><EventID>4688</EventID><Version>2</Version><Level>0</Level><Task>13312</Task><Opcode>0</Opcode><Keywords>0x8020000000000000</Keywords><TimeCreated SystemTime="2026-09-23T12:44:27.489114830Z"/><EventRecordID>80718119</EventRecordID><Correlation/><Execution ProcessID="8867" ThreadID="7330"/><Channel>Security</Channel><Computer>GW-S-2369</Computer><Security/></System><EventData><Data Name="SubjectUserSid">S-1-5-21-1957994488-2000478354-1284470638-1742</Data><Data Name="SubjectUserName">mhenderson</Data><Data Name="SubjectDomainName">GRAVYWHALE</Data><Data Name="SubjectLogonId">0x1b5256</Data><Data Name="NewProcessId">0x191c</Data><Data Name="NewProcessName">C:\Program Files\Microsoft Office\root\Office16\OUTLOOK.EXE</Data><Data Name="TokenElevationType">%%1936</Data><Data Name="ProcessId">0x846c</Data><Data Name="CommandLine">C:\Program Files\Microsoft Office\root\Office16\OUTLOOK.EXE</Data><Data Name="TargetUserSid">S-1-0-0</Data><Data Name="TargetUserName">-</Data><Data Name="TargetDomainName">-</Data><Data Name="TargetLogonId">0x0</Data><Data Name="ParentProcessName">C:\Windows\System32\explorer.exe</Data><Data Name="MandatoryLabel">S-1-16-8192</Data></EventData></Event>
<?xml version="1.0"?><Event xmlns="http://schemas.microsoft.com/win/2004/08/events/event"><System><Provider Name="Microsoft-Windows-Security-Auditing" Guid="{54849625-5478-4994-A5BA-3E3B0328C30D}"/><EventID>4688</EventID><Version>2</Version><Level>0</Level><Task>13312</Task><Opcode>0</Opcode><Keywords>0x8020000000000000</Keywords><TimeCreated SystemTime="2026-09-23T12:45:32.441385325Z"/><EventRecordID>39784212</EventRecordID><Correlation/><Execution ProcessID="7406" ThreadID="5821"/><Channel>Security</Channel><Computer>GW-E-8470-2</Computer><Security/></System><EventData><Data Name="SubjectUserSid">S-1-5-21-1957994488-2000478354-1284470638-6142</Data><Data Name="SubjectUserName">cmiller</Data><Data Name="SubjectDomainName">GRAVYWHALE</Data><Data Name="SubjectLogonId">0xc16dcb</Data><Data Name="NewProcessId">0x4d4d</Data><Data Name="NewProcessName">C:\Program Files\Git\cmd\git.exe</Data><Data Name="TokenElevationType">%%1936</Data><Data Name="ProcessId">0x9e1</Data><Data Name="CommandLine">C:\Program Files\Git\cmd\git.exe</Data><Data Name="TargetUserSid">S-1-0-0</Data><Data Name="TargetUserName">-</Data><Data Name="TargetDomainName">-</Data><Data Name="TargetLogonId">0x0</Data><Data Name="ParentProcessName">C:\Windows\System32\explorer.exe</Data><Data Name="MandatoryLabel">S-1-16-8192</Data></EventData></Event>
<?xml version="1.0"?><Event xmlns="http://schemas.microsoft.com/win/2004/08/events/event"><System><Provider Name="Microsoft-Windows-Security-Auditing" Guid="{54849625-5478-4994-A5BA-3E3B0328C30D}"/><EventID>4688</EventID><Version>2</Version><Level>0</Level><Task>13312</Task><Opcode>0</Opcode><Keywords>0x8020000000000000</Keywords><TimeCreated SystemTime="2026-09-23T12:45:38.741742869Z"/><EventRecordID>11659070</EventRecordID><Correlation/><Execution ProcessID="8076" ThreadID="8646"/><Channel>Security</Channel><Computer>GW-S-2369</Computer><Security/></System><EventData><Data Name="SubjectUserSid">S-1-5-21-1957994488-2000478354-1284470638-1742</Data><Data Name="SubjectUserName">mhenderson</Data><Data Name="SubjectDomainName">GRAVYWHALE</Data><Data Name="SubjectLogonId">0xeb9eba</Data><Data Name="NewProcessId">0x3155</Data><Data Name="NewProcessName">C:\Users\mhenderson\AppData\Local\Microsoft\OneDrive\OneDrive.exe</Data><Data Name="TokenElevationType">%%1936</Data><Data Name="ProcessId">0x1094</Data><Data Name="CommandLine">C:\Users\mhenderson\AppData\Local\Microsoft\OneDrive\OneDrive.exe</Data><Data Name="TargetUserSid">S-1-0-0</Data><Data Name="TargetUserName">-</Data><Data Name="TargetDomainName">-</Data><Data Name="TargetLogonId">0x0</Data><Data Name="ParentProcessName">C:\Windows\System32\explorer.exe</Data><Data Name="MandatoryLabel">S-1-16-8192</Data></EventData></Event>
<?xml version="1.0"?><Event xmlns="http://schemas.microsoft.com/win/2004/08/events/event"><System><Provider Name="Microsoft-Windows-Security-Auditing" Guid="{54849625-5478-4994-A5BA-3E3B0328C30D}"/><EventID>4688</EventID><Version>2</Version><Level>0</Level><Task>13312</Task><Opcode>0</Opcode><Keywords>0x8020000000000000</Keywords><TimeCreated SystemTime="2026-09-23T12:48:01.324004597Z"/><EventRecordID>77835762</EventRecordID><Correlation/><Execution ProcessID="2330" ThreadID="3282"/><Channel>Security</Channel><Computer>GW-S-8313</Computer><Security/></System><EventData><Data Name="SubjectUserSid">S-1-5-21-1957994488-2000478354-1284470638-7216</Data><Data Name="SubjectUserName">amendez</Data><Data Name="SubjectDomainName">GRAVYWHALE</Data><Data Name="SubjectLogonId">0xeb8b5f</Data><Data Name="NewProcessId">0x778b</Data><Data Name="NewProcessName">C:\Program Files\Microsoft Office\root\Office16\OUTLOOK.EXE</Data><Data Name="TokenElevationType">%%1936</Data><Data Name="ProcessId">0xd6f2</Data><Data Name="CommandLine">C:\Program Files\Microsoft Office\root\Office16\OUTLOOK.EXE</Data><Data Name="TargetUserSid">S-1-0-0</Data><Data Name="TargetUserName">-</Data><Data Name="TargetDomainName">-</Data><Data Name="TargetLogonId">0x0</Data><Data Name="ParentProcessName">C:\Windows\System32\explorer.exe</Data><Data Name="MandatoryLabel">S-1-16-8192</Data></EventData></Event>
<?xml version="1.0"?><Event xmlns="http://schemas.microsoft.com/win/2004/08/events/event"><System><Provider Name="Microsoft-Windows-Security-Auditing" Guid="{54849625-5478-4994-A5BA-3E3B0328C30D}"/><EventID>4624</EventID><Version>2</Version><Level>0</Level><Task>12544</Task><Opcode>0</Opcode><Keywords>0x8020000000000000</Keywords><TimeCreated SystemTime="2026-09-23T12:48:26.165767818Z"/><EventRecordID>49557552</EventRecordID><Correlation/><Execution ProcessID="655" ThreadID="7836"/><Channel>Security</Channel><Computer>GW-IT-2686</Computer><Security/></System><EventData><Data Name="SubjectUserSid">S-1-5-18</Data><Data Name="SubjectUserName">GW-IT-2686$</Data><Data Name="SubjectDomainName">GRAVYWHALE</Data><Data Name="SubjectLogonId">0x3e7</Data><Data Name="TargetUserSid">S-1-5-21-1957994488-2000478354-1284470638-4737</Data><Data Name="TargetUserName">mherman</Data><Data Name="TargetDomainName">GRAVYWHALE</Data><Data Name="TargetLogonId">0x786094</Data><Data Name="LogonType">2</Data><Data Name="LogonProcessName">User32</Data><Data Name="AuthenticationPackageName">Negotiate</Data><Data Name="WorkstationName">GW-IT-2686</Data><Data Name="LogonGuid">{AE50F96E-945E-5341-9B77-93967CA08CDE}</Data><Data Name="TransmittedServices">-</Data><Data Name="LmPackageName">-</Data><Data Name="KeyLength">0</Data><Data Name="ProcessId">0x118a</Data><Data Name="ProcessName">C:\Windows\System32\svchost.exe</Data><Data Name="IpAddress">10.10.9.229</Data><Data Name="IpPort">0</Data><Data Name="ImpersonationLevel">%%1833</Data><Data Name="RestrictedAdminMode">-</Data><Data Name="TargetOutboundUserName">-</Data><Data Name="TargetOutboundDomainName">-</Data><Data Name="VirtualAccount">%%1843</Data><Data Name="TargetLinkedLogonId">0x0</Data><Data Name="ElevatedToken">%%1842</Data></EventData></Event>
<?xml version="1.0"?><Event xmlns="http://schemas.microsoft.com/win/2004/08/events/event"><System><Provider Name="Microsoft-Windows-Security-Auditing" Guid="{54849625-5478-4994-A5BA-3E3B0328C30D}"/><EventID>4627</EventID><Version>0</Version><Level>0</Level><Task>12545</Task><Opcode>0</Opcode><Keywords>0x8020000000000000</Keywords><TimeCreated SystemTime="2026-09-23T12:48:26.165767041Z"/><EventRecordID>39168908</EventRecordID><Correlation/><Execution ProcessID="5036" ThreadID="2422"/><Channel>Security</Channel><Computer>GW-IT-2686</Computer><Security/></System><EventData><Data Name="SubjectUserSid">S-1-5-18</Data><Data Name="SubjectUserName">GW-IT-2686$</Data><Data Name="SubjectDomainName">GRAVYWHALE</Data><Data Name="SubjectLogonId">0x3e7</Data><Data Name="TargetUserSid">S-1-5-21-1957994488-2000478354-1284470638-4737</Data><Data Name="TargetUserName">mherman</Data><Data Name="TargetDomainName">GRAVYWHALE</Data><Data Name="LogonType">2</Data><Data Name="GroupMembership">%{S-1-5-32-544} (Administrators); %{S-1-5-21-1957994488-2000478354-1284470638-512} (Domain Admins); %{S-1-5-21-1957994488-2000478354-1284470638-7615} (Domain Users)</Data></EventData></Event>
<?xml version="1.0"?><Event xmlns="http://schemas.microsoft.com/win/2004/08/events/event"><System><Provider Name="Microsoft-Windows-Security-Auditing" Guid="{54849625-5478-4994-A5BA-3E3B0328C30D}"/><EventID>4688</EventID><Version>2</Version><Level>0</Level><Task>13312</Task><Opcode>0</Opcode><Keywords>0x8020000000000000</Keywords><TimeCreated SystemTime="2026-09-23T12:48:33.518991195Z"/><EventRecordID>12885032</EventRecordID><Correlation/><Execution ProcessID="3547" ThreadID="5830"/><Channel>Security</Channel><Computer>GW-O-4289</Computer><Security/></System><EventData><Data Name="SubjectUserSid">S-1-5-21-1957994488-2000478354-1284470638-7711</Data><Data Name="SubjectUserName">jhughes</Data><Data Name="SubjectDomainName">GRAVYWHALE</Data><Data Name="SubjectLogonId">0x476a68</Data><Data Name="NewProcessId">0x3bcc</Data><Data Name="NewProcessName">C:\Program Files\Microsoft Office\root\Office16\OUTLOOK.EXE</Data><Data Name="TokenElevationType">%%1936</Data><Data Name="ProcessId">0x194f</Data><Data Name="CommandLine">C:\Program Files\Microsoft Office\root\Office16\OUTLOOK.EXE</Data><Data Name="TargetUserSid">S-1-0-0</Data><Data Name="TargetUserName">-</Data><Data Name="TargetDomainName">-</Data><Data Name="TargetLogonId">0x0</Data><Data Name="ParentProcessName">C:\Windows\System32\explorer.exe</Data><Data Name="MandatoryLabel">S-1-16-8192</Data></EventData></Event>
<?xml version="1.0"?><Event xmlns="http://schemas.microsoft.com/win/2004/08/events/event"><System><Provider Name="Microsoft-Windows-Security-Auditing" Guid="{54849625-5478-4994-A5BA-3E3B0328C30D}"/><EventID>4688</EventID><Version>2</Version><Level>0</Level><Task>13312</Task><Opcode>0</Opcode><Keywords>0x8020000000000000</Keywords><TimeCreated SystemTime="2026-09-23T12:48:49.936657670Z"/><EventRecordID>75889517</EventRecordID><Correlation/><Execution ProcessID="5284" ThreadID="2960"/><Channel>Security</Channel><Computer>GW-S-4887</Computer><Security/></System><EventData><Data Name="SubjectUserSid">S-1-5-21-1957994488-2000478354-1284470638-7740</Data><Data Name="SubjectUserName">rwilliams</Data><Data Name="SubjectDomainName">GRAVYWHALE</Data><Data Name="SubjectLogonId">0xdbad9b</Data><Data Name="NewProcessId">0x676f</Data><Data Name="NewProcessName">C:\Program Files\Google\Chrome\Application\chrome.exe</Data><Data Name="TokenElevationType">%%1936</Data><Data Name="ProcessId">0x225a</Data><Data Name="CommandLine">C:\Program Files\Google\Chrome\Application\chrome.exe</Data><Data Name="TargetUserSid">S-1-0-0</Data><Data Name="TargetUserName">-</Data><Data Name="TargetDomainName">-</Data><Data Name="TargetLogonId">0x0</Data><Data Name="ParentProcessName">C:\Windows\System32\explorer.exe</Data><Data Name="MandatoryLabel">S-1-16-8192</Data></EventData></Event>
<?xml version="1.0"?><Event xmlns="http://schemas.microsoft.com/win/2004/08/events/event"><System><Provider Name="Microsoft-Windows-Security-Auditing" Guid="{54849625-5478-4994-A5BA-3E3B0328C30D}"/><EventID>4688</EventID><Version>2</Version><Level>0</Level><Task>13312</Task><Opcode>0</Opcode><Keywords>0x8020000000000000</Keywords><TimeCreated SystemTime="2026-09-23T12:50:46.268505272Z"/><EventRecordID>11264041</EventRecordID><Correlation/><Execution ProcessID="731" ThreadID="2511"/><Channel>Security</Channel><Computer>GW-E-8470-2</Computer><Security/></System><EventData><Data Name="SubjectUserSid">S-1-5-21-1957994488-2000478354-1284470638-6142</Data><Data Name="SubjectUserName">cmiller</Data><Data Name="SubjectDomainName">GRAVYWHALE</Data><Data Name="SubjectLogonId">0xa101d4</Data><Data Name="NewProcessId">0x8db3</Data><Data Name="NewProcessName">C:\Program Files\Git\cmd\git.exe</Data><Data Name="TokenElevationType">%%1936</Data><Data Name="ProcessId">0x7f7b</Data><Data Name="CommandLine">C:\Program Files\Git\cmd\git.exe</Data><Data Name="TargetUserSid">S-1-0-0</Data><Data Name="TargetUserName">-</Data><Data Name="TargetDomainName">-</Data><Data Name="TargetLogonId">0x0</Data><Data Name="ParentProcessName">C:\Windows\System32\explorer.exe</Data><Data Name="MandatoryLabel">S-1-16-8192</Data></EventData></Event>
