<?xml version="1.0"?><Event xmlns="http://schemas.microsoft.com/win/2004/08/events/event"><System><Provider Name="Microsoft-Windows-Security-Auditing" Guid="{54849625-5478-4994-A5BA-3E3B0328C30D}"/><EventID>4624</EventID><Version>2</Version><Level>0</Level><Task>12544</Task><Opcode>0</Opcode><Keywords>0x8020000000000000</Keywords><TimeCreated SystemTime="2026-09-23T13:56:13.706511491Z"/><EventRecordID>40216152</EventRecordID><Correlation/><Execution ProcessID="634" ThreadID="3747"/><Channel>Security</Channel><Computer>GW-E-9718</Computer><Security/></System><EventData><Data Name="SubjectUserSid">S-1-5-18</Data><Data Name="SubjectUserName">GW-E-9718$</Data><Data Name="SubjectDomainName">GRAVYWHALE</Data><Data Name="SubjectLogonId">0x3e7</Data><Data Name="TargetUserSid">S-1-5-21-1957994488-2000478354-1284470638-7470</Data><Data Name="TargetUserName">lprice</Data><Data Name="TargetDomainName">GRAVYWHALE</Data><Data Name="TargetLogonId">0x630420</Data><Data Name="LogonType">2</Data><Data Name="LogonProcessName">User32</Data><Data Name="AuthenticationPackageName">Negotiate</Data><Data Name="WorkstationName">GW-E-9718</Data><Data Name="LogonGuid">{7E9E82EB-2FE8-AE45-600B-BECA97538A68}</Data><Data Name="TransmittedServices">-</Data><Data Name="LmPackageName">-</Data><Data Name="KeyLength">0</Data><Data Name="ProcessId">0xb85e</Data><Data Name="ProcessName">C:\Windows\System32\svchost.exe</Data><Data Name="IpAddress">10.10.10.15</Data><Data Name="IpPort">0</Data><Data Name="ImpersonationLevel">%%1833</Data><Data Name="RestrictedAdminMode">-</Data><Data Name="TargetOutboundUserName">-</Data><Data Name="TargetOutboundDomainName">-</Data><Data Name="VirtualAccount">%%1843</Data><Data Name="TargetLinkedLogonId">0x0</Data><Data Name="ElevatedToken">%%1842</Data></EventData></Event>
<?xml version="1.0"?><Event xmlns="http://schemas.microsoft.com/win/2004/08/events/event"><System><Provider Name="Microsoft-Windows-Security-Auditing" Guid="{54849625-5478-4994-A5BA-3E3B0328C30D}"/><EventID>4624</EventID><Version>2</Version><Level>0</Level><Task>12544</Task><Opcode>0</Opcode><Keywords>0x8020000000000000</Keywords><TimeCreated SystemTime="2026-09-23T13:56:50.232941120Z"/><EventRecordID>56942462</EventRecordID><Correlation/><Execution ProcessID="3841" ThreadID="6553"/><Channel>Security</Channel><Computer>GW-E-8470</Computer><Security/></System><EventData><Data Name="SubjectUserSid">S-1-5-18</Data><Data Name="SubjectUserName">GW-E-8470$</Data><Data Name="SubjectDomainName">GRAVYWHALE</Data><Data Name="SubjectLogonId">0x3e7</Data><Data Name="TargetUserSid">S-1-5-21-1957994488-2000478354-1284470638-6961</Data><Data Name="TargetUserName">rlewis</Data><Data Name="TargetDomainName">GRAVYWHALE</Data><Data Name="TargetLogonId">0x99c3ba</Data><Data Name="LogonType">2</Data><Data Name="LogonProcessName">User32</Data><Data Name="AuthenticationPackageName">Negotiate</Data><Data Name="WorkstationName">GW-E-8470</Data><Data Name="LogonGuid">{755D05E1-51EB-9280-A321-8760480CDC30}</Data><Data Name="TransmittedServices">-</Data><Data Name="LmPackageName">-</Data><Data Name="KeyLength">0</Data><Data Name="ProcessId">0xe1cf</Data><Data Name="ProcessName">C:\Windows\System32\svchost.exe</Data><Data Name="IpAddress">10.10.14.191</Data><Data Name="IpPort">0</Data><Data Name="ImpersonationLevel">%%1833</Data><Data Name="RestrictedAdminMode">-</Data><Data Name="TargetOutboundUserName">-</Data><Data Name="TargetOutboundDomainName">-</Data><Data Name="VirtualAccount">%%1843</Data><Data Name="TargetLinkedLogonId">0x0</Data><Data Name="ElevatedToken">%%1842</Data></EventData></Event>
<?xml version="1.0"?><Event xmlns="http://schemas.microsoft.com/win/2004/08/events/event"><System><Provider Name="Microsoft-Windows-Security-Auditing" Guid="{54849625-5478-4994-A5BA-3E3B0328C30D}"/><EventID>4688</EventID><Version>2</Version><Level>0</Level><Task>13312</Task><Opcode>0</Opcode><Keywords>0x8020000000000000</Keywords><TimeCreated SystemTime="2026-09-23T13:56:55.205489573Z"/><EventRecordID>93182506</EventRecordID><Correlation/><Execution ProcessID="8151" ThreadID="6352"/><Channel>Security</Channel><Computer>GW-E-9104</Computer><Security/></System><EventData><Data Name="SubjectUserSid">S-1-5-21-1957994488-2000478354-1284470638-3958</Data><Data Name="SubjectUserName">mgaines</Data><Data Name="SubjectDomainName">GRAVYWHALE</Data><Data Name="SubjectLogonId">0xd92530</Data><Data Name="NewProcessId">0x7557</Data><Data Name="NewProcessName">C:\Users\mgaines\AppData\Local\Microsoft\Teams\current\Teams.exe</Data><Data Name="TokenElevationType">%%1936</Data><Data Name="ProcessId">0x55fc</Data><Data Name="CommandLine">C:\Users\mgaines\AppData\Local\Microsoft\Teams\current\Teams.exe</Data><Data Name="TargetUserSid">S-1-0-0</Data><Data Name="TargetUserName">-</Data><Data Name="TargetDomainName">-</Data><Data Name="TargetLogonId">0x0</Data><Data Name="ParentProcessName">C:\Windows\System32\explorer.exe</Data><Data Name="MandatoryLabel">S-1-16-8192</Data></EventData></Event>
<?xml version="1.0"?><Event xmlns="http://schemas.microsoft.com/win/2004/08/events/event"><System><Provider Name="Microsoft-Windows-Security-Auditing" Guid="{54849625-5478-4994-A5BA-3E3B0328C30D}"/><EventID>4688</EventID><Version>2</Version><Level>0</Level><Task>13312</Task><Opcode>0</Opcode><Keywords>0x8020000000000000</Keywords><TimeCreated SystemTime="2026-09-23T13:57:35.564198521Z"/><EventRecordID>27515544</EventRecordID><Correlation/><Execution ProcessID="4008" ThreadID="1466"/><Channel>Security</Channel><Computer>GW-E-3987</Computer><Security/></System><EventData><Data Name="SubjectUserSid">S-1-5-21-1957994488-2000478354-1284470638-3074</Data><Data Name="SubjectUserName">charrison</Data><Data Name="SubjectDomainName">GRAVYWHALE</Data><Data Name="SubjectLogonId">0xe5536e</Data><Data Name="NewProcessId">0x9d4e</Data><Data Name="NewProcessName">C:\Users\charrison\AppData\Local\Programs\Microsoft VS Code\Code.exe</Data><Data Name="TokenElevationType">%%1936</Data><Data Name="ProcessId">0x8e7a</Data><Data Name="CommandLine">C:\Users\charrison\AppData\Local\Programs\Microsoft VS Code\Code.exe</Data><Data Name="TargetUserSid">S-1-0-0</Data><Data Name="TargetUserName">-</Data><Data Name="TargetDomainName">-</Data><Data Name="TargetLogonId">0x0</Data><Data Name="ParentProcessName">C:\Windows\System32\explorer.exe</Data><Data Name="MandatoryLabel">S-1-16-8192</Data></EventData></Event>
<?xml version="1.0"?><Event xmlns="http://schemas.microsoft.com/win/2004/08/events/event"><System><Provider Name="Microsoft-Windows-Security-Auditing" Guid="{54849625-5478-4994-A5BA-3E3B0328C30D}"/><EventID>4688</EventID><Version>2</Version><Level>0</Level><Task>13312</Task><Opcode>0</Opcode><Keywords>0x8020000000000000</Keywords><TimeCreated SystemTime="2026-09-23T13:57:43.320383367Z"/><EventRecordID>12677480</EventRecordID><Correlation/><Execution ProcessID="3537" ThreadID="5576"/><Channel>Security</Channel><Computer>GW-E-8470</Computer><Security/></System><EventData><Data Name="SubjectUserSid">S-1-5-21-1957994488-2000478354-1284470638-6961</Data><Data Name="SubjectUserName">rlewis</Data><Data Name="SubjectDomainName">GRAVYWHALE</Data><Data Name="SubjectLogonId">0x4c0670</Data><Data Name="NewProcessId">0xf541</Data><Data Name="NewProcessName">C:\Users\rlewis\AppData\Local\Microsoft\OneDrive\OneDrive.exe</Data><Data Name="TokenElevationType">%%1936</Data><Data Name="ProcessId">0x9e06</Data><Data Name="CommandLine">C:\Users\rlewis\AppData\Local\Microsoft\OneDrive\OneDrive.exe</Data><Data Name="TargetUserSid">S-1-0-0</Data><Data Name="TargetUserName">-</Data><Data Name="TargetDomainName">-</Data><Data Name="TargetLogonId">0x0</Data><Data Name="ParentProcessName">C:\Windows\System32\explorer.exe</Data><Data Name="MandatoryLabel">S-1-16-8192</Data></EventData></Event>
<?xml version="1.0"?><Event xmlns="http://schemas.microsoft.com/win/2004/08/events/event"><System><Provider Name="Microsoft-Windows-Security-Auditing" Guid="{54849625-5478-4994-A5BA-3E3B0328C30D}"/><EventID>4688</EventID><Version>2</Version><Level>0</Level><Task>13312</Task><Opcode>0</Opcode><Keywords>0x8020000000000000</Keywords><TimeCreated SystemTime="2026-09-23T13:57:52.333247273Z"/><EventRecordID>75572915</EventRecordID><Correlation/><Execution ProcessID="8346" ThreadID="8336"/><Channel>Security</Channel><Computer>GW-E-5030</Computer><Security/></System><EventData><Data Name="SubjectUserSid">S-1-5-21-1957994488-2000478354-1284470638-1927</Data><Data Name="SubjectUserName">jsmith</Data><Data Name="SubjectDomainName">GRAVYWHALE</Data><Data Name="SubjectLogonId">0x44c3b2</Data><Data Name="NewProcessId">0x7f7c</Data><Data Name="NewProcessName">C:\Program Files\Docker\Docker\resources\bin\docker.exe</Data><Data Name="TokenElevationType">%%1936</Data><Data Name="ProcessId">0xd117</Data><Data Name="CommandLine">C:\Program Files\Docker\Docker\resources\bin\docker.exe</Data><Data Name="TargetUserSid">S-1-0-0</Data><Data Name="TargetUserName">-</Data><Data Name="TargetDomainName">-</Data><Data Name="TargetLogonId">0x0</Data><Data Name="ParentProcessName">C:\Windows\System32\explorer.exe</Data><Data Name="MandatoryLabel">S-1-16-8192</Data></EventData></Event>
<?xml version="1.0"?><Event xmlns="http://schemas.microsoft.com/win/2004/08/events/event"><System><Provider Name="Microsoft-Windows-Security-Auditing" Guid="{54849625-5478-4994-A5BA-3E3B0328C30D}"/><EventID>4634</EventID><Version>0</Version><Level>0</Level><Task>12545</Task><Opcode>0</Opcode><Keywords>0x8020000000000000</Keywords><TimeCreated SystemTime="2026-09-23T13:57:52.991105098Z"/><EventRecordID>60015814</EventRecordID><Correlation/><Execution ProcessID="2531" ThreadID="1382"/><Channel>Security</Channel><Computer>GW-E-7971</Computer><Security/></System><EventData><Data Name="TargetUserSid">S-1-5-21-1957994488-2000478354-1284470638-3049</Data><Data Name="TargetUserName">jwillis</Data><Data Name="TargetDomainName">GRAVYWHALE</Data><Data Name="TargetLogonId">0x6f8f75</Data><Data Name="LogonType">2</Data></EventData></Event>
<?xml version="1.0"?><Event xmlns="http://schemas.microsoft.com/win/2004/08/events/event"><System><Provider Name="Microsoft-Windows-Security-Auditing" Guid="{54849625-5478-4994-A5BA-3E3B0328C30D}"/><EventID>4688</EventID><Version>2</Version><Level>0</Level><Task>13312</Task><Opcode>0</Opcode><Keywords>0x8020000000000000</Keywords><TimeCreated SystemTime="2026-09-23T13:58:49.659512251Z"/><EventRecordID>73211768</EventRecordID><Correlation/><Execution ProcessID="2350" ThreadID="4175"/><Channel>Security</Channel><Computer>GW-S-3162</Computer><Security/></System><EventData><Data Name="SubjectUserSid">S-1-5-21-1957994488-2000478354-1284470638-7527</Data><Data Name="SubjectUserName">sreeves</Data><Data Name="SubjectDomainName">GRAVYWHALE</Data><Data Name="SubjectLogonId">0x135e59</Data><Data Name="NewProcessId">0xd378</Data><Data Name="NewProcessName">C:\Users\sreeves\AppData\Local\Microsoft\OneDrive\OneDrive.exe</Data><Data Name="TokenElevationType">%%1936</Data><Data Name="ProcessId">0x135c</Data><Data Name="CommandLine">C:\Users\sreeves\AppData\Local\Microsoft\OneDrive\OneDrive.exe</Data><Data Name="TargetUserSid">S-1-0-0</Data><Data Name="TargetUserName">-</Data><Data Name="TargetDomainName">-</Data><Data Name="TargetLogonId">0x0</Data><Data Name="ParentProcessName">C:\Windows\System32\explorer.exe</Data><Data Name="MandatoryLabel">S-1-16-8192</Data></EventData></Event>
<?xml version="1.0"?><Event xmlns="http://schemas.microsoft.com/win/2004/08/events/event"><System><Provider Name="Microsoft-Windows-Security-Auditing" Guid="{54849625-5478-4994-A5BA-3E3B0328C30D}"/><EventID>4688</EventID><Version>2</Version><Level>0</Level><Task>13312</Task><Opcode>0</Opcode><Keywords>0x8020000000000000</Keywords><TimeCreated SystemTime="2026-09-23T13:59:01.181257046Z"/><EventRecordID>72685587</EventRecordID><Correlation/><Execution ProcessID="4091" ThreadID="3622"/><Channel>Security</Channel><Computer>GW-E-5509</Computer><Security/></System><EventData><Data Name="SubjectUserSid">S-1-5-21-1957994488-2000478354-1284470638-4556</Data><Data Name="SubjectUserName">mlloyd</Data><Data Name="SubjectDomainName">GRAVYWHALE</Data><Data Name="SubjectLogonId">0x725519</Data><Data Name="NewProcessId">0x2cae</Data><Data Name="NewProcessName">C:\Users\mlloyd\AppData\Local\Microsoft\OneDrive\OneDrive.exe</Data><Data Name="TokenElevationType">%%1936</Data><Data Name="ProcessId">0x55a8</Data><Data Name="CommandLine">C:\Users\mlloyd\AppData\Local\Microsoft\OneDrive\OneDrive.exe</Data><Data Name="TargetUserSid">S-1-0-0</Data><Data Name="TargetUserName">-</Data><Data Name="TargetDomainName">-</Data><Data Name="TargetLogonId">0x0</Data><Data Name="ParentProcessName">C:\Windows\System32\explorer.exe</Data><Data Name="MandatoryLabel">S-1-16-8192</Data></EventData></Event>
<?xml version="1.0"?><Event xmlns="http://schemas.microsoft.com/win/2004/08/events/event"><System><Provider Name="Microsoft-Windows-Security-Auditing" Guid="{54849625-5478-4994-A5BA-3E3B0328C30D}"/><EventID>4688</EventID><Version>2</Version><Level>0</Level><Task>13312</Task><Opcode>0</Opcode><Keywords>0x8020000000000000</Keywords><TimeCreated SystemTime="2026-09-23T13:59:13.595892739Z"/><EventRecordID>92620854</EventRecordID><Correlation/><Execution ProcessID="6676" ThreadID="2835"/><Channel>Security</Channel><Computer>GW-E-4325</Computer><Security/></System><EventData><Data Name="SubjectUserSid">S-1-5-21-1957994488-2000478354-1284470638-5455</Data><Data Name="SubjectUserName">rlong</Data><Data Name="SubjectDomainName">GRAVYWHALE</Data><Data Name="SubjectLogonId">0xb1acd8</Data><Data Name="NewProcessId">0x8222</Data><Data Name="NewProcessName">C:\Users\rlong\AppData\Local\Microsoft\Teams\current\Teams.exe</Data><Data Name="TokenElevationType">%%1936</Data><Data Name="ProcessId">0x32f6</Data><Data Name="CommandLine">C:\Users\rlong\AppData\Local\Microsoft\Teams\current\Teams.exe</Data><Data Name="TargetUserSid">S-1-0-0</Data><Data Name="TargetUserName">-</Data><Data Name="TargetDomainName">-</Data><Data Name="TargetLogonId">0x0</Data><Data Name="ParentProcessName">C:\Windows\System32\explorer.exe</Data><Data Name="MandatoryLabel">S-1-16-8192</Data></EventData></Event>
<?xml version="1.0"?><Event xmlns="http://schemas.microsoft.com/win/2004/08/events/event"><System><Provider Name="Microsoft-Windows-Security-Auditing" Guid="{54849625-5478-4994-A5BA-3E3B0328C30D}"/><EventID>4688</EventID><Version>2</Version><Level>0</Level><Task>13312</Task><Opcode>0</Opcode><Keywords>0x8020000000000000</Keywords><TimeCreated SystemTime="2026-09-23T13:59:21.768272670Z"/><EventRecordID>70704548</EventRecordID><Correlation/><Execution ProcessID="4810" ThreadID="1409"/><Channel>Security</Channel><Computer>GW-E-8556</Computer><Security/></System><EventData><Data Name="SubjectUserSid">S-1-5-21-1957994488-2000478354-1284470638-2610</Data><Data Name="SubjectUserName">jfigueroa</Data><Data Name="SubjectDomainName">GRAVYWHALE</Data><Data Name="SubjectLogonId">0xda7f66</Data><Data Name="NewProcessId">0x1b1c</Data><Data Name="NewProcessName">C:\Program Files\Git\cmd\git.exe</Data><Data Name="TokenElevationType">%%1936</Data><Data Name="ProcessId">0x9f52</Data><Data Name="CommandLine">C:\Program Files\Git\cmd\git.exe</Data><Data Name="TargetUserSid">S-1-0-0</Data><Data Name="TargetUserName">-</Data><Data Name="TargetDomainName">-</Data><Data Name="TargetLogonId">0x0</Data><Data Name="ParentProcessName">C:\Windows\System32\explorer.exe</Data><Data Name="MandatoryLabel">S-1-16-8192</Data></EventData></Event>
<?xml version="1.0"?><Event xmlns="http://schemas.microsoft.com/win/2004/08/events/event"><System><Provider Name="Microsoft-Windows-Security-Auditing" Guid="{54849625-5478-4994-A5BA-3E3B0328C30D}"/><EventID>4688</EventID><Version>2</Version><Level>0</Level><Task>13312</Task><Opcode>0</Opcode><Keywords>0x8020000000000000</Keywords><TimeCreated SystemTime="2026-09-23T14:00:20.190663715Z"/><EventRecordID>79552316</EventRecordID><Correlation/><Execution ProcessID="7937" ThreadID="5571"/><Channel>Security</Channel><Computer>GW-E-9104</Computer><Security/></System><EventData><Data Name="SubjectUserSid">S-1-5-21-1957994488-2000478354-1284470638-3958</Data><Data Name="SubjectUserName">mgaines</Data><Data Name="SubjectDomainName">GRAVYWHALE</Data><Data Name="SubjectLogonId">0x760acc</Data><Data Name="NewProcessId">0xfafc</Data><Data Name="NewProcessName">C:\Users\mgaines\AppData\Local\Microsoft\Teams\current\Teams.exe</Data><Data Name="TokenElevationType">%%1936</Data><Data Name="ProcessId">0x1fd0</Data><Data Name="CommandLine">C:\Users\mgaines\AppData\Local\Microsoft\Teams\current\Teams.exe</Data><Data Name="TargetUserSid">S-1-0-0</Data><Data Name="TargetUserName">-</Data><Data Name="TargetDomainName">-</Data><Data Name="TargetLogonId">0x0</Data><Data Name="ParentProcessName">C:\Windows\System32\explorer.exe</Data><Data Name="MandatoryLabel">S-1-16-8192</Data></EventData></Event>
<?xml version="1.0"?><Event xmlns="http://schemas.microsoft.com/win/2004/08/events/event"><System><Provider Name="Microsoft-Windows-Security-Auditing" Guid="{54849625-5478-4994-A5BA-3E3B0328C30D}"/><EventID>4688</EventID><Version>2</Version><Level>0</Level><Task>13312</Task><Opcode>0</Opcode><Keywords>0x8020000000000000</Keywords><TimeCreated SystemTime="2026-09-23T14:00:32.159482936Z"/><EventRecordID>84426456</EventRecordID><Correlation/><Execution ProcessID="3027" ThreadID="1528"/><Channel>Security</Channel><Computer>GW-E-9104</Computer><Security/></System><EventData><Data Name="SubjectUserSid">S-1-5-21-1957994488-2000478354-1284470638-3958</Data><Data Name="SubjectUserName">mgaines</Data><Data Name="SubjectDomainName">GRAVYWHALE</Data><Data Name="SubjectLogonId">0xdf1f16</Data><Data Name="NewProcessId">0xd5d3</Data><Data Name="NewProcessName">C:\Program Files\Google\Chrome\Application\chrome.exe</Data><Data Name="TokenElevationType">%%1936</Data><Data Name="ProcessId">0x9a43</Data><Data Name="CommandLine">C:\Program Files\Google\Chrome\Application\chrome.exe</Data><Data Name="TargetUserSid">S-1-0-0</Data><Data Name="TargetUserName">-</Data><Data Name="TargetDomainName">-</Data><Data Name="TargetLogonId">0x0</Data><Data Name="ParentProcessName">C:\Windows\System32\explorer.exe</Data><Data Name="MandatoryLabel">S-1-16-8192</Data></EventData></Event>
<?xml version="1.0"?><Event xmlns="http://schemas.microsoft.com/win/2004/08/events/event"><System><Provider Name="Microsoft-Windows-Security-Auditing" Guid="{54849625-5478-4994-A5BA-3E3B0328C30D}"/><EventID>4688</EventID><Version>2</Version><Level>0</Level><Task>13312</Task><Opcode>0</Opcode><Keywords>0x8020000000000000</Keywords><TimeCreated SystemTime="2026-09-23T14:00:35.345215255Z"/><EventRecordID>67584441</EventRecordID><Correlation/><Execution ProcessID="3227" ThreadID="6450"/><Channel>Security</Channel><Computer>GW-E-8372</Computer><Security/></System><EventData><Data Name="SubjectUserSid">S-1-5-21-1957994488-2000478354-1284470638-2032</Data><Data Name="SubjectUserName">rfarmer</Data><Data Name="SubjectDomainName">GRAVYWHALE</Data><Data Name="SubjectLogonId">0x196a39</Data><Data Name="NewProcessId">0x1145</Data><Data Name="NewProcessName">C:\Users\rfarmer\AppData\Local\Microsoft\OneDrive\OneDrive.exe</Data><Data Name="TokenElevationType">%%1936</Data><Data Name="ProcessId">0x3167</Data><Data Name="CommandLine">C:\Users\rfarmer\AppData\Local\Microsoft\OneDrive\OneDrive.exe</Data><Data Name="TargetUserSid">S-1-0-0</Data><Data Name="TargetUserName">-</Data><Data Name="TargetDomainName">-</Data><Data Name="TargetLogonId">0x0</Data><Data Name="ParentProcessName">C:\Windows\System32\explorer.exe</Data><Data Name="MandatoryLabel">S-1-16-8192</Data></EventData></Event>
<?xml version="1.0"?><Event xmlns="http://schemas.microsoft.com/win/2004/08/events/event"><System><Provider Name="Microsoft-Windows-Security-Auditing" Guid="{54849625-5478-4994-A5BA-3E3B0328C30D}"/><EventID>4688</EventID><Version>2</Version><Level>0</Level><Task>13312</Task><Opcode>0</Opcode><Keywords>0x8020000000000000</Keywords><TimeCreated SystemTime="2026-09-23T14:00:44.564838338Z"/><EventRecordID>19526341</EventRecordID><Correlation/><Execution ProcessID="2373" ThreadID="3805"/><Channel>Security</Channel><Computer>GW-O-2215</Computer><Security/></System><EventData><Data Name="SubjectUserSid">S-1-5-21-1957994488-2000478354-1284470638-3087</Data><Data Name="SubjectUserName">lrussell</Data><Data Name="SubjectDomainName">GRAVYWHALE</Data><Data Name="SubjectLogonId">0x7cb8b7</Data><Data Name="NewProcessId">0x1137</Data><Data Name="NewProcessName">C:\Program Files\Microsoft Office\root\Office16\EXCEL.EXE</Data><Data Name="TokenElevationType">%%1936</Data><Data Name="ProcessId">0x369</Data><Data Name="CommandLine">C:\Program Files\Microsoft Office\root\Office16\EXCEL.EXE</Data><Data Name="TargetUserSid">S-1-0-0</Data><Data Name="TargetUserName">-</Data><Data Name="TargetDomainName">-</Data><Data Name="TargetLogonId">0x0</Data><Data Name="ParentProcessName">C:\Windows\System32\explorer.exe</Data><Data Name="MandatoryLabel">S-1-16-8192</Data></EventData></Event>
<?xml version="1.0"?><Event xmlns="http://schemas.microsoft.com/win/2004/08/events/event"><System><Provider Name="Microsoft-Windows-Security-Auditing" Guid="{54849625-5478-4994-A5BA-3E3B0328C30D}"/><EventID>4688</EventID><Version>2</Version><Level>0</Level><Task>13312</Task><Opcode>0</Opcode><Keywords>0x8020000000000000</Keywords><TimeCreated SystemTime="2026-09-23T14:01:18.371519908Z"/><EventRecordID>22021729</EventRecordID><Correlation/><Execution ProcessID="3358" ThreadID="5647"/><Channel>Security</Channel><Computer>GW-E-3081</Computer><Security/></System><EventData><Data Name="SubjectUserSid">S-1-5-21-1957994488-2000478354-1284470638-1158</Data><Data Name="SubjectUserName">asimmons</Data><Data Name="SubjectDomainName">GRAVYWHALE</Data><Data Name="SubjectLogonId">0x261a65</Data><Data Name="NewProcessId">0x8d49</Data><Data Name="NewProcessName">C:\Users\asimmons\AppData\Local\Microsoft\OneDrive\OneDrive.exe</Data><Data Name="TokenElevationType">%%1936</Data><Data Name="ProcessId">0x44dd</Data><Data Name="CommandLine">C:\Users\asimmons\AppData\Local\Microsoft\OneDrive\OneDrive.exe</Data><Data Name="TargetUserSid">S-1-0-0</Data><Data Name="TargetUserName">-</Data><Data Name="TargetDomainName">-</Data><Data Name="TargetLogonId">0x0</Data><Data Name="ParentProcessName">C:\Windows\System32\explorer.exe</Data><Data Name="MandatoryLabel">S-1-16-8192</Data></EventData></Event>
<?xml version="1.0"?><Event xmlns="http://schemas.microsoft.com/win/2004/08/events/event"><System><Provider Name="Microsoft-Windows-Security-Auditing" Guid="{54849625-5478-4994-A5BA-3E3B0328C30D}"/><EventID>4688</EventID><Version>2</Version><Level>0</Level><Task>13312</Task><Opcode>0</Opcode><Keywords>0x8020000000000000</Keywords><TimeCreated SystemTime="2026-09-23T14:01:37.771967290Z"/><EventRecordID>38686961</EventRecordID><Correlation/><Execution ProcessID="1920" ThreadID="8783"/><Channel>Security</Channel><Computer>GW-IT-8167</Computer><Security/></System><EventData><Data Name="SubjectUserSid">S-1-5-21-1957994488-2000478354-1284470638-7528</Data><Data Name="SubjectUserName">ralvarado</Data><Data Name="SubjectDomainName">GRAVYWHALE</Data><Data Name="SubjectLogonId">0x863d80</Data><Data Name="NewProcessId">0xfeee</Data><Data Name="NewProcessName">C:\Users\ralvarado\AppData\Local\Microsoft\Teams\current\Teams.exe</Data><Data Name="TokenElevationType">%%1936</Data><Data Name="ProcessId">0x8b71</Data><Data Name="CommandLine">C:\Users\ralvarado\AppData\Local\Microsoft\Teams\current\Teams.exe</Data><Data Name="TargetUserSid">S-1-0-0</Data><Data Name="TargetUserName">-</Data><Data Name="TargetDomainName">-</Data><Data Name="TargetLogonId">0x0</Data><Data Name="ParentProcessName">C:\Windows\System32\explorer.exe</Data><Data Name="MandatoryLabel">S-1-16-8192</Data></EventData></Event>
<?xml version="1.0"?><Event xmlns="http://schemas.microsoft.com/win/2004/08/events/event"><System><Provider Name="Microsoft-Windows-Security-Auditing" Guid="{54849625-5478-4994-A5BA-3E3B0328C30D}"/><EventID>4688</EventID><Version>2</Version><Level>0</Level><Task>13312</Task><Opcode>0</Opcode><Keywords>0x8020000000000000</Keywords><TimeCreated SystemTime="2026-09-23T14:01:41.067495053Z"/><EventRecordID>97393312</EventRecordID><Correlation/><Execution ProcessID="6587" ThreadID="7997"/><Channel>Security</Channel><Computer>GW-F-4459</Computer><Security/></System><EventData><Data Name="SubjectUserSid">S-1-5-21-1957994488-2000478354-1284470638-3068</Data><Data Name="SubjectUserName">ewatson</Data><Data Name="SubjectDomainName">GRAVYWHALE</Data><Data Name="SubjectLogonId">0x4f7b61</Data><Data Name="NewProcessId">0xe9e7</Data><Data Name="NewProcessName">C:\Program Files\Google\Chrome\Application\chrome.exe</Data><Data Name="TokenElevationType">%%1936</Data><Data Name="ProcessId">0x8006</Data><Data Name="CommandLine">C:\Program Files\Google\Chrome\Application\chrome.exe</Data><Data Name="TargetUserSid">S-1-0-0</Data><Data Name="TargetUserName">-</Data><Data Name="TargetDomainName">-</Data><Data Name="TargetLogonId">0x0</Data><Data Name="ParentProcessName">C:\Windows\System32\explorer.exe</Data><Data Name="MandatoryLabel">S-1-16-8192</Data></EventData></Event>
<?xml version="1.0"?><Event xmlns="http://schemas.microsoft.com/win/2004/08/events/event"><System><Provider Name="Microsoft-Windows-Security-Auditing" Guid="{54849625-5478-4994-A5BA-3E3B0328C30D}"/><EventID>4688</EventID><Version>2</Version><Level>0</Level><Task>13312</Task><Opcode>0</Opcode><Keywords>0x8020000000000000</Keywords><TimeCreated SystemTime="2026-09-23T14:01:47.279966873Z"/><EventRecordID>83626923</EventRecordID><Correlation/><Execution ProcessID="7069" ThreadID="1605"/><Channel>Security</Channel><Computer>GW-E-4269</Computer><Security/></System><EventData><Data Name="SubjectUserSid">S-1-5-21-1957994488-2000478354-1284470638-7721</Data><Data Name="SubjectUserName">nholland</Data><Data Name="SubjectDomainName">GRAVYWHALE</Data><Data Name="SubjectLogonId">0xda85bb</Data><Data Name="NewProcessId">0x18a0</Data><Data Name="NewProcessName">C:\Users\nholland\AppData\Local\Programs\Microsoft VS Code\Code.exe</Data><Data Name="TokenElevationType">%%1936</Data><Data Name="ProcessId">0x2e99</Data><Data Name="CommandLine">C:\Users\nholland\AppData\Local\Programs\Microsoft VS Code\Code.exe</Data><Data Name="TargetUserSid">S-1-0-0</Data><Data Name="TargetUserName">-</Data><Data Name="TargetDomainName">-</Data><Data Name="TargetLogonId">0x0</Data><Data Name="ParentProcessName">C:\Windows\System32\explorer.exe</Data><Data Name="MandatoryLabel">S-1-16-8192</Data></EventData></Event>
<?xml version="1.0"?><Event xmlns="http://schemas.microsoft.com/win/2004/08/events/event"><System><Provider Name="Microsoft-Windows-Security-Auditing" Guid="{54849625-5478-4994-A5BA-3E3B0328C30D}"/><EventID>4688</EventID><Version>2</Version><Level>0</Level><Task>13312</Task><Opcode>0</Opcode><Keywords>0x8020000000000000</Keywords><TimeCreated SystemTime="2026-09-23T14:01:50.199049375Z"/><EventRecordID>45838040</EventRecordID><Correlation/><Execution ProcessID="1780" ThreadID="2619"/><Channel>Security</Channel><Computer>GW-S-8640</Computer><Security/></System><EventData><Data Name="SubjectUserSid">S-1-5-21-1957994488-2000478354-1284470638-4749</Data><Data Name="SubjectUserName">dholloway</Data><Data Name="SubjectDomainName">GRAVYWHALE</Data><Data Name="SubjectLogonId">0xc4614f</Data><Data Name="NewProcessId">0x45ed</Data><Data Name="NewProcessName">C:\Users\dholloway\AppData\Local\Microsoft\OneDrive\OneDrive.exe</Data><Data Name="TokenElevationType">%%1936</Data><Data Name="ProcessId">0x8788</Data><Data Name="CommandLine">C:\Users\dholloway\AppData\Local\Microsoft\OneDrive\OneDrive.exe</Data><Data Name="TargetUserSid">S-1-0-0</Data><Data Name="TargetUserName">-</Data><Data Name="TargetDomainName">-</Data><Data Name="TargetLogonId">0x0</Data><Data Name="ParentProcessName">C:\Windows\System32\explorer.exe</Data><Data Name="MandatoryLabel">S-1-16-8192</Data></EventData></Event>
<?xml version="1.0"?><Event xmlns="http://schemas.microsoft.com/win/2004/08/events/event"><System><Provider Name="Microsoft-Windows-Security-Auditing" Guid="{54849625-5478-4994-A5BA-3E3B0328C30D}"/><EventID>4688</EventID><Version>2</Version><Level>0</Level><Task>13312</Task><Opcode>0</Opcode><Keywords>0x8020000000000000</Keywords><TimeCreated SystemTime="2026-09-23T14:02:03.187449927Z"/><EventRecordID>72639945</EventRecordID><Correlation/><Execution ProcessID="762" ThreadID="2802"/><Channel>Security</Channel><Computer>GW-HR-3033</Computer><Security/></System><EventData><Data Name="SubjectUserSid">S-1-5-21-1957994488-2000478354-1284470638-5522</Data><Data Name="SubjectUserName">csmith</Data><Data Name="SubjectDomainName">GRAVYWHALE</Data><Data Name="SubjectLogonId">0xf683ee</Data><Data Name="NewProcessId">0x9992</Data><Data Name="NewProcessName">C:\Program Files\Google\Chrome\Application\chrome.exe</Data><Data Name="TokenElevationType">%%1936</Data><Data Name="ProcessId">0x7696</Data><Data Name="CommandLine">C:\Program Files\Google\Chrome\Application\chrome.exe</Data><Data Name="TargetUserSid">S-1-0-0</Data><Data Name="TargetUserName">-</Data><Data Name="TargetDomainName">-</Data><Data Name="TargetLogonId">0x0</Data><Data Name="ParentProcessName">C:\Windows\System32\explorer.exe</Data><Data Name="MandatoryLabel">S-1-16-8192</Data></EventData></Event>
<?xml version="1.0"?><Event xmlns="http://schemas.microsoft.com/win/2004/08/events/event"><System><Provider Name="Microsoft-Windows-Security-Auditing" Guid="{54849625-5478-4994-A5BA-3E3B0328C30D}"/><EventID>4688</EventID><Version>2</Version><Level>0</Level><Task>13312</Task><Opcode>0</Opcode><Keywords>0x8020000000000000</Keywords><TimeCreated SystemTime="2026-09-23T14:02:55.445064634Z"/><EventRecordID>73766163</EventRecordID><Correlation/><Execution ProcessID="6000" ThreadID="2958"/><Channel>Security</Channel><Computer>GW-E-5509</Computer><Security/></System><EventData><Data Name="SubjectUserSid">S-1-5-21-1957994488-2000478354-1284470638-4556</Data><Data Name="SubjectUserName">mlloyd</Data><Data Name="SubjectDomainName">GRAVYWHALE</Data><Data Name="SubjectLogonId">0x4714e</Data><Data Name="NewProcessId">0xf002</Data><Data Name="NewProcessName">C:\Users\mlloyd\AppData\Local\Microsoft\OneDrive\OneDrive.exe</Data><Data Name="TokenElevationType">%%1936</Data><Data Name="ProcessId">0xb055</Data><Data Name="CommandLine">C:\Users\mlloyd\AppData\Local\Microsoft\OneDrive\OneDrive.exe</Data><Data Name="TargetUserSid">S-1-0-0</Data><Data Name="TargetUserName">-</Data><Data Name="TargetDomainName">-</Data><Data Name="TargetLogonId">0x0</Data><Data Name="ParentProcessName">C:\Windows\System32\explorer.exe</Data><Data Name="MandatoryLabel">S-1-16-8192</Data></EventData></Event>
<?xml version="1.0"?><Event xmlns="http://schemas.microsoft.com/win/2004/08/events/event"><System><Provider Name="Microsoft-Windows-Security-Auditing" Guid="{54849625-5478-4994-A5BA-3E3B0328C30D}"/><EventID>4688</EventID><Version>2</Version><Level>0</Level><Task>13312</Task><Opcode>0</Opcode><Keywords>0x8020000000000000</Keywords><TimeCreated SystemTime="2026-09-23T14:03:08.396101505Z"/><EventRecordID>14995538</EventRecordID><Correlation/><Execution ProcessID="4671" ThreadID="4261"/><Channel>Security</Channel><Computer>GW-E-4325</Computer><Security/></System><EventData><Data Name="SubjectUserSid">S-1-5-21-1957994488-2000478354-1284470638-5455</Data><Data Name="SubjectUserName">rlong</Data><Data Name="SubjectDomainName">GRAVYWHALE</Data><Data Name="SubjectLogonId">0x3d851b</Data><Data Name="NewProcessId">0x7459</Data><Data Name="NewProcessName">C:\Program Files\Git\cmd\git.exe</Data><Data Name="TokenElevationType">%%1936</Data><Data Name="ProcessId">0xc5f</Data><Data Name="CommandLine">C:\Program Files\Git\cmd\git.exe</Data><Data Name="TargetUserSid">S-1-0-0</Data><Data Name="TargetUserName">-</Data><Data Name="TargetDomainName">-</Data><Data Name="TargetLogonId">0x0</Data><Data Name="ParentProcessName">C:\Windows\System32\explorer.exe</Data><Data Name="MandatoryLabel">S-1-16-8192</Data></EventData></Event>
<?xml version="1.0"?><Event xmlns="http://schemas.microsoft.com/win/2004/08/events/event"><System><Provider Name="Microsoft-Windows-Security-Auditing" Guid="{54849625-5478-4994-A5BA-3E3B0328C30D}"/><EventID>4688</EventID><Version>2</Version><Level>0</Level><Task>13312</Task><Opcode>0</Opcode><Keywords>0x8020000000000000</Keywords><TimeCreated SystemTime="2026-09-23T14:03:38.367862656Z"/><EventRecordID>14679583</EventRecordID><Correlation/><Execution ProcessID="3903" ThreadID="3215"/><Channel>Security</Channel><Computer>GW-S-8640</Computer><Security/></System><EventData><Data Name="SubjectUserSid">S-1-5-21-1957994488-2000478354-1284470638-4749</Data><Data Name="SubjectUserName">dholloway</Data><Data Name="SubjectDomainName">GRAVYWHALE</Data><Data Name="SubjectLogonId">0x2600d4</Data><Data Name="NewProcessId">0x5076</Data><Data Name="NewProcessName">C:\Program Files\Google\Chrome\Application\chrome.exe</Data><Data Name="TokenElevationType">%%1936</Data><Data Name="ProcessId">0x910b</Data><Data Name="CommandLine">C:\Program Files\Google\Chrome\Application\chrome.exe</Data><Data Name="TargetUserSid">S-1-0-0</Data><Data Name="TargetUserName">-</Data><Data Name="TargetDomainName">-</Data><Data Name="TargetLogonId">0x0</Data><Data Name="ParentProcessName">C:\Windows\System32\explorer.exe</Data><Data Name="MandatoryLabel">S-1-16-8192</Data></EventData></Event>
<?xml version="1.0"?><Event xmlns="http://schemas.microsoft.com/win/2004/08/events/event"><System><Provider Name="Microsoft-Windows-Security-Auditing" Guid="{54849625-5478-4994-A5BA-3E3B0328C30D}"/><EventID>4688</EventID><Version>2</Version><Level>0</Level><Task>13312</Task><Opcode>0</Opcode><Keywords>0x8020000000000000</Keywords><TimeCreated SystemTime="2026-09-23T14:03:43.704653985Z"/><EventRecordID>88261412</EventRecordID><Correlation/><Execution ProcessID="1769" ThreadID="4573"/><Channel>Security</Channel><Computer>GW-E-2221</Computer><Security/></System><EventData><Data Name="SubjectUserSid">S-1-5-21-1957994488-2000478354-1284470638-2552</Data><Data Name="SubjectUserName">ctrevino</Data><Data Name="SubjectDomainName">GRAVYWHALE</Data><Data Name="SubjectLogonId">0x4f43f9</Data><Data Name="NewProcessId">0x5bf6</Data><Data Name="NewProcessName">C:\Program Files\Microsoft Office\root\Office16\OUTLOOK.EXE</Data><Data Name="TokenElevationType">%%1936</Data><Data Name="ProcessId">0x2f8c</Data><Data Name="CommandLine">C:\Program Files\Microsoft Office\root\Office16\OUTLOOK.EXE</Data><Data Name="TargetUserSid">S-1-0-0</Data><Data Name="TargetUserName">-</Data><Data Name="TargetDomainName">-</Data><Data Name="TargetLogonId">0x0</Data><Data Name="ParentProcessName">C:\Windows\System32\explorer.exe</Data><Data Name="MandatoryLabel">S-1-16-8192</Data></EventData></Event>
<?xml version="1.0"?><Event xmlns="http://schemas.microsoft.com/win/2004/08/events/event"><System><Provider Name="Microsoft-Windows-Security-Auditing" Guid="{54849625-5478-4994-A5BA-3E3B0328C30D}"/><EventID>4688</EventID><Version>2</Version><Level>0</Level><Task>13312</Task><Opcode>0</Opcode><Keywords>0x8020000000000000</Keywords><TimeCreated SystemTime="2026-09-23T14:03:58.487263153Z"/><EventRecordID>31777756</EventRecordID><Correlation/><Execution ProcessID="2430" ThreadID="7696"/><Channel>Security</Channel><Computer>GW-E-8470-2</Computer><Security/></System><EventData><Data Name="SubjectUserSid">S-1-5-21-1957994488-2000478354-1284470638-6142</Data><Data Name="SubjectUserName">cmiller</Data><Data Name="SubjectDomainName">GRAVYWHALE</Data><Data Name="SubjectLogonId">0xd40a69</Data><Data Name="NewProcessId">0x5e31</Data><Data Name="NewProcessName">C:\Program Files\Git\cmd\git.exe</Data><Data Name="TokenElevationType">%%1936</Data><Data Name="ProcessId">0x7056</Data><Data Name="CommandLine">C:\Program Files\Git\cmd\git.exe</Data><Data Name="TargetUserSid">S-1-0-0</Data><Data Name="TargetUserName">-</Data><Data Name="TargetDomainName">-</Data><Data Name="TargetLogonId">0x0</Data><Data Name="ParentProcessName">C:\Windows\System32\explorer.exe</Data><Data Name="MandatoryLabel">S-1-16-8192</Data></EventData></Event>
<?xml version="1.0"?><Event xmlns="http://schemas.microsoft.com/win/2004/08/events/event"><System><Provider Name="Microsoft-Windows-Security-Auditing" Guid="{54849625-5478-4994-A5BA-3E3B0328C30D}"/><EventID>4688</EventID><Version>2</Version><Level>0</Level><Task>13312</Task><Opcode>0</Opcode><Keywords>0x8020000000000000</Keywords><TimeCreated SystemTime="2026-09-23T14:04:14.483252868Z"/><EventRecordID>40208616</EventRecordID><Correlation/><Execution ProcessID="1261" ThreadID="3333"/><Channel>Security</Channel><Computer>GW-IT-8210</Computer><Security/></System><EventData><Data Name="SubjectUserSid">S-1-5-21-1957994488-2000478354-1284470638-5182</Data><Data Name="SubjectUserName">swheeler</Data><Data Name="SubjectDomainName">GRAVYWHALE</Data><Data Name="SubjectLogonId">0xd4f040</Data><Data Name="NewProcessId">0xb87d</Data><Data Name="NewProcessName">C:\Users\swheeler\AppData\Local\Microsoft\Teams\current\Teams.exe</Data><Data Name="TokenElevationType">%%1936</Data><Data Name="ProcessId">0x36ea</Data><Data Name="CommandLine">C:\Users\swheeler\AppData\Local\Microsoft\Teams\current\Teams.exe</Data><Data Name="TargetUserSid">S-1-0-0</Data><Data Name="TargetUserName">-</Data><Data Name="TargetDomainName">-</Data><Data Name="TargetLogonId">0x0</Data><Data Name="ParentProcessName">C:\Windows\System32\explorer.exe</Data><Data Name="MandatoryLabel">S-1-16-8192</Data></EventData></Event>
<?xml version="1.0"?><Event xmlns="http://schemas.microsoft.com/win/2004/08/events/event"><System><Provider Name="Microsoft-Windows-Security-Auditing" Guid="{54849625-5478-4994-A5BA-3E3B0328C30D}"/><EventID>4688</EventID><Version>2</Version><Level>0</Level><Task>13312</Task><Opcode>0</Opcode><Keywords>0x8020000000000000</Keywords><TimeCreated SystemTime="2026-09-23T14:04:21.507692345Z"/><EventRecordID>37959339</EventRecordID><Correlation/><Execution ProcessID="7765" ThreadID="6903"/><Channel>Security</Channel><Computer>GW-S-6913</Computer><Security/></System><EventData><Data Name="SubjectUserSid">S-1-5-21-1957994488-2000478354-1284470638-7963</Data><Data Name="SubjectUserName">gbrooks</Data><Data Name="SubjectDomainName">GRAVYWHALE</Data><Data Name="SubjectLogonId">0xa99771</Data><Data Name="NewProcessId">0xc7cb</Data><Data Name="NewProcessName">C:\Program Files\Microsoft Office\root\Office16\OUTLOOK.EXE</Data><Data Name="TokenElevationType">%%1936</Data><Data Name="ProcessId">0xe9ba</Data><Data Name="CommandLine">C:\Program Files\Microsoft Office\root\Office16\OUTLOOK.EXE</Data><Data Name="TargetUserSid">S-1-0-0</Data><Data Name="TargetUserName">-</Data><Data Name="TargetDomainName">-</Data><Data Name="TargetLogonId">0x0</Data><Data Name="ParentProcessName">C:\Windows\System32\explorer.exe</Data><Data Name="MandatoryLabel">S-1-16-8192</Data></EventData></Event>
<?xml version="1.0"?><Event xmlns="http://schemas.microsoft.com/win/2004/08/events/event"><System><Provider Name="Microsoft-Windows-Security-Auditing" Guid="{54849625-5478-4994-A5BA-3E3B0328C30D}"/><EventID>4688</EventID><Version>2</Version><Level>0</Level><Task>13312</Task><Opcode>0</Opcode><Keywords>0x8020000000000000</Keywords><TimeCreated SystemTime="2026-09-23T14:04:34.486288661Z"/><EventRecordID>23209423</EventRecordID><Correlation/><Execution ProcessID="1393" ThreadID="6996"/><Channel>Security</Channel><Computer>GW-E-6452</Computer><Security/></System><EventData><Data Name="SubjectUserSid">S-1-5-21-1957994488-2000478354-1284470638-1123</Data><Data Name="SubjectUserName">lferguson</Data><Data Name="SubjectDomainName">GRAVYWHALE</Data><Data Name="SubjectLogonId">0xad619e</Data><Data Name="NewProcessId">0xa848</Data><Data Name="NewProcessName">C:\Program Files\Microsoft Office\root\Office16\OUTLOOK.EXE</Data><Data Name="TokenElevationType">%%1936</Data><Data Name="ProcessId">0xfcf2</Data><Data Name="CommandLine">C:\Program Files\Microsoft Office\root\Office16\OUTLOOK.EXE</Data><Data Name="TargetUserSid">S-1-0-0</Data><Data Name="TargetUserName">-</Data><Data Name="TargetDomainName">-</Data><Data Name="TargetLogonId">0x0</Data><Data Name="ParentProcessName">C:\Windows\System32\explorer.exe</Data><Data Name="MandatoryLabel">S-1-16-8192</Data></EventData></Event>
<?xml version="1.0"?><Event xmlns="http://schemas.microsoft.com/win/2004/08/events/event"><System><Provider Name="Microsoft-Windows-Security-Auditing" Guid="{54849625-5478-4994-A5BA-3E3B0328C30D}"/><EventID>4624</EventID><Version>2</Version><Level>0</Level><Task>12544</Task><Opcode>0</Opcode><Keywords>0x8020000000000000</Keywords><TimeCreated SystemTime="2026-09-23T14:04:46.257991441Z"/><EventRecordID>59878995</EventRecordID><Correlation/><Execution ProcessID="2744" ThreadID="8564"/><Channel>Security</Channel><Computer>GW-E-4061</Computer><Security/></System><EventData><Data Name="SubjectUserSid">S-1-5-18</Data><Data Name="SubjectUserName">GW-E-4061$</Data><Data Name="SubjectDomainName">GRAVYWHALE</Data><Data Name="SubjectLogonId">0x3e7</Data><Data Name="TargetUserSid">S-1-5-21-1957994488-2000478354-1284470638-1484</Data><Data Name="TargetUserName">jgray</Data><Data Name="TargetDomainName">GRAVYWHALE</Data><Data Name="TargetLogonId">0x447bf8</Data><Data Name="LogonType">2</Data><Data Name="LogonProcessName">User32</Data><Data Name="AuthenticationPackageName">Negotiate</Data><Data Name="WorkstationName">GW-E-4061</Data><Data Name="LogonGuid">{727B6CFD-9BF4-2AE8-6530-15401B8CF17D}</Data><Data Name="TransmittedServices">-</Data><Data Name="LmPackageName">-</Data><Data Name="KeyLength">0</Data><Data Name="ProcessId">0x44c3</Data><Data Name="ProcessName">C:\Windows\System32\svchost.exe</Data><Data Name="IpAddress">10.10.19.135</Data><Data Name="IpPort">0</Data><Data Name="ImpersonationLevel">%%1833</Data><Data Name="RestrictedAdminMode">-</Data><Data Name="TargetOutboundUserName">-</Data><Data Name="TargetOutboundDomainName">-</Data><Data Name="VirtualAccount">%%1843</Data><Data Name="TargetLinkedLogonId">0x0</Data><Data Name="ElevatedToken">%%1842</Data></EventData></Event>
<?xml version="1.0"?><Event xmlns="http://schemas.microsoft.com/win/2004/08/events/event"><System><Provider Name="Microsoft-Windows-Security-Auditing" Guid="{54849625-5478-4994-A5BA-3E3B0328C30D}"/><EventID>4688</EventID><Version>2</Version><Level>0</Level><Task>13312</Task><Opcode>0</Opcode><Keywords>0x8020000000000000</Keywords><TimeCreated SystemTime="2026-09-23T14:04:51.603556379Z"/><EventRecordID>89257578</EventRecordID><Correlation/><Execution ProcessID="445" ThreadID="8097"/><Channel>Security</Channel><Computer>GW-S-2369</Computer><Security/></System><EventData><Data Name="SubjectUserSid">S-1-5-21-1957994488-2000478354-1284470638-1742</Data><Data Name="SubjectUserName">mhenderson</Data><Data Name="SubjectDomainName">GRAVYWHALE</Data><Data Name="SubjectLogonId">0xc293c4</Data><Data Name="NewProcessId">0x593b</Data><Data Name="NewProcessName">C:\Program Files\Google\Chrome\Application\chrome.exe</Data><Data Name="TokenElevationType">%%1936</Data><Data Name="ProcessId">0x1027</Data><Data Name="CommandLine">C:\Program Files\Google\Chrome\Application\chrome.exe</Data><Data Name="TargetUserSid">S-1-0-0</Data><Data Name="TargetUserName">-</Data><Data Name="TargetDomainName">-</Data><Data Name="TargetLogonId">0x0</Data><Data Name="ParentProcessName">C:\Windows\System32\explorer.exe</Data><Data Name="MandatoryLabel">S-1-16-8192</Data></EventData></Event>
<?xml version="1.0"?><Event xmlns="http://schemas.microsoft.com/win/2004/08/events/event"><System><Provider Name="Microsoft-Windows-Security-Auditing" Guid="{54849625-5478-4994-A5BA-3E3B0328C30D}"/><EventID>4688</EventID><Version>2</Version><Level>0</Level><Task>13312</Task><Opcode>0</Opcode><Keywords>0x8020000000000000</Keywords><TimeCreated SystemTime="2026-09-23T14:04:56.469039828Z"/><EventRecordID>85640452</EventRecordID><Correlation/><Execution ProcessID="4191" ThreadID="847"/><Channel>Security</Channel><Computer>GW-S-4887</Computer><Security/></System><EventData><Data Name="SubjectUserSid">S-1-5-21-1957994488-2000478354-1284470638-7740</Data><Data Name="SubjectUserName">rwilliams</Data><Data Name="SubjectDomainName">GRAVYWHALE</Data><Data Name="SubjectLogonId">0xdb05bc</Data><Data Name="NewProcessId">0xb725</Data><Data Name="NewProcessName">C:\Users\rwilliams\AppData\Local\Microsoft\Teams\current\Teams.exe</Data><Data Name="TokenElevationType">%%1936</Data><Data Name="ProcessId">0xc257</Data><Data Name="CommandLine">C:\Users\rwilliams\AppData\Local\Microsoft\Teams\current\Teams.exe</Data><Data Name="TargetUserSid">S-1-0-0</Data><Data Name="TargetUserName">-</Data><Data Name="TargetDomainName">-</Data><Data Name="TargetLogonId">0x0</Data><Data Name="ParentProcessName">C:\Windows\System32\explorer.exe</Data><Data Name="MandatoryLabel">S-1-16-8192</Data></EventData></Event>
<?xml version="1.0"?><Event xmlns="http://schemas.microsoft.com/win/2004/08/events/event"><System><Provider Name="Microsoft-Windows-Security-Auditing" Guid="{54849625-5478-4994-A5BA-3E3B0328C30D}"/><EventID>4688</EventID><Version>2</Version><Level>0</Level><Task>13312</Task><Opcode>0</Opcode><Keywords>0x8020000000000000</Keywords><TimeCreated SystemTime="2026-09-23T14:04:56.852101120Z"/><EventRecordID>82037685</EventRecordID><Correlation/><Execution ProcessID="2401" ThreadID="978"/><Channel>Security</Channel><Computer>GW-S-6311</Computer><Security/></System><EventData><Data Name="SubjectUserSid">S-1-5-21-1957994488-2000478354-1284470638-2761</Data><Data Name="SubjectUserName">jroach</Data><Data Name="SubjectDomainName">GRAVYWHALE</Data><Data Name="SubjectLogonId">0x575c68</Data><Data Name="NewProcessId">0xd637</Data><Data Name="NewProcessName">C:\Users\jroach\AppData\Local\Microsoft\OneDrive\OneDrive.exe</Data><Data Name="TokenElevationType">%%1936</Data><Data Name="ProcessId">0x917d</Data><Data Name="CommandLine">C:\Users\jroach\AppData\Local\Microsoft\OneDrive\OneDrive.exe</Data><Data Name="TargetUserSid">S-1-0-0</Data><Data Name="TargetUserName">-</Data><Data Name="TargetDomainName">-</Data><Data Name="TargetLogonId">0x0</Data><Data Name="ParentProcessName">C:\Windows\System32\explorer.exe</Data><Data Name="MandatoryLabel">S-1-16-8192</Data></EventData></Event>
<?xml version="1.0"?><Event xmlns="http://schemas.microsoft.com/win/2004/08/events/event"><System><Provider Name="Microsoft-Windows-Security-Auditing" Guid="{54849625-5478-4994-A5BA-3E3B0328C30D}"/><EventID>4688</EventID><Version>2</Version><Level>0</Level><Task>13312</Task><Opcode>0</Opcode><Keywords>0x8020000000000000</Keywords><TimeCreated SystemTime="2026-09-23T14:05:11.873463297Z"/><EventRecordID>29620327</EventRecordID><Correlation/><Execution ProcessID="5466" ThreadID="5696"/><Channel>Security</Channel><Computer>GW-O-4289</Computer><Security/></System><EventData><Data Name="SubjectUserSid">S-1-5-21-1957994488-2000478354-1284470638-7711</Data><Data Name="SubjectUserName">jhughes</Data><Data Name="SubjectDomainName">GRAVYWHALE</Data><Data Name="SubjectLogonId">0xe1af9</Data><Data Name="NewProcessId">0x5094</Data><Data Name="NewProcessName">C:\Users\jhughes\AppData\Local\Microsoft\OneDrive\OneDrive.exe</Data><Data Name="TokenElevationType">%%1936</Data><Data Name="ProcessId">0x21a5</Data><Data Name="CommandLine">C:\Users\jhughes\AppData\Local\Microsoft\OneDrive\OneDrive.exe</Data><Data Name="TargetUserSid">S-1-0-0</Data><Data Name="TargetUserName">-</Data><Data Name="TargetDomainName">-</Data><Data Name="TargetLogonId">0x0</Data><Data Name="ParentProcessName">C:\Windows\System32\explorer.exe</Data><Data Name="MandatoryLabel">S-1-16-8192</Data></EventData></Event>
<?xml version="1.0"?><Event xmlns="http://schemas.microsoft.com/win/2004/08/events/event"><System><Provider Name="Microsoft-Windows-Security-Auditing" Guid="{54849625-5478-4994-A5BA-3E3B0328C30D}"/><EventID>4688</EventID><Version>2</Version><Level>0</Level><Task>13312</Task><Opcode>0</Opcode><Keywords>0x8020000000000000</Keywords><TimeCreated SystemTime="2026-09-23T14:05:12.017872046Z"/><EventRecordID>74074142</EventRecordID><Correlation/><Execution ProcessID="3741" ThreadID="4445"/><Channel>Security</Channel><Computer>GW-S-8313</Computer><Security/></System><EventData><Data Name="SubjectUserSid">S-1-5-21-1957994488-2000478354-1284470638-7216</Data><Data Name="SubjectUserName">amendez</Data><Data Name="SubjectDomainName">GRAVYWHALE</Data><Data Name="SubjectLogonId">0xcb3fb0</Data><Data Name="NewProcessId">0x2af5</Data><Data Name="NewProcessName">C:\Users\amendez\AppData\Local\Microsoft\Teams\current\Teams.exe</Data><Data Name="TokenElevationType">%%1936</Data><Data Name="ProcessId">0xd5b</Data><Data Name="CommandLine">C:\Users\amendez\AppData\Local\Microsoft\Teams\current\Teams.exe</Data><Data Name="TargetUserSid">S-1-0-0</Data><Data Name="TargetUserName">-</Data><Data Name="TargetDomainName">-</Data><Data Name="TargetLogonId">0x0</Data><Data Name="ParentProcessName">C:\Windows\System32\explorer.exe</Data><Data Name="MandatoryLabel">S-1-16-8192</Data></EventData></Event>
