<?xml version="1.0"?><Event xmlns="http://schemas.microsoft.com/win/2004/08/events/event"><System><Provider Name="Microsoft-Windows-Security-Auditing" Guid="{54849625-5478-4994-A5BA-3E3B0328C30D}"/><EventID>4688</EventID><Version>2</Version><Level>0</Level><Task>13312</Task><Opcode>0</Opcode><Keywords>0x8020000000000000</Keywords><TimeCreated SystemTime="2026-09-23T13:45:18.898235962Z"/><EventRecordID>24171520</EventRecordID><Correlation/><Execution ProcessID="7439" ThreadID="4683"/><Channel>Security</Channel><Computer>GW-E-4269</Computer><Security/></System><EventData><Data Name="SubjectUserSid">S-1-5-21-1957994488-2000478354-1284470638-7721</Data><Data Name="SubjectUserName">nholland</Data><Data Name="SubjectDomainName">GRAVYWHALE</Data><Data Name="SubjectLogonId">0xc07fd5</Data><Data Name="NewProcessId">0xfce2</Data><Data Name="NewProcessName">C:\Program Files\Google\Chrome\Application\chrome.exe</Data><Data Name="TokenElevationType">%%1936</Data><Data Name="ProcessId">0xcdb7</Data><Data Name="CommandLine">C:\Program Files\Google\Chrome\Application\chrome.exe</Data><Data Name="TargetUserSid">S-1-0-0</Data><Data Name="TargetUserName">-</Data><Data Name="TargetDomainName">-</Data><Data Name="TargetLogonId">0x0</Data><Data Name="ParentProcessName">C:\Windows\System32\explorer.exe</Data><Data Name="MandatoryLabel">S-1-16-8192</Data></EventData></Event>
<?xml version="1.0"?><Event xmlns="http://schemas.microsoft.com/win/2004/08/events/event"><System><Provider Name="Microsoft-Windows-Security-Auditing" Guid="{54849625-5478-4994-A5BA-3E3B0328C30D}"/><EventID>4624</EventID><Version>2</Version><Level>0</Level><Task>12544</Task><Opcode>0</Opcode><Keywords>0x8020000000000000</Keywords><TimeCreated SystemTime="2026-09-23T13:45:22.822077515Z"/><EventRecordID>25632088</EventRecordID><Correlation/><Execution ProcessID="1877" ThreadID="505"/><Channel>Security</Channel><Computer>GW-O-2215</Computer><Security/></System><EventData><Data Name="SubjectUserSid">S-1-5-18</Data><Data Name="SubjectUserName">GW-O-2215$</Data><Data Name="SubjectDomainName">GRAVYWHALE</Data><Data Name="SubjectLogonId">0x3e7</Data><Data Name="TargetUserSid">S-1-5-21-1957994488-2000478354-1284470638-3087</Data><Data Name="TargetUserName">lrussell</Data><Data Name="TargetDomainName">GRAVYWHALE</Data><Data Name="TargetLogonId">0x8170b7</Data><Data Name="LogonType">2</Data><Data Name="LogonProcessName">User32</Data><Data Name="AuthenticationPackageName">Negotiate</Data><Data Name="WorkstationName">GW-O-2215</Data><Data Name="LogonGuid">{AC255C4A-94CB-CB8E-A459-272708BAEA0A}</Data><Data Name="TransmittedServices">-</Data><Data Name="LmPackageName">-</Data><Data Name="KeyLength">0</Data><Data Name="ProcessId">0x780a</Data><Data Name="ProcessName">C:\Windows\System32\svchost.exe</Data><Data Name="IpAddress">10.50.15.107</Data><Data Name="IpPort">0</Data><Data Name="ImpersonationLevel">%%1833</Data><Data Name="RestrictedAdminMode">-</Data><Data Name="TargetOutboundUserName">-</Data><Data Name="TargetOutboundDomainName">-</Data><Data Name="VirtualAccount">%%1843</Data><Data Name="TargetLinkedLogonId">0x0</Data><Data Name="ElevatedToken">%%1842</Data></EventData></Event>
<?xml version="1.0"?><Event xmlns="http://schemas.microsoft.com/win/2004/08/events/event"><System><Provider Name="Microsoft-Windows-Security-Auditing" Guid="{54849625-5478-4994-A5BA-3E3B0328C30D}"/><EventID>4624</EventID><Version>2</Version><Level>0</Level><Task>12544</Task><Opcode>0</Opcode><Keywords>0x8020000000000000</Keywords><TimeCreated SystemTime="2026-09-23T13:46:25.122737608Z"/><EventRecordID>89739392</EventRecordID><Correlation/><Execution ProcessID="4100" ThreadID="2223"/><Channel>Security</Channel><Computer>GW-M-8740</Computer><Security/></System><EventData><Data Name="SubjectUserSid">S-1-5-18</Data><Data Name="SubjectUserName">GW-M-8740$</Data><Data Name="SubjectDomainName">GRAVYWHALE</Data><Data Name="SubjectLogonId">0x3e7</Data><Data Name="TargetUserSid">S-1-5-21-1957994488-2000478354-1284470638-5158</Data><Data Name="TargetUserName">ajones</Data><Data Name="TargetDomainName">GRAVYWHALE</Data><Data Name="TargetLogonId">0xbdb6b3</Data><Data Name="LogonType">2</Data><Data Name="LogonProcessName">User32</Data><Data Name="AuthenticationPackageName">Negotiate</Data><Data Name="WorkstationName">GW-M-8740</Data><Data Name="LogonGuid">{E7E4527C-3533-A14B-F373-847311DD4A1D}</Data><Data Name="TransmittedServices">-</Data><Data Name="LmPackageName">-</Data><Data Name="KeyLength">0</Data><Data Name="ProcessId">0xf3a0</Data><Data Name="ProcessName">C:\Windows\System32\svchost.exe</Data><Data Name="IpAddress">10.10.3.98</Data><Data Name="IpPort">0</Data><Data Name="ImpersonationLevel">%%1833</Data><Data Name="RestrictedAdminMode">-</Data><Data Name="TargetOutboundUserName">-</Data><Data Name="TargetOutboundDomainName">-</Data><Data Name="VirtualAccount">%%1843</Data><Data Name="TargetLinkedLogonId">0x0</Data><Data Name="ElevatedToken">%%1842</Data></EventData></Event>
<?xml version="1.0"?><Event xmlns="http://schemas.microsoft.com/win/2004/08/events/event"><System><Provider Name="Microsoft-Windows-Security-Auditing" Guid="{54849625-5478-4994-A5BA-3E3B0328C30D}"/><EventID>4688</EventID><Version>2</Version><Level>0</Level><Task>13312</Task><Opcode>0</Opcode><Keywords>0x8020000000000000</Keywords><TimeCreated SystemTime="2026-09-23T13:46:40.829302662Z"/><EventRecordID>25031766</EventRecordID><Correlation/><Execution ProcessID="4564" ThreadID="7092"/><Channel>Security</Channel><Computer>GW-S-8188</Computer><Security/></System><EventData><Data Name="SubjectUserSid">S-1-5-21-1957994488-2000478354-1284470638-1380</Data><Data Name="SubjectUserName">crodriguez</Data><Data Name="SubjectDomainName">GRAVYWHALE</Data><Data Name="SubjectLogonId">0x6d726f</Data><Data Name="NewProcessId">0xae03</Data><Data Name="NewProcessName">C:\Program Files\Microsoft Office\root\Office16\OUTLOOK.EXE</Data><Data Name="TokenElevationType">%%1936</Data><Data Name="ProcessId">0xd710</Data><Data Name="CommandLine">C:\Program Files\Microsoft Office\root\Office16\OUTLOOK.EXE</Data><Data Name="TargetUserSid">S-1-0-0</Data><Data Name="TargetUserName">-</Data><Data Name="TargetDomainName">-</Data><Data Name="TargetLogonId">0x0</Data><Data Name="ParentProcessName">C:\Windows\System32\explorer.exe</Data><Data Name="MandatoryLabel">S-1-16-8192</Data></EventData></Event>
<?xml version="1.0"?><Event xmlns="http://schemas.microsoft.com/win/2004/08/events/event"><System><Provider Name="Microsoft-Windows-Security-Auditing" Guid="{54849625-5478-4994-A5BA-3E3B0328C30D}"/><EventID>4688</EventID><Version>2</Version><Level>0</Level><Task>13312</Task><Opcode>0</Opcode><Keywords>0x8020000000000000</Keywords><TimeCreated SystemTime="2026-09-23T13:46:43.145952571Z"/><EventRecordID>16597383</EventRecordID><Correlation/><Execution ProcessID="7088" ThreadID="3035"/><Channel>Security</Channel><Computer>GW-E-8833</Computer><Security/></System><EventData><Data Name="SubjectUserSid">S-1-5-21-1957994488-2000478354-1284470638-7872</Data><Data Name="SubjectUserName">jhickman</Data><Data Name="SubjectDomainName">GRAVYWHALE</Data><Data Name="SubjectLogonId">0xfdab11</Data><Data Name="NewProcessId">0xcef5</Data><Data Name="NewProcessName">C:\Users\jhickman\AppData\Local\Microsoft\Teams\current\Teams.exe</Data><Data Name="TokenElevationType">%%1936</Data><Data Name="ProcessId">0x8357</Data><Data Name="CommandLine">C:\Users\jhickman\AppData\Local\Microsoft\Teams\current\Teams.exe</Data><Data Name="TargetUserSid">S-1-0-0</Data><Data Name="TargetUserName">-</Data><Data Name="TargetDomainName">-</Data><Data Name="TargetLogonId">0x0</Data><Data Name="ParentProcessName">C:\Windows\System32\explorer.exe</Data><Data Name="MandatoryLabel">S-1-16-8192</Data></EventData></Event>
<?xml version="1.0"?><Event xmlns="http://schemas.microsoft.com/win/2004/08/events/event"><System><Provider Name="Microsoft-Windows-Security-Auditing" Guid="{54849625-5478-4994-A5BA-3E3B0328C30D}"/><EventID>4688</EventID><Version>2</Version><Level>0</Level><Task>13312</Task><Opcode>0</Opcode><Keywords>0x8020000000000000</Keywords><TimeCreated SystemTime="2026-09-23T13:47:25.194652779Z"/><EventRecordID>68920549</EventRecordID><Correlation/><Execution ProcessID="7405" ThreadID="3610"/><Channel>Security</Channel><Computer>GW-E-8556</Computer><Security/></System><EventData><Data Name="SubjectUserSid">S-1-5-21-1957994488-2000478354-1284470638-2610</Data><Data Name="SubjectUserName">jfigueroa</Data><Data Name="SubjectDomainName">GRAVYWHALE</Data><Data Name="SubjectLogonId">0x5e4e88</Data><Data Name="NewProcessId">0xec26</Data><Data Name="NewProcessName">C:\Users\jfigueroa\AppData\Local\Microsoft\OneDrive\OneDrive.exe</Data><Data Name="TokenElevationType">%%1936</Data><Data Name="ProcessId">0x3642</Data><Data Name="CommandLine">C:\Users\jfigueroa\AppData\Local\Microsoft\OneDrive\OneDrive.exe</Data><Data Name="TargetUserSid">S-1-0-0</Data><Data Name="TargetUserName">-</Data><Data Name="TargetDomainName">-</Data><Data Name="TargetLogonId">0x0</Data><Data Name="ParentProcessName">C:\Windows\System32\explorer.exe</Data><Data Name="MandatoryLabel">S-1-16-8192</Data></EventData></Event>
<?xml version="1.0"?><Event xmlns="http://schemas.microsoft.com/win/2004/08/events/event"><System><Provider Name="Microsoft-Windows-Security-Auditing" Guid="{54849625-5478-4994-A5BA-3E3B0328C30D}"/><EventID>4624</EventID><Version>2</Version><Level>0</Level><Task>12544</Task><Opcode>0</Opcode><Keywords>0x8020000000000000</Keywords><TimeCreated SystemTime="2026-09-23T13:47:37.125443732Z"/><EventRecordID>60239379</EventRecordID><Correlation/><Execution ProcessID="5386" ThreadID="7445"/><Channel>Security</Channel><Computer>GW-S-6913</Computer><Security/></System><EventData><Data Name="SubjectUserSid">S-1-5-18</Data><Data Name="SubjectUserName">GW-S-6913$</Data><Data Name="SubjectDomainName">GRAVYWHALE</Data><Data Name="SubjectLogonId">0x3e7</Data><Data Name="TargetUserSid">S-1-5-21-1957994488-2000478354-1284470638-7963</Data><Data Name="TargetUserName">gbrooks</Data><Data Name="TargetDomainName">GRAVYWHALE</Data><Data Name="TargetLogonId">0xf895df</Data><Data Name="LogonType">2</Data><Data Name="LogonProcessName">User32</Data><Data Name="AuthenticationPackageName">Negotiate</Data><Data Name="WorkstationName">GW-S-6913</Data><Data Name="LogonGuid">{B0EA74DD-77B5-D62F-F001-101D68F51AF0}</Data><Data Name="TransmittedServices">-</Data><Data Name="LmPackageName">-</Data><Data Name="KeyLength">0</Data><Data Name="ProcessId">0x2e6b</Data><Data Name="ProcessName">C:\Windows\System32\svchost.exe</Data><Data Name="IpAddress">10.10.19.177</Data><Data Name="IpPort">0</Data><Data Name="ImpersonationLevel">%%1833</Data><Data Name="RestrictedAdminMode">-</Data><Data Name="TargetOutboundUserName">-</Data><Data Name="TargetOutboundDomainName">-</Data><Data Name="VirtualAccount">%%1843</Data><Data Name="TargetLinkedLogonId">0x0</Data><Data Name="ElevatedToken">%%1842</Data></EventData></Event>
<?xml version="1.0"?><Event xmlns="http://schemas.microsoft.com/win/2004/08/events/event"><System><Provider Name="Microsoft-Windows-Security-Auditing" Guid="{54849625-5478-4994-A5BA-3E3B0328C30D}"/><EventID>4688</EventID><Version>2</Version><Level>0</Level><Task>13312</Task><Opcode>0</Opcode><Keywords>0x8020000000000000</Keywords><TimeCreated SystemTime="2026-09-23T13:47:38.152272992Z"/><EventRecordID>65800998</EventRecordID><Correlation/><Execution ProcessID="507" ThreadID="4419"/><Channel>Security</Channel><Computer>GW-IT-8167</Computer><Security/></System><EventData><Data Name="SubjectUserSid">S-1-5-21-1957994488-2000478354-1284470638-7528</Data><Data Name="SubjectUserName">ralvarado</Data><Data Name="SubjectDomainName">GRAVYWHALE</Data><Data Name="SubjectLogonId">0xda3d87</Data><Data Name="NewProcessId">0x34af</Data><Data Name="NewProcessName">C:\Program Files\Microsoft Office\root\Office16\OUTLOOK.EXE</Data><Data Name="TokenElevationType">%%1936</Data><Data Name="ProcessId">0x7169</Data><Data Name="CommandLine">C:\Program Files\Microsoft Office\root\Office16\OUTLOOK.EXE</Data><Data Name="TargetUserSid">S-1-0-0</Data><Data Name="TargetUserName">-</Data><Data Name="TargetDomainName">-</Data><Data Name="TargetLogonId">0x0</Data><Data Name="ParentProcessName">C:\Windows\System32\explorer.exe</Data><Data Name="MandatoryLabel">S-1-16-8192</Data></EventData></Event>
<?xml version="1.0"?><Event xmlns="http://schemas.microsoft.com/win/2004/08/events/event"><System><Provider Name="Microsoft-Windows-Security-Auditing" Guid="{54849625-5478-4994-A5BA-3E3B0328C30D}"/><EventID>4688</EventID><Version>2</Version><Level>0</Level><Task>13312</Task><Opcode>0</Opcode><Keywords>0x8020000000000000</Keywords><TimeCreated SystemTime="2026-09-23T13:48:07.308996843Z"/><EventRecordID>46605565</EventRecordID><Correlation/><Execution ProcessID="7740" ThreadID="1311"/><Channel>Security</Channel><Computer>GW-IT-7630</Computer><Security/></System><EventData><Data Name="SubjectUserSid">S-1-5-21-1957994488-2000478354-1284470638-7383</Data><Data Name="SubjectUserName">kwilliams</Data><Data Name="SubjectDomainName">GRAVYWHALE</Data><Data Name="SubjectLogonId">0xfb7e92</Data><Data Name="NewProcessId">0x6eac</Data><Data Name="NewProcessName">C:\Windows\System32\mstsc.exe</Data><Data Name="TokenElevationType">%%1936</Data><Data Name="ProcessId">0x51fc</Data><Data Name="CommandLine">C:\Windows\System32\mstsc.exe</Data><Data Name="TargetUserSid">S-1-0-0</Data><Data Name="TargetUserName">-</Data><Data Name="TargetDomainName">-</Data><Data Name="TargetLogonId">0x0</Data><Data Name="ParentProcessName">C:\Windows\System32\explorer.exe</Data><Data Name="MandatoryLabel">S-1-16-8192</Data></EventData></Event>
<?xml version="1.0"?><Event xmlns="http://schemas.microsoft.com/win/2004/08/events/event"><System><Provider Name="Microsoft-Windows-Security-Auditing" Guid="{54849625-5478-4994-A5BA-3E3B0328C30D}"/><EventID>4688</EventID><Version>2</Version><Level>0</Level><Task>13312</Task><Opcode>0</Opcode><Keywords>0x8020000000000000</Keywords><TimeCreated SystemTime="2026-09-23T13:48:28.563416423Z"/><EventRecordID>53414191</EventRecordID><Correlation/><Execution ProcessID="7787" ThreadID="808"/><Channel>Security</Channel><Computer>GW-IT-8558</Computer><Security/></System><EventData><Data Name="SubjectUserSid">S-1-5-21-1957994488-2000478354-1284470638-6996</Data><Data Name="SubjectUserName">mbailey</Data><Data Name="SubjectDomainName">GRAVYWHALE</Data><Data Name="SubjectLogonId">0x8ce156</Data><Data Name="NewProcessId">0x23a3</Data><Data Name="NewProcessName">C:\Windows\System32\WindowsPowerShell\v1.0\powershell.exe</Data><Data Name="TokenElevationType">%%1936</Data><Data Name="ProcessId">0x65a0</Data><Data Name="CommandLine">C:\Windows\System32\WindowsPowerShell\v1.0\powershell.exe</Data><Data Name="TargetUserSid">S-1-0-0</Data><Data Name="TargetUserName">-</Data><Data Name="TargetDomainName">-</Data><Data Name="TargetLogonId">0x0</Data><Data Name="ParentProcessName">C:\Windows\System32\explorer.exe</Data><Data Name="MandatoryLabel">S-1-16-8192</Data></EventData></Event>
<?xml version="1.0"?><Event xmlns="http://schemas.microsoft.com/win/2004/08/events/event"><System><Provider Name="Microsoft-Windows-Security-Auditing" Guid="{54849625-5478-4994-A5BA-3E3B0328C30D}"/><EventID>4688</EventID><Version>2</Version><Level>0</Level><Task>13312</Task><Opcode>0</Opcode><Keywords>0x8020000000000000</Keywords><TimeCreated SystemTime="2026-09-23T13:48:35.163782227Z"/><EventRecordID>12609750</EventRecordID><Correlation/><Execution ProcessID="916" ThreadID="7905"/><Channel>Security</Channel><Computer>GW-E-5507</Computer><Security/></System><EventData><Data Name="SubjectUserSid">S-1-5-21-1957994488-2000478354-1284470638-4038</Data><Data Name="SubjectUserName">mthomas</Data><Data Name="SubjectDomainName">GRAVYWHALE</Data><Data Name="SubjectLogonId">0xc33940</Data><Data Name="NewProcessId">0xf544</Data><Data Name="NewProcessName">C:\Program Files\Google\Chrome\Application\chrome.exe</Data><Data Name="TokenElevationType">%%1936</Data><Data Name="ProcessId">0x5ec7</Data><Data Name="CommandLine">C:\Program Files\Google\Chrome\Application\chrome.exe</Data><Data Name="TargetUserSid">S-1-0-0</Data><Data Name="TargetUserName">-</Data><Data Name="TargetDomainName">-</Data><Data Name="TargetLogonId">0x0</Data><Data Name="ParentProcessName">C:\Windows\System32\explorer.exe</Data><Data Name="MandatoryLabel">S-1-16-8192</Data></EventData></Event>
<?xml version="1.0"?><Event xmlns="http://schemas.microsoft.com/win/2004/08/events/event"><System><Provider Name="Microsoft-Windows-Security-Auditing" Guid="{54849625-5478-4994-A5BA-3E3B0328C30D}"/><EventID>4688</EventID><Version>2</Version><Level>0</Level><Task>13312</Task><Opcode>0</Opcode><Keywords>0x8020000000000000</Keywords><TimeCreated SystemTime="2026-09-23T13:48:44.592624465Z"/><EventRecordID>48285503</EventRecordID><Correlation/><Execution ProcessID="7330" ThreadID="8373"/><Channel>Security</Channel><Computer>GW-E-6452</Computer><Security/></System><EventData><Data Name="SubjectUserSid">S-1-5-21-1957994488-2000478354-1284470638-1123</Data><Data Name="SubjectUserName">lferguson</Data><Data Name="SubjectDomainName">GRAVYWHALE</Data><Data Name="SubjectLogonId">0xee3049</Data><Data Name="NewProcessId">0xc9b8</Data><Data Name="NewProcessName">C:\Program Files\Google\Chrome\Application\chrome.exe</Data><Data Name="TokenElevationType">%%1936</Data><Data Name="ProcessId">0xc9fe</Data><Data Name="CommandLine">C:\Program Files\Google\Chrome\Application\chrome.exe</Data><Data Name="TargetUserSid">S-1-0-0</Data><Data Name="TargetUserName">-</Data><Data Name="TargetDomainName">-</Data><Data Name="TargetLogonId">0x0</Data><Data Name="ParentProcessName">C:\Windows\System32\explorer.exe</Data><Data Name="MandatoryLabel">S-1-16-8192</Data></EventData></Event>
<?xml version="1.0"?><Event xmlns="http://schemas.microsoft.com/win/2004/08/events/event"><System><Provider Name="Microsoft-Windows-Security-Auditing" Guid="{54849625-5478-4994-A5BA-3E3B0328C30D}"/><EventID>4688</EventID><Version>2</Version><Level>0</Level><Task>13312</Task><Opcode>0</Opcode><Keywords>0x8020000000000000</Keywords><TimeCreated SystemTime="2026-09-23T13:49:55.871675517Z"/><EventRecordID>46941457</EventRecordID><Correlation/><Execution ProcessID="2085" ThreadID="7670"/><Channel>Security</Channel><Computer>GW-HR-3532</Computer><Security/></System><EventData><Data Name="SubjectUserSid">S-1-5-21-1957994488-2000478354-1284470638-3485</Data><Data Name="SubjectUserName">amckinney</Data><Data Name="SubjectDomainName">GRAVYWHALE</Data><Data Name="SubjectLogonId">0x65b6c9</Data><Data Name="NewProcessId">0xf2d4</Data><Data Name="NewProcessName">C:\Program Files\Microsoft Office\root\Office16\WINWORD.EXE</Data><Data Name="TokenElevationType">%%1936</Data><Data Name="ProcessId">0x8cdf</Data><Data Name="CommandLine">C:\Program Files\Microsoft Office\root\Office16\WINWORD.EXE</Data><Data Name="TargetUserSid">S-1-0-0</Data><Data Name="TargetUserName">-</Data><Data Name="TargetDomainName">-</Data><Data Name="TargetLogonId">0x0</Data><Data Name="ParentProcessName">C:\Windows\System32\explorer.exe</Data><Data Name="MandatoryLabel">S-1-16-8192</Data></EventData></Event>
<?xml version="1.0"?><Event xmlns="http://schemas.microsoft.com/win/2004/08/events/event"><System><Provider Name="Microsoft-Windows-Security-Auditing" Guid="{54849625-5478-4994-A5BA-3E3B0328C30D}"/><EventID>4688</EventID><Version>2</Version><Level>0</Level><Task>13312</Task><Opcode>0</Opcode><Keywords>0x8020000000000000</Keywords><TimeCreated SystemTime="2026-09-23T13:50:18.759874438Z"/><EventRecordID>42688154</EventRecordID><Correlation/><Execution ProcessID="1700" ThreadID="1381"/><Channel>Security</Channel><Computer>GW-IT-8210</Computer><Security/></System><EventData><Data Name="SubjectUserSid">S-1-5-21-1957994488-2000478354-1284470638-5182</Data><Data Name="SubjectUserName">swheeler</Data><Data Name="SubjectDomainName">GRAVYWHALE</Data><Data Name="SubjectLogonId">0x5010b4</Data><Data Name="NewProcessId">0x3d84</Data><Data Name="NewProcessName">C:\Program Files\Microsoft Office\root\Office16\OUTLOOK.EXE</Data><Data Name="TokenElevationType">%%1936</Data><Data Name="ProcessId">0xbde7</Data><Data Name="CommandLine">C:\Program Files\Microsoft Office\root\Office16\OUTLOOK.EXE</Data><Data Name="TargetUserSid">S-1-0-0</Data><Data Name="TargetUserName">-</Data><Data Name="TargetDomainName">-</Data><Data Name="TargetLogonId">0x0</Data><Data Name="ParentProcessName">C:\Windows\System32\explorer.exe</Data><Data Name="MandatoryLabel">S-1-16-8192</Data></EventData></Event>
<?xml version="1.0"?><Event xmlns="http://schemas.microsoft.com/win/2004/08/events/event"><System><Provider Name="Microsoft-Windows-Security-Auditing" Guid="{54849625-5478-4994-A5BA-3E3B0328C30D}"/><EventID>4688</EventID><Version>2</Version><Level>0</Level><Task>13312</Task><Opcode>0</Opcode><Keywords>0x8020000000000000</Keywords><TimeCreated SystemTime="2026-09-23T13:50:28.392623368Z"/><EventRecordID>94432608</EventRecordID><Correlation/><Execution ProcessID="3425" ThreadID="7347"/><Channel>Security</Channel><Computer>GW-E-2221</Computer><Security/></System><EventData><Data Name="SubjectUserSid">S-1-5-21-1957994488-2000478354-1284470638-2552</Data><Data Name="SubjectUserName">ctrevino</Data><Data Name="SubjectDomainName">GRAVYWHALE</Data><Data Name="SubjectLogonId">0xfe8c28</Data><Data Name="NewProcessId">0xad5c</Data><Data Name="NewProcessName">C:\Program Files\Google\Chrome\Application\chrome.exe</Data><Data Name="TokenElevationType">%%1936</Data><Data Name="ProcessId">0x2725</Data><Data Name="CommandLine">C:\Program Files\Google\Chrome\Application\chrome.exe</Data><Data Name="TargetUserSid">S-1-0-0</Data><Data Name="TargetUserName">-</Data><Data Name="TargetDomainName">-</Data><Data Name="TargetLogonId">0x0</Data><Data Name="ParentProcessName">C:\Windows\System32\explorer.exe</Data><Data Name="MandatoryLabel">S-1-16-8192</Data></EventData></Event>
<?xml version="1.0"?><Event xmlns="http://schemas.microsoft.com/win/2004/08/events/event"><System><Provider Name="Microsoft-Windows-Security-Auditing" Guid="{54849625-5478-4994-A5BA-3E3B0328C30D}"/><EventID>4688</EventID><Version>2</Version><Level>0</Level><Task>13312</Task><Opcode>0</Opcode><Keywords>0x8020000000000000</Keywords><TimeCreated SystemTime="2026-09-23T13:51:06.228440979Z"/><EventRecordID>40569840</EventRecordID><Correlation/><Execution ProcessID="6150" ThreadID="1961"/><Channel>Security</Channel><Computer>GW-S-8420</Computer><Security/></System><EventData><Data Name="SubjectUserSid">S-1-5-21-1957994488-2000478354-1284470638-8580</Data><Data Name="SubjectUserName">hgrant</Data><Data Name="SubjectDomainName">GRAVYWHALE</Data><Data Name="SubjectLogonId">0x45dc20</Data><Data Name="NewProcessId">0xae92</Data><Data Name="NewProcessName">C:\Program Files\Microsoft Office\root\Office16\OUTLOOK.EXE</Data><Data Name="TokenElevationType">%%1936</Data><Data Name="ProcessId">0xa4cb</Data><Data Name="CommandLine">C:\Program Files\Microsoft Office\root\Office16\OUTLOOK.EXE</Data><Data Name="TargetUserSid">S-1-0-0</Data><Data Name="TargetUserName">-</Data><Data Name="TargetDomainName">-</Data><Data Name="TargetLogonId">0x0</Data><Data Name="ParentProcessName">C:\Windows\System32\explorer.exe</Data><Data Name="MandatoryLabel">S-1-16-8192</Data></EventData></Event>
<?xml version="1.0"?><Event xmlns="http://schemas.microsoft.com/win/2004/08/events/event"><System><Provider Name="Microsoft-Windows-Security-Auditing" Guid="{54849625-5478-4994-A5BA-3E3B0328C30D}"/><EventID>4688</EventID><Version>2</Version><Level>0</Level><Task>13312</Task><Opcode>0</Opcode><Keywords>0x8020000000000000</Keywords><TimeCreated SystemTime="2026-09-23T13:52:09.637895081Z"/><EventRecordID>55410678</EventRecordID><Correlation/><Execution ProcessID="5715" ThreadID="7620"/><Channel>Security</Channel><Computer>GW-E-4298</Computer><Security/></System><EventData><Data Name="SubjectUserSid">S-1-5-21-1957994488-2000478354-1284470638-7924</Data><Data Name="SubjectUserName">tbrown</Data><Data Name="SubjectDomainName">GRAVYWHALE</Data><Data Name="SubjectLogonId">0x4ad9fd</Data><Data Name="NewProcessId">0x6a9b</Data><Data Name="NewProcessName">C:\Program Files\Google\Chrome\Application\chrome.exe</Data><Data Name="TokenElevationType">%%1936</Data><Data Name="ProcessId">0x84bf</Data><Data Name="CommandLine">C:\Program Files\Google\Chrome\Application\chrome.exe</Data><Data Name="TargetUserSid">S-1-0-0</Data><Data Name="TargetUserName">-</Data><Data Name="TargetDomainName">-</Data><Data Name="TargetLogonId">0x0</Data><Data Name="ParentProcessName">C:\Windows\System32\explorer.exe</Data><Data Name="MandatoryLabel">S-1-16-8192</Data></EventData></Event>
<?xml version="1.0"?><Event xmlns="http://schemas.microsoft.com/win/2004/08/events/event"><System><Provider Name="Microsoft-Windows-Security-Auditing" Guid="{54849625-5478-4994-A5BA-3E3B0328C30D}"/><EventID>4688</EventID><Version>2</Version><Level>0</Level><Task>13312</Task><Opcode>0</Opcode><Keywords>0x8020000000000000</Keywords><TimeCreated SystemTime="2026-09-23T13:52:36.751019436Z"/><EventRecordID>51326911</EventRecordID><Correlation/><Execution ProcessID="6788" ThreadID="2502"/><Channel>Security</Channel><Computer>GW-S-6913</Computer><Security/></System><EventData><Data Name="SubjectUserSid">S-1-5-21-1957994488-2000478354-1284470638-7963</Data><Data Name="SubjectUserName">gbrooks</Data><Data Name="SubjectDomainName">GRAVYWHALE</Data><Data Name="SubjectLogonId">0xfe5555</Data><Data Name="NewProcessId">0xb4c7</Data><Data Name="NewProcessName">C:\Program Files\Google\Chrome\Application\chrome.exe</Data><Data Name="TokenElevationType">%%1936</Data><Data Name="ProcessId">0x3b8e</Data><Data Name="CommandLine">C:\Program Files\Google\Chrome\Application\chrome.exe</Data><Data Name="TargetUserSid">S-1-0-0</Data><Data Name="TargetUserName">-</Data><Data Name="TargetDomainName">-</Data><Data Name="TargetLogonId">0x0</Data><Data Name="ParentProcessName">C:\Windows\System32\explorer.exe</Data><Data Name="MandatoryLabel">S-1-16-8192</Data></EventData></Event>
<?xml version="1.0"?><Event xmlns="http://schemas.microsoft.com/win/2004/08/events/event"><System><Provider Name="Microsoft-Windows-Security-Auditing" Guid="{54849625-5478-4994-A5BA-3E3B0328C30D}"/><EventID>4688</EventID><Version>2</Version><Level>0</Level><Task>13312</Task><Opcode>0</Opcode><Keywords>0x8020000000000000</Keywords><TimeCreated SystemTime="2026-09-23T13:53:01.540982390Z"/><EventRecordID>28162555</EventRecordID><Correlation/><Execution ProcessID="6254" ThreadID="916"/><Channel>Security</Channel><Computer>GW-S-1109</Computer><Security/></System><EventData><Data Name="SubjectUserSid">S-1-5-21-1957994488-2000478354-1284470638-2351</Data><Data Name="SubjectUserName">lhoffman</Data><Data Name="SubjectDomainName">GRAVYWHALE</Data><Data Name="SubjectLogonId">0x8f456a</Data><Data Name="NewProcessId">0xca41</Data><Data Name="NewProcessName">C:\Users\lhoffman\AppData\Local\Microsoft\OneDrive\OneDrive.exe</Data><Data Name="TokenElevationType">%%1936</Data><Data Name="ProcessId">0x4a2f</Data><Data Name="CommandLine">C:\Users\lhoffman\AppData\Local\Microsoft\OneDrive\OneDrive.exe</Data><Data Name="TargetUserSid">S-1-0-0</Data><Data Name="TargetUserName">-</Data><Data Name="TargetDomainName">-</Data><Data Name="TargetLogonId">0x0</Data><Data Name="ParentProcessName">C:\Windows\System32\explorer.exe</Data><Data Name="MandatoryLabel">S-1-16-8192</Data></EventData></Event>
<?xml version="1.0"?><Event xmlns="http://schemas.microsoft.com/win/2004/08/events/event"><System><Provider Name="Microsoft-Windows-Security-Auditing" Guid="{54849625-5478-4994-A5BA-3E3B0328C30D}"/><EventID>4624</EventID><Version>2</Version><Level>0</Level><Task>12544</Task><Opcode>0</Opcode><Keywords>0x8020000000000000</Keywords><TimeCreated SystemTime="2026-09-23T13:53:14.657626027Z"/><EventRecordID>91059375</EventRecordID><Correlation/><Execution ProcessID="6571" ThreadID="5326"/><Channel>Security</Channel><Computer>GW-S-8640</Computer><Security/></System><EventData><Data Name="SubjectUserSid">S-1-5-18</Data><Data Name="SubjectUserName">GW-S-8640$</Data><Data Name="SubjectDomainName">GRAVYWHALE</Data><Data Name="SubjectLogonId">0x3e7</Data><Data Name="TargetUserSid">S-1-5-21-1957994488-2000478354-1284470638-4749</Data><Data Name="TargetUserName">dholloway</Data><Data Name="TargetDomainName">GRAVYWHALE</Data><Data Name="TargetLogonId">0x469db3</Data><Data Name="LogonType">2</Data><Data Name="LogonProcessName">User32</Data><Data Name="AuthenticationPackageName">Negotiate</Data><Data Name="WorkstationName">GW-S-8640</Data><Data Name="LogonGuid">{62D59BB7-FAE1-BB65-6AF7-47938FF97E29}</Data><Data Name="TransmittedServices">-</Data><Data Name="LmPackageName">-</Data><Data Name="KeyLength">0</Data><Data Name="ProcessId">0xbae0</Data><Data Name="ProcessName">C:\Windows\System32\svchost.exe</Data><Data Name="IpAddress">10.10.19.110</Data><Data Name="IpPort">0</Data><Data Name="ImpersonationLevel">%%1833</Data><Data Name="RestrictedAdminMode">-</Data><Data Name="TargetOutboundUserName">-</Data><Data Name="TargetOutboundDomainName">-</Data><Data Name="VirtualAccount">%%1843</Data><Data Name="TargetLinkedLogonId">0x0</Data><Data Name="ElevatedToken">%%1842</Data></EventData></Event>
<?xml version="1.0"?><Event xmlns="http://schemas.microsoft.com/win/2004/08/events/event"><System><Provider Name="Microsoft-Windows-Security-Auditing" Guid="{54849625-5478-4994-A5BA-3E3B0328C30D}"/><EventID>4624</EventID><Version>2</Version><Level>0</Level><Task>12544</Task><Opcode>0</Opcode><Keywords>0x8020000000000000</Keywords><TimeCreated SystemTime="2026-09-23T13:53:26.363614549Z"/><EventRecordID>40885447</EventRecordID><Correlation/><Execution ProcessID="6701" ThreadID="1769"/><Channel>Security</Channel><Computer>GW-IT-4203</Computer><Security/></System><EventData><Data Name="SubjectUserSid">S-1-5-18</Data><Data Name="SubjectUserName">GW-IT-4203$</Data><Data Name="SubjectDomainName">GRAVYWHALE</Data><Data Name="SubjectLogonId">0x3e7</Data><Data Name="TargetUserSid">S-1-5-21-1957994488-2000478354-1284470638-5835</Data><Data Name="TargetUserName">redwards</Data><Data Name="TargetDomainName">GRAVYWHALE</Data><Data Name="TargetLogonId">0xcc22eb</Data><Data Name="LogonType">2</Data><Data Name="LogonProcessName">User32</Data><Data Name="AuthenticationPackageName">Negotiate</Data><Data Name="WorkstationName">GW-IT-4203</Data><Data Name="LogonGuid">{A2F87DEA-46C4-7DE7-C430-FC3688A5316F}</Data><Data Name="TransmittedServices">-</Data><Data Name="LmPackageName">-</Data><Data Name="KeyLength">0</Data><Data Name="ProcessId">0x8950</Data><Data Name="ProcessName">C:\Windows\System32\svchost.exe</Data><Data Name="IpAddress">10.50.8.87</Data><Data Name="IpPort">0</Data><Data Name="ImpersonationLevel">%%1833</Data><Data Name="RestrictedAdminMode">-</Data><Data Name="TargetOutboundUserName">-</Data><Data Name="TargetOutboundDomainName">-</Data><Data Name="VirtualAccount">%%1843</Data><Data Name="TargetLinkedLogonId">0x0</Data><Data Name="ElevatedToken">%%1842</Data></EventData></Event>
<?xml version="1.0"?><Event xmlns="http://schemas.microsoft.com/win/2004/08/events/event"><System><Provider Name="Microsoft-Windows-Security-Auditing" Guid="{54849625-5478-4994-A5BA-3E3B0328C30D}"/><EventID>4627</EventID><Version>0</Version><Level>0</Level><Task>12545</Task><Opcode>0</Opcode><Keywords>0x8020000000000000</Keywords><TimeCreated SystemTime="2026-09-23T13:53:26.363614594Z"/><EventRecordID>66618508</EventRecordID><Correlation/><Execution ProcessID="3993" ThreadID="1829"/><Channel>Security</Channel><Computer>GW-IT-4203</Computer><Security/></System><EventData><Data Name="SubjectUserSid">S-1-5-18</Data><Data Name="SubjectUserName">GW-IT-4203$</Data><Data Name="SubjectDomainName">GRAVYWHALE</Data><Data Name="SubjectLogonId">0x3e7</Data><Data Name="TargetUserSid">S-1-5-21-1957994488-2000478354-1284470638-5835</Data><Data Name="TargetUserName">redwards</Data><Data Name="TargetDomainName">GRAVYWHALE</Data><Data Name="LogonType">2</Data><Data Name="GroupMembership">%{S-1-5-32-544} (Administrators); %{S-1-5-21-1957994488-2000478354-1284470638-512} (Domain Admins); %{S-1-5-21-1957994488-2000478354-1284470638-7615} (Domain Users)</Data></EventData></Event>
<?xml version="1.0"?><Event xmlns="http://schemas.microsoft.com/win/2004/08/events/event"><System><Provider Name="Microsoft-Windows-Security-Auditing" Guid="{54849625-5478-4994-A5BA-3E3B0328C30D}"/><EventID>4688</EventID><Version>2</Version><Level>0</Level><Task>13312</Task><Opcode>0</Opcode><Keywords>0x8020000000000000</Keywords><TimeCreated SystemTime="2026-09-23T13:53:40.708871177Z"/><EventRecordID>35125507</EventRecordID><Correlation/><Execution ProcessID="830" ThreadID="5327"/><Channel>Security</Channel><Computer>GW-E-6123</Computer><Security/></System><EventData><Data Name="SubjectUserSid">S-1-5-21-1957994488-2000478354-1284470638-3417</Data><Data Name="SubjectUserName">cdawson</Data><Data Name="SubjectDomainName">GRAVYWHALE</Data><Data Name="SubjectLogonId">0xb5b701</Data><Data Name="NewProcessId">0x6ec5</Data><Data Name="NewProcessName">C:\Program Files\Microsoft Office\root\Office16\OUTLOOK.EXE</Data><Data Name="TokenElevationType">%%1936</Data><Data Name="ProcessId">0xf159</Data><Data Name="CommandLine">C:\Program Files\Microsoft Office\root\Office16\OUTLOOK.EXE</Data><Data Name="TargetUserSid">S-1-0-0</Data><Data Name="TargetUserName">-</Data><Data Name="TargetDomainName">-</Data><Data Name="TargetLogonId">0x0</Data><Data Name="ParentProcessName">C:\Windows\System32\explorer.exe</Data><Data Name="MandatoryLabel">S-1-16-8192</Data></EventData></Event>
<?xml version="1.0"?><Event xmlns="http://schemas.microsoft.com/win/2004/08/events/event"><System><Provider Name="Microsoft-Windows-Security-Auditing" Guid="{54849625-5478-4994-A5BA-3E3B0328C30D}"/><EventID>4688</EventID><Version>2</Version><Level>0</Level><Task>13312</Task><Opcode>0</Opcode><Keywords>0x8020000000000000</Keywords><TimeCreated SystemTime="2026-09-23T13:54:14.383144308Z"/><EventRecordID>51310547</EventRecordID><Correlation/><Execution ProcessID="4690" ThreadID="7604"/><Channel>Security</Channel><Computer>GW-E-4298</Computer><Security/></System><EventData><Data Name="SubjectUserSid">S-1-5-21-1957994488-2000478354-1284470638-7924</Data><Data Name="SubjectUserName">tbrown</Data><Data Name="SubjectDomainName">GRAVYWHALE</Data><Data Name="SubjectLogonId">0x83712d</Data><Data Name="NewProcessId">0xf11c</Data><Data Name="NewProcessName">C:\Program Files\Google\Chrome\Application\chrome.exe</Data><Data Name="TokenElevationType">%%1936</Data><Data Name="ProcessId">0x823f</Data><Data Name="CommandLine">C:\Program Files\Google\Chrome\Application\chrome.exe</Data><Data Name="TargetUserSid">S-1-0-0</Data><Data Name="TargetUserName">-</Data><Data Name="TargetDomainName">-</Data><Data Name="TargetLogonId">0x0</Data><Data Name="ParentProcessName">C:\Windows\System32\explorer.exe</Data><Data Name="MandatoryLabel">S-1-16-8192</Data></EventData></Event>
<?xml version="1.0"?><Event xmlns="http://schemas.microsoft.com/win/2004/08/events/event"><System><Provider Name="Microsoft-Windows-Security-Auditing" Guid="{54849625-5478-4994-A5BA-3E3B0328C30D}"/><EventID>4688</EventID><Version>2</Version><Level>0</Level><Task>13312</Task><Opcode>0</Opcode><Keywords>0x8020000000000000</Keywords><TimeCreated SystemTime="2026-09-23T13:54:19.048289636Z"/><EventRecordID>31112958</EventRecordID><Correlation/><Execution ProcessID="1467" ThreadID="860"/><Channel>Security</Channel><Computer>GW-M-8740</Computer><Security/></System><EventData><Data Name="SubjectUserSid">S-1-5-21-1957994488-2000478354-1284470638-5158</Data><Data Name="SubjectUserName">ajones</Data><Data Name="SubjectDomainName">GRAVYWHALE</Data><Data Name="SubjectLogonId">0x8ad9b2</Data><Data Name="NewProcessId">0x53df</Data><Data Name="NewProcessName">C:\Program Files\Microsoft Office\root\Office16\OUTLOOK.EXE</Data><Data Name="TokenElevationType">%%1936</Data><Data Name="ProcessId">0xe62a</Data><Data Name="CommandLine">C:\Program Files\Microsoft Office\root\Office16\OUTLOOK.EXE</Data><Data Name="TargetUserSid">S-1-0-0</Data><Data Name="TargetUserName">-</Data><Data Name="TargetDomainName">-</Data><Data Name="TargetLogonId">0x0</Data><Data Name="ParentProcessName">C:\Windows\System32\explorer.exe</Data><Data Name="MandatoryLabel">S-1-16-8192</Data></EventData></Event>
<?xml version="1.0"?><Event xmlns="http://schemas.microsoft.com/win/2004/08/events/event"><System><Provider Name="Microsoft-Windows-Security-Auditing" Guid="{54849625-5478-4994-A5BA-3E3B0328C30D}"/><EventID>4688</EventID><Version>2</Version><Level>0</Level><Task>13312</Task><Opcode>0</Opcode><Keywords>0x8020000000000000</Keywords><TimeCreated SystemTime="2026-09-23T13:54:34.702551126Z"/><EventRecordID>73112373</EventRecordID><Correlation/><Execution ProcessID="7342" ThreadID="7609"/><Channel>Security</Channel><Computer>GW-M-3898</Computer><Security/></System><EventData><Data Name="SubjectUserSid">S-1-5-21-1957994488-2000478354-1284470638-2629</Data><Data Name="SubjectUserName">tgarcia</Data><Data Name="SubjectDomainName">GRAVYWHALE</Data><Data Name="SubjectLogonId">0x19e4cf</Data><Data Name="NewProcessId">0xba0a</Data><Data Name="NewProcessName">C:\Program Files\Google\Chrome\Application\chrome.exe</Data><Data Name="TokenElevationType">%%1936</Data><Data Name="ProcessId">0x61c1</Data><Data Name="CommandLine">C:\Program Files\Google\Chrome\Application\chrome.exe</Data><Data Name="TargetUserSid">S-1-0-0</Data><Data Name="TargetUserName">-</Data><Data Name="TargetDomainName">-</Data><Data Name="TargetLogonId">0x0</Data><Data Name="ParentProcessName">C:\Windows\System32\explorer.exe</Data><Data Name="MandatoryLabel">S-1-16-8192</Data></EventData></Event>
<?xml version="1.0"?><Event xmlns="http://schemas.microsoft.com/win/2004/08/events/event"><System><Provider Name="Microsoft-Windows-Security-Auditing" Guid="{54849625-5478-4994-A5BA-3E3B0328C30D}"/><EventID>4688</EventID><Version>2</Version><Level>0</Level><Task>13312</Task><Opcode>0</Opcode><Keywords>0x8020000000000000</Keywords><TimeCreated SystemTime="2026-09-23T13:54:55.245326886Z"/><EventRecordID>93272543</EventRecordID><Correlation/><Execution ProcessID="6640" ThreadID="5536"/><Channel>Security</Channel><Computer>GW-IT-3478</Computer><Security/></System><EventData><Data Name="SubjectUserSid">S-1-5-21-1957994488-2000478354-1284470638-3562</Data><Data Name="SubjectUserName">krice</Data><Data Name="SubjectDomainName">GRAVYWHALE</Data><Data Name="SubjectLogonId">0x2b5766</Data><Data Name="NewProcessId">0x99c8</Data><Data Name="NewProcessName">C:\Windows\System32\mstsc.exe</Data><Data Name="TokenElevationType">%%1936</Data><Data Name="ProcessId">0x618d</Data><Data Name="CommandLine">C:\Windows\System32\mstsc.exe</Data><Data Name="TargetUserSid">S-1-0-0</Data><Data Name="TargetUserName">-</Data><Data Name="TargetDomainName">-</Data><Data Name="TargetLogonId">0x0</Data><Data Name="ParentProcessName">C:\Windows\System32\explorer.exe</Data><Data Name="MandatoryLabel">S-1-16-8192</Data></EventData></Event>
<?xml version="1.0"?><Event xmlns="http://schemas.microsoft.com/win/2004/08/events/event"><System><Provider Name="Microsoft-Windows-Security-Auditing" Guid="{54849625-5478-4994-A5BA-3E3B0328C30D}"/><EventID>4688</EventID><Version>2</Version><Level>0</Level><Task>13312</Task><Opcode>0</Opcode><Keywords>0x8020000000000000</Keywords><TimeCreated SystemTime="2026-09-23T13:55:03.560103197Z"/><EventRecordID>58488507</EventRecordID><Correlation/><Execution ProcessID="7843" ThreadID="2005"/><Channel>Security</Channel><Computer>GW-IT-8167</Computer><Security/></System><EventData><Data Name="SubjectUserSid">S-1-5-21-1957994488-2000478354-1284470638-7528</Data><Data Name="SubjectUserName">ralvarado</Data><Data Name="SubjectDomainName">GRAVYWHALE</Data><Data Name="SubjectLogonId">0x54edc7</Data><Data Name="NewProcessId">0x8536</Data><Data Name="NewProcessName">C:\Program Files\Microsoft Office\root\Office16\OUTLOOK.EXE</Data><Data Name="TokenElevationType">%%1936</Data><Data Name="ProcessId">0x9616</Data><Data Name="CommandLine">C:\Program Files\Microsoft Office\root\Office16\OUTLOOK.EXE</Data><Data Name="TargetUserSid">S-1-0-0</Data><Data Name="TargetUserName">-</Data><Data Name="TargetDomainName">-</Data><Data Name="TargetLogonId">0x0</Data><Data Name="ParentProcessName">C:\Windows\System32\explorer.exe</Data><Data Name="MandatoryLabel">S-1-16-8192</Data></EventData></Event>
<?xml version="1.0"?><Event xmlns="http://schemas.microsoft.com/win/2004/08/events/event"><System><Provider Name="Microsoft-Windows-Security-Auditing" Guid="{54849625-5478-4994-A5BA-3E3B0328C30D}"/><EventID>4688</EventID><Version>2</Version><Level>0</Level><Task>13312</Task><Opcode>0</Opcode><Keywords>0x8020000000000000</Keywords><TimeCreated SystemTime="2026-09-23T13:55:07.317461959Z"/><EventRecordID>31020412</EventRecordID><Correlation/><Execution ProcessID="3470" ThreadID="1583"/><Channel>Security</Channel><Computer>GW-E-9185</Computer><Security/></System><EventData><Data Name="SubjectUserSid">S-1-5-21-1957994488-2000478354-1284470638-6618</Data><Data Name="SubjectUserName">dtorres</Data><Data Name="SubjectDomainName">GRAVYWHALE</Data><Data Name="SubjectLogonId">0xa0321b</Data><Data Name="NewProcessId">0x8626</Data><Data Name="NewProcessName">C:\Users\dtorres\AppData\Local\Microsoft\OneDrive\OneDrive.exe</Data><Data Name="TokenElevationType">%%1936</Data><Data Name="ProcessId">0x3a96</Data><Data Name="CommandLine">C:\Users\dtorres\AppData\Local\Microsoft\OneDrive\OneDrive.exe</Data><Data Name="TargetUserSid">S-1-0-0</Data><Data Name="TargetUserName">-</Data><Data Name="TargetDomainName">-</Data><Data Name="TargetLogonId">0x0</Data><Data Name="ParentProcessName">C:\Windows\System32\explorer.exe</Data><Data Name="MandatoryLabel">S-1-16-8192</Data></EventData></Event>
<?xml version="1.0"?><Event xmlns="http://schemas.microsoft.com/win/2004/08/events/event"><System><Provider Name="Microsoft-Windows-Security-Auditing" Guid="{54849625-5478-4994-A5BA-3E3B0328C30D}"/><EventID>4688</EventID><Version>2</Version><Level>0</Level><Task>13312</Task><Opcode>0</Opcode><Keywords>0x8020000000000000</Keywords><TimeCreated SystemTime="2026-09-23T13:55:13.295082188Z"/><EventRecordID>54069921</EventRecordID><Correlation/><Execution ProcessID="1151" ThreadID="3134"/><Channel>Security</Channel><Computer>GW-S-2369</Computer><Security/></System><EventData><Data Name="SubjectUserSid">S-1-5-21-1957994488-2000478354-1284470638-1742</Data><Data Name="SubjectUserName">mhenderson</Data><Data Name="SubjectDomainName">GRAVYWHALE</Data><Data Name="SubjectLogonId">0xf53eb0</Data><Data Name="NewProcessId">0xace3</Data><Data Name="NewProcessName">C:\Program Files\Google\Chrome\Application\chrome.exe</Data><Data Name="TokenElevationType">%%1936</Data><Data Name="ProcessId">0x17b0</Data><Data Name="CommandLine">C:\Program Files\Google\Chrome\Application\chrome.exe</Data><Data Name="TargetUserSid">S-1-0-0</Data><Data Name="TargetUserName">-</Data><Data Name="TargetDomainName">-</Data><Data Name="TargetLogonId">0x0</Data><Data Name="ParentProcessName">C:\Windows\System32\explorer.exe</Data><Data Name="MandatoryLabel">S-1-16-8192</Data></EventData></Event>
<?xml version="1.0"?><Event xmlns="http://schemas.microsoft.com/win/2004/08/events/event"><System><Provider Name="Microsoft-Windows-Security-Auditing" Guid="{54849625-5478-4994-A5BA-3E3B0328C30D}"/><EventID>4688</EventID><Version>2</Version><Level>0</Level><Task>13312</Task><Opcode>0</Opcode><Keywords>0x8020000000000000</Keywords><TimeCreated SystemTime="2026-09-23T13:55:51.848491354Z"/><EventRecordID>44692399</EventRecordID><Correlation/><Execution ProcessID="4617" ThreadID="7871"/><Channel>Security</Channel><Computer>GW-S-4887</Computer><Security/></System><EventData><Data Name="SubjectUserSid">S-1-5-21-1957994488-2000478354-1284470638-7740</Data><Data Name="SubjectUserName">rwilliams</Data><Data Name="SubjectDomainName">GRAVYWHALE</Data><Data Name="SubjectLogonId">0x8ccb23</Data><Data Name="NewProcessId">0xeb03</Data><Data Name="NewProcessName">C:\Windows\System32\WindowsPowerShell\v1.0\powershell.exe</Data><Data Name="TokenElevationType">%%1936</Data><Data Name="ProcessId">0xdaa8</Data><Data Name="CommandLine">C:\Windows\System32\WindowsPowerShell\v1.0\powershell.exe</Data><Data Name="TargetUserSid">S-1-0-0</Data><Data Name="TargetUserName">-</Data><Data Name="TargetDomainName">-</Data><Data Name="TargetLogonId">0x0</Data><Data Name="ParentProcessName">C:\Windows\System32\explorer.exe</Data><Data Name="MandatoryLabel">S-1-16-8192</Data></EventData></Event>
<?xml version="1.0"?><Event xmlns="http://schemas.microsoft.com/win/2004/08/events/event"><System><Provider Name="Microsoft-Windows-Security-Auditing" Guid="{54849625-5478-4994-A5BA-3E3B0328C30D}"/><EventID>4688</EventID><Version>2</Version><Level>0</Level><Task>13312</Task><Opcode>0</Opcode><Keywords>0x8020000000000000</Keywords><TimeCreated SystemTime="2026-09-23T13:55:55.404685073Z"/><EventRecordID>63770252</EventRecordID><Correlation/><Execution ProcessID="8967" ThreadID="8113"/><Channel>Security</Channel><Computer>GW-S-8188</Computer><Security/></System><EventData><Data Name="SubjectUserSid">S-1-5-21-1957994488-2000478354-1284470638-1380</Data><Data Name="SubjectUserName">crodriguez</Data><Data Name="SubjectDomainName">GRAVYWHALE</Data><Data Name="SubjectLogonId">0x44d667</Data><Data Name="NewProcessId">0x3f63</Data><Data Name="NewProcessName">C:\Program Files\Google\Chrome\Application\chrome.exe</Data><Data Name="TokenElevationType">%%1936</Data><Data Name="ProcessId">0x5fa1</Data><Data Name="CommandLine">C:\Program Files\Google\Chrome\Application\chrome.exe</Data><Data Name="TargetUserSid">S-1-0-0</Data><Data Name="TargetUserName">-</Data><Data Name="TargetDomainName">-</Data><Data Name="TargetLogonId">0x0</Data><Data Name="ParentProcessName">C:\Windows\System32\explorer.exe</Data><Data Name="MandatoryLabel">S-1-16-8192</Data></EventData></Event>
<?xml version="1.0"?><Event xmlns="http://schemas.microsoft.com/win/2004/08/events/event"><System><Provider Name="Microsoft-Windows-Security-Auditing" Guid="{54849625-5478-4994-A5BA-3E3B0328C30D}"/><EventID>4688</EventID><Version>2</Version><Level>0</Level><Task>13312</Task><Opcode>0</Opcode><Keywords>0x8020000000000000</Keywords><TimeCreated SystemTime="2026-09-23T13:56:08.953653969Z"/><EventRecordID>57847913</EventRecordID><Correlation/><Execution ProcessID="5712" ThreadID="8569"/><Channel>Security</Channel><Computer>GW-IT-6911</Computer><Security/></System><EventData><Data Name="SubjectUserSid">S-1-5-21-1957994488-2000478354-1284470638-2804</Data><Data Name="SubjectUserName">lreynolds</Data><Data Name="SubjectDomainName">GRAVYWHALE</Data><Data Name="SubjectLogonId">0xb66d7a</Data><Data Name="NewProcessId">0x17fb</Data><Data Name="NewProcessName">C:\Users\lreynolds\AppData\Local\Microsoft\OneDrive\OneDrive.exe</Data><Data Name="TokenElevationType">%%1936</Data><Data Name="ProcessId">0x5e9a</Data><Data Name="CommandLine">C:\Users\lreynolds\AppData\Local\Microsoft\OneDrive\OneDrive.exe</Data><Data Name="TargetUserSid">S-1-0-0</Data><Data Name="TargetUserName">-</Data><Data Name="TargetDomainName">-</Data><Data Name="TargetLogonId">0x0</Data><Data Name="ParentProcessName">C:\Windows\System32\explorer.exe</Data><Data Name="MandatoryLabel">S-1-16-8192</Data></EventData></Event>
<?xml version="1.0"?><Event xmlns="http://schemas.microsoft.com/win/2004/08/events/event"><System><Provider Name="Microsoft-Windows-Security-Auditing" Guid="{54849625-5478-4994-A5BA-3E3B0328C30D}"/><EventID>4624</EventID><Version>2</Version><Level>0</Level><Task>12544</Task><Opcode>0</Opcode><Keywords>0x8020000000000000</Keywords><TimeCreated SystemTime="2026-09-23T13:56:08.994555330Z"/><EventRecordID>75261010</EventRecordID><Correlation/><Execution ProcessID="4235" ThreadID="1816"/><Channel>Security</Channel><Computer>GW-S-3162</Computer><Security/></System><EventData><Data Name="SubjectUserSid">S-1-5-18</Data><Data Name="SubjectUserName">GW-S-3162$</Data><Data Name="SubjectDomainName">GRAVYWHALE</Data><Data Name="SubjectLogonId">0x3e7</Data><Data Name="TargetUserSid">S-1-5-21-1957994488-2000478354-1284470638-7527</Data><Data Name="TargetUserName">sreeves</Data><Data Name="TargetDomainName">GRAVYWHALE</Data><Data Name="TargetLogonId">0x9a97d8</Data><Data Name="LogonType">2</Data><Data Name="LogonProcessName">User32</Data><Data Name="AuthenticationPackageName">Negotiate</Data><Data Name="WorkstationName">GW-S-3162</Data><Data Name="LogonGuid">{F070F971-BADA-08CF-51FF-03A433E81A32}</Data><Data Name="TransmittedServices">-</Data><Data Name="LmPackageName">-</Data><Data Name="KeyLength">0</Data><Data Name="ProcessId">0xfccc</Data><Data Name="ProcessName">C:\Windows\System32\svchost.exe</Data><Data Name="IpAddress">10.10.4.12</Data><Data Name="IpPort">0</Data><Data Name="ImpersonationLevel">%%1833</Data><Data Name="RestrictedAdminMode">-</Data><Data Name="TargetOutboundUserName">-</Data><Data Name="TargetOutboundDomainName">-</Data><Data Name="VirtualAccount">%%1843</Data><Data Name="TargetLinkedLogonId">0x0</Data><Data Name="ElevatedToken">%%1842</Data></EventData></Event>
